<?xml version="1.0" encoding="UTF-8"?>
<testsuite name="plugins.PublishOverSSHPluginTest" time="144.39" tests="1" errors="1" skipped="0" failures="0">
  <properties>
    <property name="java.runtime.name" value="OpenJDK Runtime Environment"/>
    <property name="sun.boot.library.path" value="/usr/lib/jvm/java-7-openjdk-amd64/jre/lib/amd64"/>
    <property name="java.vm.version" value="24.51-b03"/>
    <property name="java.vm.vendor" value="Oracle Corporation"/>
    <property name="java.vendor.url" value="http://java.oracle.com/"/>
    <property name="path.separator" value=":"/>
    <property name="guice.disable.misplaced.annotation.check" value="true"/>
    <property name="java.vm.name" value="OpenJDK 64-Bit Server VM"/>
    <property name="file.encoding.pkg" value="sun.io"/>
    <property name="user.country" value="US"/>
    <property name="sun.java.launcher" value="SUN_STANDARD"/>
    <property name="sun.os.patch.level" value="unknown"/>
    <property name="test" value="PublishOverSSHPluginTest#ssh_key_path_and_no_password_publishing"/>
    <property name="java.vm.specification.name" value="Java Virtual Machine Specification"/>
    <property name="user.dir" value="/home/hafner/Documents/acceptance-test-harness"/>
    <property name="java.runtime.version" value="1.7.0_55-b14"/>
    <property name="java.awt.graphicsenv" value="sun.awt.X11GraphicsEnvironment"/>
    <property name="java.endorsed.dirs" value="/usr/lib/jvm/java-7-openjdk-amd64/jre/lib/endorsed"/>
    <property name="os.arch" value="amd64"/>
    <property name="java.io.tmpdir" value="/tmp"/>
    <property name="line.separator" value="&#10;"/>
    <property name="java.vm.specification.vendor" value="Oracle Corporation"/>
    <property name="os.name" value="Linux"/>
    <property name="classworlds.conf" value="/home/hafner/Documents/maven/bin/m2.conf"/>
    <property name="sun.jnu.encoding" value="UTF-8"/>
    <property name="java.library.path" value="/usr/java/packages/lib/amd64:/usr/lib/x86_64-linux-gnu/jni:/lib/x86_64-linux-gnu:/usr/lib/x86_64-linux-gnu:/usr/lib/jni:/lib:/usr/lib"/>
    <property name="java.specification.name" value="Java Platform API Specification"/>
    <property name="java.class.version" value="51.0"/>
    <property name="sun.management.compiler" value="HotSpot 64-Bit Tiered Compilers"/>
    <property name="os.version" value="3.13.0-24-generic"/>
    <property name="user.home" value="/home/hafner"/>
    <property name="user.timezone" value="Europe/Berlin"/>
    <property name="java.awt.printerjob" value="sun.print.PSPrinterJob"/>
    <property name="file.encoding" value="UTF-8"/>
    <property name="java.specification.version" value="1.7"/>
    <property name="user.name" value="hafner"/>
    <property name="java.class.path" value="/home/hafner/Documents/maven/boot/plexus-classworlds-2.5.1.jar"/>
    <property name="org.slf4j.simpleLogger.defaultLogLevel" value="info"/>
    <property name="java.vm.specification.version" value="1.7"/>
    <property name="sun.arch.data.model" value="64"/>
    <property name="java.home" value="/usr/lib/jvm/java-7-openjdk-amd64/jre"/>
    <property name="sun.java.command" value="org.codehaus.plexus.classworlds.launcher.Launcher -Dtest=PublishOverSSHPluginTest#ssh_key_path_and_no_password_publishing"/>
    <property name="java.specification.vendor" value="Oracle Corporation"/>
    <property name="user.language" value="en"/>
    <property name="awt.toolkit" value="sun.awt.X11.XToolkit"/>
    <property name="java.vm.info" value="mixed mode"/>
    <property name="java.version" value="1.7.0_55"/>
    <property name="java.ext.dirs" value="/usr/lib/jvm/java-7-openjdk-amd64/jre/lib/ext:/usr/java/packages/lib/ext"/>
    <property name="securerandom.source" value="file:/dev/./urandom"/>
    <property name="sun.boot.class.path" value="/usr/lib/jvm/java-7-openjdk-amd64/jre/lib/resources.jar:/usr/lib/jvm/java-7-openjdk-amd64/jre/lib/rt.jar:/usr/lib/jvm/java-7-openjdk-amd64/jre/lib/sunrsasign.jar:/usr/lib/jvm/java-7-openjdk-amd64/jre/lib/jsse.jar:/usr/lib/jvm/java-7-openjdk-amd64/jre/lib/jce.jar:/usr/lib/jvm/java-7-openjdk-amd64/jre/lib/charsets.jar:/usr/lib/jvm/java-7-openjdk-amd64/jre/lib/netx.jar:/usr/lib/jvm/java-7-openjdk-amd64/jre/lib/plugin.jar:/usr/lib/jvm/java-7-openjdk-amd64/jre/lib/rhino.jar:/usr/lib/jvm/java-7-openjdk-amd64/jre/lib/jfr.jar:/usr/lib/jvm/java-7-openjdk-amd64/jre/classes"/>
    <property name="java.vendor" value="Oracle Corporation"/>
    <property name="maven.home" value="/home/hafner/Documents/maven"/>
    <property name="file.separator" value="/"/>
    <property name="java.vendor.url.bug" value="http://bugreport.sun.com/bugreport/"/>
    <property name="sun.cpu.endian" value="little"/>
    <property name="sun.io.unicode.encoding" value="UnicodeLittle"/>
    <property name="sun.desktop" value="gnome"/>
    <property name="sun.cpu.isalist" value=""/>
  </properties>
  <testcase name="ssh_key_path_and_no_password_publishing" classname="plugins.PublishOverSSHPluginTest" time="144.39">
    <error message="Unable to locate By.xpath: .//tr[@name=&apos;commonConfig&apos;][starts-with(@path,&apos;/jenkins-plugins-publish_over_ssh-BapSshPublisherPlugin/&apos;)] in http://127.0.0.1:61503/configure&#10;&#10;&lt;!DOCTYPE html&gt;&#10;&lt;html xmlns=&quot;http://www.w3.org/1999/xhtml&quot;&gt;&lt;head&gt;&#10;    &#10;&#10;    &lt;title&gt;Configure System [Jenkins]&lt;/title&gt;&lt;link href=&quot;/static/2313d750/css/style.css&quot; type=&quot;text/css&quot; rel=&quot;stylesheet&quot; /&gt;&lt;link href=&quot;/static/2313d750/css/color.css&quot; type=&quot;text/css&quot; rel=&quot;stylesheet&quot; /&gt;&lt;link href=&quot;/static/2313d750/favicon.ico&quot; type=&quot;image/vnd.microsoft.icon&quot; rel=&quot;shortcut icon&quot; /&gt;&lt;script&gt;var isRunAsTest=false; var rootURL=&quot;&quot;; var resURL=&quot;/static/2313d750&quot;;&lt;/script&gt;&lt;script type=&quot;text/javascript&quot; src=&quot;/static/2313d750/scripts/prototype.js&quot;&gt;&lt;/script&gt;&lt;script type=&quot;text/javascript&quot; src=&quot;/static/2313d750/scripts/behavior.js&quot;&gt;&lt;/script&gt;&lt;script type=&quot;text/javascript&quot; src=&quot;/adjuncts/2313d750/org/kohsuke/stapler/bind.js&quot;&gt;&lt;/script&gt;&lt;script src=&quot;/static/2313d750/scripts/yui/yahoo/yahoo-min.js&quot;&gt;&lt;/script&gt;&lt;script src=&quot;/static/2313d750/scripts/yui/dom/dom-min.js&quot;&gt;&lt;/script&gt;&lt;script src=&quot;/static/2313d750/scripts/yui/event/event-min.js&quot;&gt;&lt;/script&gt;&lt;script src=&quot;/static/2313d750/scripts/yui/animation/animation-min.js&quot;&gt;&lt;/script&gt;&lt;script src=&quot;/static/2313d750/scripts/yui/dragdrop/dragdrop-min.js&quot;&gt;&lt;/script&gt;&lt;script src=&quot;/static/2313d750/scripts/yui/container/container-min.js&quot;&gt;&lt;/script&gt;&lt;script src=&quot;/static/2313d750/scripts/yui/connection/connection-min.js&quot;&gt;&lt;/script&gt;&lt;script src=&quot;/static/2313d750/scripts/yui/datasource/datasource-min.js&quot;&gt;&lt;/script&gt;&lt;script src=&quot;/static/2313d750/scripts/yui/autocomplete/autocomplete-min.js&quot;&gt;&lt;/script&gt;&lt;script src=&quot;/static/2313d750/scripts/yui/menu/menu-min.js&quot;&gt;&lt;/script&gt;&lt;script src=&quot;/static/2313d750/scripts/yui/element/element-min.js&quot;&gt;&lt;/script&gt;&lt;script src=&quot;/static/2313d750/scripts/yui/button/button-min.js&quot;&gt;&lt;/script&gt;&lt;script src=&quot;/static/2313d750/scripts/yui/storage/storage-min.js&quot;&gt;&lt;/script&gt;&lt;script type=&quot;text/javascript&quot; src=&quot;/static/2313d750/scripts/hudson-behavior.js&quot;&gt;&lt;/script&gt;&lt;script type=&quot;text/javascript&quot; src=&quot;/static/2313d750/scripts/sortable.js&quot;&gt;&lt;/script&gt;&lt;script&gt;crumb.init(&quot;&quot;, &quot;&quot;);&lt;/script&gt;&lt;link href=&quot;/static/2313d750/scripts/yui/container/assets/container.css&quot; type=&quot;text/css&quot; rel=&quot;stylesheet&quot; /&gt;&lt;link href=&quot;/static/2313d750/scripts/yui/assets/skins/sam/skin.css&quot; type=&quot;text/css&quot; rel=&quot;stylesheet&quot; /&gt;&lt;link href=&quot;/static/2313d750/scripts/yui/container/assets/skins/sam/container.css&quot; type=&quot;text/css&quot; rel=&quot;stylesheet&quot; /&gt;&lt;link href=&quot;/static/2313d750/scripts/yui/button/assets/skins/sam/button.css&quot; type=&quot;text/css&quot; rel=&quot;stylesheet&quot; /&gt;&lt;link href=&quot;/static/2313d750/scripts/yui/menu/assets/skins/sam/menu.css&quot; type=&quot;text/css&quot; rel=&quot;stylesheet&quot; /&gt;&lt;link href=&quot;/opensearch.xml&quot; type=&quot;application/opensearchdescription+xml&quot; rel=&quot;search&quot; title=&quot;Jenkins&quot; /&gt;&lt;meta content=&quot;INDEX,NOFOLLOW&quot; name=&quot;ROBOTS&quot; /&gt;&lt;link href=&quot;/rssAll&quot; type=&quot;application/rss+xml&quot; rel=&quot;alternate&quot; title=&quot;Jenkins:All (all builds)&quot; /&gt;&lt;link href=&quot;/rssAll?flavor=rss20&quot; type=&quot;application/rss+xml&quot; rel=&quot;alternate&quot; title=&quot;Jenkins:All (all builds) (RSS 2.0)&quot; /&gt;&lt;link href=&quot;/rssFailed&quot; type=&quot;application/rss+xml&quot; rel=&quot;alternate&quot; title=&quot;Jenkins:All (failed builds)&quot; /&gt;&lt;link href=&quot;/rssFailed?flavor=rss20&quot; type=&quot;application/rss+xml&quot; rel=&quot;alternate&quot; title=&quot;Jenkins:All (failed builds) (RSS 2.0)&quot; /&gt;&lt;link type=&quot;text/css&quot; href=&quot;/adjuncts/2313d750/lib/form/breadcrumb-config-outline/init.css&quot; rel=&quot;stylesheet&quot; /&gt;&lt;script type=&quot;text/javascript&quot; src=&quot;/adjuncts/2313d750/lib/form/breadcrumb-config-outline/init.js&quot;&gt;&lt;/script&gt;&lt;script src=&quot;/static/2313d750/scripts/yui/cookie/cookie-min.js&quot;&gt;&lt;/script&gt;&lt;/head&gt;&lt;body class=&quot;yui-skin-sam&quot; id=&quot;jenkins jenkins-1.560&quot;&gt;&lt;div id=&quot;tt&quot; class=&quot;yui-module yui-overlay yui-tt yui-overlay-hidden&quot; style=&quot;z-index: 999; visibility: hidden;&quot;&gt;&lt;div class=&quot;bd&quot;&gt;&lt;/div&gt;&lt;/div&gt;&lt;iframe id=&quot;_yuiResizeMonitor&quot; title=&quot;Text Resize Monitor&quot; tabindex=&quot;-1&quot; role=&quot;presentation&quot; style=&quot;position: absolute; visibility: visible; background-color: transparent; border-width: 0px; width: 2em; height: 2em; left: 0px; top: -23px;&quot;&gt;&lt;/iframe&gt;&lt;div class=&quot;yui-panel-container shadow yui-overlay-hidden&quot; id=&quot;wait3_c&quot; style=&quot;visibility: hidden; left: 425px; top: 204px; z-index: 4;&quot;&gt;&lt;div id=&quot;wait3&quot; class=&quot;yui-module yui-overlay yui-panel&quot; style=&quot;visibility: inherit;&quot;&gt;&lt;a class=&quot;container-close&quot; href=&quot;#&quot;&gt;Close&lt;/a&gt;&lt;div class=&quot;hd&quot; style=&quot;cursor: move;&quot; id=&quot;wait3_h&quot;&gt;Error&lt;/div&gt;&lt;div class=&quot;bd&quot;&gt;&lt;div id=&quot;container2&quot;&gt;&lt;/div&gt;&lt;/div&gt;&lt;/div&gt;&lt;/div&gt;&lt;a class=&quot;skiplink&quot; href=&quot;#skip2content&quot;&gt;Skip to content&lt;/a&gt;&lt;table width=&quot;100%&quot; cellspacing=&quot;0&quot; cellpadding=&quot;0&quot; border=&quot;0&quot; id=&quot;header&quot;&gt;&lt;tbody&gt;&lt;tr&gt;&lt;td colspan=&quot;2&quot; id=&quot;top-panel&quot;&gt;&lt;table width=&quot;100%&quot; cellspacing=&quot;0&quot; cellpadding=&quot;0&quot; border=&quot;0&quot;&gt;&lt;tbody&gt;&lt;tr&gt;&lt;td style=&quot;font-weight:bold; font-size: 2em;&quot;&gt;&lt;a href=&quot;/&quot; id=&quot;jenkins-home-link&quot;&gt;&lt;img width=&quot;139&quot; height=&quot;34&quot; src=&quot;/static/2313d750/images/title.png&quot; alt=&quot;title&quot; id=&quot;jenkins-home-icon&quot; /&gt;&lt;/a&gt;&lt;/td&gt;&lt;td style=&quot;vertical-align: middle; text-align: right; padding-right: 1em;&quot;&gt;&lt;form method=&quot;get&quot; class=&quot;no-json&quot; action=&quot;/search/&quot; name=&quot;search&quot; style=&quot;position:relative;&quot; path=&quot;&quot;&gt;&lt;div id=&quot;search-box-minWidth&quot; style=&quot;font-family: Verdana,Helvetica,sans serif; font-size: 11px; font-style: normal; font-weight: 400;&quot;&gt;&lt;/div&gt;&lt;div id=&quot;search-box-sizer&quot; style=&quot;font-family: Verdana,Helvetica,sans serif; font-size: 11px; font-style: normal; font-weight: 400;&quot;&gt;&lt;/div&gt;&lt;div id=&quot;searchform&quot; class=&quot;yui-ac&quot;&gt;&lt;input class=&quot;has-default-text yui-ac-input defaulted&quot; name=&quot;q&quot; placeholder=&quot;search&quot; id=&quot;search-box&quot; autocomplete=&quot;off&quot; style=&quot;width: 225px;&quot; path=&quot;/q&quot; /&gt; &lt;a href=&quot;http://wiki.jenkins-ci.org/display/JENKINS/Search+Box&quot;&gt;&lt;img width=&quot;16&quot; height=&quot;16&quot; src=&quot;/static/2313d750/images/16x16/help.png&quot; alt=&quot;help for search&quot; /&gt;&lt;/a&gt;&lt;div id=&quot;search-box-completion&quot; class=&quot;yui-ac-container&quot; style=&quot;width: 225px; left: 330px; top: 21px;&quot;&gt;&lt;div class=&quot;yui-ac-content&quot; style=&quot;display: none; width: 225px;&quot;&gt;&lt;div class=&quot;yui-ac-hd&quot; style=&quot;display: none;&quot;&gt;&lt;/div&gt;&lt;div class=&quot;yui-ac-bd&quot;&gt;&lt;ul&gt;&lt;li style=&quot;display: none;&quot;&gt;&lt;/li&gt;&lt;li style=&quot;display: none;&quot;&gt;&lt;/li&gt;&lt;li style=&quot;display: none;&quot;&gt;&lt;/li&gt;&lt;li style=&quot;display: none;&quot;&gt;&lt;/li&gt;&lt;li style=&quot;display: none;&quot;&gt;&lt;/li&gt;&lt;li style=&quot;display: none;&quot;&gt;&lt;/li&gt;&lt;li style=&quot;display: none;&quot;&gt;&lt;/li&gt;&lt;li style=&quot;display: none;&quot;&gt;&lt;/li&gt;&lt;li style=&quot;display: none;&quot;&gt;&lt;/li&gt;&lt;li style=&quot;display: none;&quot;&gt;&lt;/li&gt;&lt;/ul&gt;&lt;/div&gt;&lt;div class=&quot;yui-ac-ft&quot; style=&quot;display: none;&quot;&gt;&lt;/div&gt;&lt;/div&gt;&lt;/div&gt;&lt;script&gt;createSearchBox(&quot;/search/&quot;);&lt;/script&gt;&lt;/div&gt;&lt;/form&gt;&lt;/td&gt;&lt;td id=&quot;login-field&quot;&gt;&lt;span&gt;&lt;/span&gt;&lt;/td&gt;&lt;/tr&gt;&lt;/tbody&gt;&lt;/table&gt;&lt;/td&gt;&lt;/tr&gt;&lt;tr id=&quot;top-nav&quot;&gt;&lt;td colspan=&quot;2&quot; id=&quot;left-top-nav&quot;&gt;&lt;link type=&quot;text/css&quot; href=&quot;/adjuncts/2313d750/lib/layout/breadcrumbs.css&quot; rel=&quot;stylesheet&quot; /&gt;&lt;script type=&quot;text/javascript&quot; src=&quot;/adjuncts/2313d750/lib/layout/breadcrumbs.js&quot;&gt;&lt;/script&gt;&lt;div style=&quot;height: 23px;&quot;&gt;&lt;/div&gt;&lt;div class=&quot;top-sticker noedge&quot; style=&quot;position: fixed; top: 34px; left: 0px;&quot;&gt;&lt;div class=&quot;top-sticker-edge&quot;&gt;&lt;/div&gt;&lt;div class=&quot;top-sticker-inner&quot;&gt;&lt;div id=&quot;right-top-nav&quot;&gt;&lt;/div&gt;&lt;ul id=&quot;breadcrumbs&quot;&gt;&lt;li class=&quot;item&quot;&gt;&lt;a href=&quot;/&quot; class=&quot;model-link inside&quot;&gt;Jenkins&lt;/a&gt;&lt;/li&gt;&lt;li href=&quot;/&quot; class=&quot;children&quot;&gt;&lt;/li&gt;&lt;li class=&quot;item&quot; id=&quot;inpage-nav&quot;&gt;&lt;a class=&quot;model-link inside&quot;&gt;configuration&lt;/a&gt;&lt;/li&gt;&lt;/ul&gt;&lt;div id=&quot;breadcrumb-menu-target&quot;&gt;&lt;/div&gt;&lt;/div&gt;&lt;/div&gt;&lt;/td&gt;&lt;/tr&gt;&lt;/tbody&gt;&lt;/table&gt;&lt;div id=&quot;menuSelector&quot;&gt;&lt;/div&gt;&lt;table width=&quot;100%&quot; height=&quot;70%&quot; border=&quot;0&quot; style=&quot;background-image: url(/static/2313d750/images/jenkins.png);                background-repeat: no-repeat; background-position: bottom left;&quot; id=&quot;main-table&quot;&gt;&lt;tbody&gt;&lt;tr&gt;&lt;td width=&quot;20%&quot; id=&quot;side-panel&quot;&gt;&lt;div style=&quot;min-height: 323px; height: auto !important; height: 323px;&quot; id=&quot;navigation&quot;&gt;&lt;div id=&quot;tasks&quot;&gt;&lt;div class=&quot;task&quot;&gt;&#10;          &#10;&#10;          &lt;a href=&quot;/view/All/newJob&quot; class=&quot;task-icon-link&quot;&gt;&lt;img width=&quot;24&quot; height=&quot;24&quot; src=&quot;/static/2313d750/images/24x24/new-package.png&quot; class=&quot;task-icon&quot; alt=&quot;&quot; style=&quot;margin: 2px;&quot; /&gt;&lt;/a&gt; &lt;a href=&quot;/view/All/newJob&quot; class=&quot;task-link&quot;&gt;New Item&lt;/a&gt;&lt;/div&gt;&lt;div class=&quot;task&quot;&gt;&#10;          &#10;&#10;          &lt;a href=&quot;/asynchPeople/&quot; class=&quot;task-icon-link&quot;&gt;&lt;img width=&quot;24&quot; height=&quot;24&quot; src=&quot;/static/2313d750/images/24x24/user.png&quot; class=&quot;task-icon&quot; alt=&quot;&quot; style=&quot;margin: 2px;&quot; /&gt;&lt;/a&gt; &lt;a href=&quot;/asynchPeople/&quot; class=&quot;task-link&quot;&gt;People&lt;/a&gt;&lt;/div&gt;&lt;div class=&quot;task&quot;&gt;&#10;          &#10;&#10;          &lt;a href=&quot;/view/All/builds&quot; class=&quot;task-icon-link&quot;&gt;&lt;img width=&quot;24&quot; height=&quot;24&quot; src=&quot;/static/2313d750/images/24x24/notepad.png&quot; class=&quot;task-icon&quot; alt=&quot;&quot; style=&quot;margin: 2px;&quot; /&gt;&lt;/a&gt; &lt;a href=&quot;/view/All/builds&quot; class=&quot;task-link&quot;&gt;Build History&lt;/a&gt;&lt;/div&gt;&lt;div class=&quot;task&quot;&gt;&#10;          &#10;&#10;          &lt;a href=&quot;/manage&quot; class=&quot;task-icon-link&quot;&gt;&lt;img width=&quot;24&quot; height=&quot;24&quot; src=&quot;/static/2313d750/images/24x24/setting.png&quot; class=&quot;task-icon&quot; alt=&quot;&quot; style=&quot;margin: 2px;&quot; /&gt;&lt;/a&gt; &lt;a href=&quot;/manage&quot; class=&quot;task-link&quot;&gt;Manage Jenkins&lt;/a&gt;&lt;/div&gt;&lt;div class=&quot;task&quot;&gt;&#10;          &#10;&#10;          &lt;a href=&quot;/credential-store&quot; class=&quot;task-icon-link&quot;&gt;&lt;img width=&quot;24&quot; height=&quot;24&quot; src=&quot;/static/2313d750/plugin/credentials/images/48x48/credentials.png&quot; class=&quot;task-icon&quot; alt=&quot;&quot; style=&quot;margin: 2px;&quot; /&gt;&lt;/a&gt; &lt;a href=&quot;/credential-store&quot; class=&quot;task-link&quot;&gt;Credentials&lt;/a&gt;&lt;/div&gt;&lt;/div&gt;&lt;table class=&quot;pane&quot; id=&quot;buildQueue&quot;&gt;&lt;tbody&gt;&lt;tr&gt;&lt;td class=&quot;pane-header&quot; colspan=&quot;2&quot;&gt;&lt;div&gt;Build Queue&lt;a href=&quot;/toggleCollapse?paneId=buildQueue&quot; class=&quot;collapse&quot; title=&quot;collapse&quot;&gt;&lt;img src=&quot;/static/2313d750/images/16x16/collapse.png&quot; class=&quot;icon16x16&quot; alt=&quot;collapse&quot; /&gt;&lt;/a&gt;&lt;/div&gt;&lt;/td&gt;&lt;/tr&gt;&lt;tr&gt;&lt;td colspan=&quot;2&quot; class=&quot;pane&quot;&gt;No builds in the queue.&lt;/td&gt;&lt;/tr&gt;&lt;/tbody&gt;&lt;/table&gt;&lt;script defer=&quot;defer&quot;&gt;refreshPart(&apos;buildQueue&apos;,&quot;/ajaxBuildQueue&quot;);&lt;/script&gt;&lt;table class=&quot;pane&quot; id=&quot;executors&quot;&gt;&lt;tbody&gt;&lt;tr&gt;&lt;td class=&quot;pane-header&quot; colspan=&quot;3&quot;&gt;&lt;div&gt;&lt;a href=&quot;/computer/&quot;&gt;Build Executor Status&lt;/a&gt;&lt;a href=&quot;/toggleCollapse?paneId=executors&quot; class=&quot;collapse&quot; title=&quot;collapse&quot;&gt;&lt;img src=&quot;/static/2313d750/images/16x16/collapse.png&quot; class=&quot;icon16x16&quot; alt=&quot;collapse&quot; /&gt;&lt;/a&gt;&lt;/div&gt;&lt;/td&gt;&lt;/tr&gt;&lt;/tbody&gt;&lt;colgroup&gt;&lt;col width=&quot;1*&quot; /&gt;&lt;col width=&quot;200*&quot; /&gt;&lt;col width=&quot;24&quot; /&gt;&lt;/colgroup&gt;&lt;tbody&gt;&lt;tr&gt;&lt;th class=&quot;pane&quot;&gt;#&lt;/th&gt;&lt;th colspan=&quot;2&quot; class=&quot;pane&quot;&gt;&lt;div style=&quot;margin-right:19px&quot;&gt;Status&lt;/div&gt;&lt;/th&gt;&lt;/tr&gt;&lt;tr&gt;&lt;/tr&gt;&lt;tr&gt;&lt;td align=&quot;right&quot; style=&quot;vertical-align: top&quot; class=&quot;pane&quot;&gt;1&lt;/td&gt;&lt;td class=&quot;pane&quot;&gt;Idle&lt;/td&gt;&lt;td class=&quot;pane&quot;&gt;&lt;/td&gt;&lt;/tr&gt;&lt;tr&gt;&lt;td align=&quot;right&quot; style=&quot;vertical-align: top&quot; class=&quot;pane&quot;&gt;2&lt;/td&gt;&lt;td class=&quot;pane&quot;&gt;Idle&lt;/td&gt;&lt;td class=&quot;pane&quot;&gt;&lt;/td&gt;&lt;/tr&gt;&lt;/tbody&gt;&lt;/table&gt;&lt;script defer=&quot;defer&quot;&gt;refreshPart(&apos;executors&apos;,&quot;/ajaxExecutors&quot;);&lt;/script&gt;&lt;/div&gt;&lt;/td&gt;&lt;td width=&quot;80%&quot; height=&quot;100%&quot; id=&quot;main-panel&quot;&gt;&lt;a name=&quot;skip2content&quot;&gt;&lt;/a&gt;&lt;div class=&quot;behavior-loading&quot; style=&quot;display: none;&quot;&gt;LOADING&lt;/div&gt;&lt;form method=&quot;post&quot; action=&quot;configSubmit&quot; name=&quot;config&quot; path=&quot;&quot;&gt;&lt;table width=&quot;100%&quot;&gt;&lt;tbody&gt;&lt;tr&gt;&lt;td class=&quot;setting-leftspace&quot;&gt; &lt;/td&gt;&lt;td class=&quot;setting-name&quot;&gt;Home directory&lt;/td&gt;&lt;td class=&quot;setting-main&quot;&gt;/home/hafner/Documents/acceptance-test-harness/target/jenkins2417964082362435880home&lt;/td&gt;&lt;td class=&quot;setting-help&quot;&gt;&lt;a helpurl=&quot;/help/system-config/homeDirectory.html&quot; href=&quot;#&quot; class=&quot;help-button&quot; tabindex=&quot;9999&quot;&gt;&lt;img width=&quot;16&quot; height=&quot;16&quot; src=&quot;/static/2313d750/images/16x16/help.png&quot; alt=&quot;Help for feature: Home directory&quot; /&gt;&lt;/a&gt;&lt;/td&gt;&lt;/tr&gt;&lt;tr class=&quot;validation-error-area&quot;&gt;&lt;td colspan=&quot;2&quot;&gt;&lt;/td&gt;&lt;td&gt;&lt;/td&gt;&lt;/tr&gt;&lt;tr class=&quot;help-area&quot;&gt;&lt;td&gt;&lt;/td&gt;&lt;td colspan=&quot;2&quot;&gt;&lt;div class=&quot;help&quot;&gt;Loading...&lt;/div&gt;&lt;/td&gt;&lt;td&gt;&lt;/td&gt;&lt;/tr&gt;&lt;tr&gt;&lt;td&gt;&lt;/td&gt;&lt;td&gt;&lt;/td&gt;&lt;td&gt;&lt;script type=&quot;text/javascript&quot; src=&quot;/adjuncts/2313d750/lib/form/advanced/advanced.js&quot;&gt;&lt;/script&gt;&lt;div class=&quot;advancedLink&quot; style=&quot;&quot;&gt;&lt;span style=&quot;&quot; id=&quot;id81&quot;&gt;&lt;img tooltip=&quot;One or more fields in this block have been edited.&quot; src=&quot;/static/2313d750/images/16x16/document_edit.png&quot; alt=&quot;One or more fields in this block have been edited.&quot; style=&quot;vertical-align: super&quot; title=&quot;One or more fields in this block have been edited.&quot; /&gt;&lt;/span&gt;&lt;span class=&quot;yui-button yui-push-button advanced-button advancedButton&quot; id=&quot;yui-gen1&quot; name=&quot;&quot;&gt;&lt;span class=&quot;first-child&quot;&gt;&lt;button type=&quot;button&quot; tabindex=&quot;0&quot; id=&quot;yui-gen1-button&quot; path=&quot;/advanced-button&quot;&gt;Advanced...&lt;/button&gt;&lt;/span&gt;&lt;/span&gt;&lt;/div&gt;&lt;table class=&quot;advancedBody&quot;&gt;&lt;tbody&gt;&lt;tr&gt;&lt;td class=&quot;setting-leftspace&quot;&gt; &lt;/td&gt;&lt;td class=&quot;setting-name&quot;&gt;Workspace Root Directory&lt;/td&gt;&lt;td class=&quot;setting-main&quot;&gt;&#10;   &#10;&#10;  &#10;  &lt;input type=&quot;text&quot; class=&quot;setting-input   &quot; value=&quot;${ITEM_ROOTDIR}/workspace&quot; name=&quot;_.rawWorkspaceDir&quot; path=&quot;/rawWorkspaceDir&quot; /&gt;&lt;/td&gt;&lt;td class=&quot;setting-help&quot;&gt;&lt;a helpurl=&quot;/descriptor/jenkins.model.Jenkins/help/rawWorkspaceDir&quot; href=&quot;#&quot; class=&quot;help-button&quot; tabindex=&quot;9999&quot;&gt;&lt;img width=&quot;16&quot; height=&quot;16&quot; src=&quot;/static/2313d750/images/16x16/help.png&quot; alt=&quot;Help for feature: Workspace Root Directory&quot; /&gt;&lt;/a&gt;&lt;/td&gt;&lt;/tr&gt;&lt;tr class=&quot;validation-error-area&quot;&gt;&lt;td colspan=&quot;2&quot;&gt;&lt;/td&gt;&lt;td&gt;&lt;/td&gt;&lt;/tr&gt;&lt;tr class=&quot;help-area&quot;&gt;&lt;td&gt;&lt;/td&gt;&lt;td colspan=&quot;2&quot;&gt;&lt;div class=&quot;help&quot;&gt;Loading...&lt;/div&gt;&lt;/td&gt;&lt;td&gt;&lt;/td&gt;&lt;/tr&gt;&lt;tr&gt;&lt;td class=&quot;setting-leftspace&quot;&gt; &lt;/td&gt;&lt;td class=&quot;setting-name&quot;&gt;Build Record Root Directory&lt;/td&gt;&lt;td class=&quot;setting-main&quot;&gt;&#10;   &#10;&#10;  &#10;  &lt;input type=&quot;text&quot; class=&quot;setting-input validated  &quot; value=&quot;${ITEM_ROOTDIR}/builds&quot; name=&quot;_.rawBuildsDir&quot; checkurl=&quot;/descriptorByName/jenkins.model.Jenkins/checkRawBuildsDir&quot; checkdependson=&quot;&quot; path=&quot;/rawBuildsDir&quot; /&gt;&lt;/td&gt;&lt;td class=&quot;setting-help&quot;&gt;&lt;a helpurl=&quot;/descriptor/jenkins.model.Jenkins/help/rawBuildsDir&quot; href=&quot;#&quot; class=&quot;help-button&quot; tabindex=&quot;9999&quot;&gt;&lt;img width=&quot;16&quot; height=&quot;16&quot; src=&quot;/static/2313d750/images/16x16/help.png&quot; alt=&quot;Help for feature: Build Record Root Directory&quot; /&gt;&lt;/a&gt;&lt;/td&gt;&lt;/tr&gt;&lt;tr class=&quot;validation-error-area&quot;&gt;&lt;td colspan=&quot;2&quot;&gt;&lt;/td&gt;&lt;td&gt;&lt;div&gt;&lt;/div&gt;&lt;/td&gt;&lt;/tr&gt;&lt;tr class=&quot;help-area&quot;&gt;&lt;td&gt;&lt;/td&gt;&lt;td colspan=&quot;2&quot;&gt;&lt;div class=&quot;help&quot;&gt;Loading...&lt;/div&gt;&lt;/td&gt;&lt;td&gt;&lt;/td&gt;&lt;/tr&gt;&lt;/tbody&gt;&lt;/table&gt;&lt;script&gt;{&#10;                      var span = $(&apos;id81&apos;);&#10;                      if (span != null) {&#10;                          span.style.display = &apos;&apos;;&#10;                      } else if (console &amp;amp;&amp;amp; console.log) {&#10;                          console.log(&apos;no element id81 for [_.rawBuildsDir, _.rawWorkspaceDir]&apos;);&#10;                      }&#10;                  }&lt;/script&gt;&lt;/td&gt;&lt;/tr&gt;&lt;tr&gt;&lt;td class=&quot;setting-leftspace&quot;&gt; &lt;/td&gt;&lt;td class=&quot;setting-name&quot;&gt;System Message&lt;/td&gt;&lt;td class=&quot;setting-main&quot;&gt;&lt;script type=&quot;text/javascript&quot; src=&quot;/adjuncts/2313d750/lib/form/textarea/textarea.js&quot;&gt;&lt;/script&gt;&lt;textarea rows=&quot;5&quot; class=&quot;setting-input   &quot; name=&quot;system_message&quot; path=&quot;/system_message&quot;&gt;&lt;/textarea&gt;&lt;div class=&quot;textarea-handle&quot;&gt;&lt;/div&gt;&lt;div class=&quot;textarea-preview-container&quot;&gt;&#10;        [Escaped HTML] &lt;a href=&quot;#&quot; class=&quot;textarea-show-preview&quot; previewendpoint=&quot;/markupFormatter/previewDescription&quot;&gt;Preview&lt;/a&gt; &lt;a class=&quot;textarea-hide-preview&quot; href=&quot;#&quot; style=&quot;display: none;&quot;&gt;Hide preview&lt;/a&gt;&lt;div class=&quot;textarea-preview&quot; style=&quot;display: none;&quot;&gt;&lt;/div&gt;&lt;/div&gt;&lt;/td&gt;&lt;td class=&quot;setting-help&quot;&gt;&lt;a helpurl=&quot;/help/system-config/systemMessage.html&quot; href=&quot;#&quot; class=&quot;help-button&quot; tabindex=&quot;9999&quot;&gt;&lt;img width=&quot;16&quot; height=&quot;16&quot; src=&quot;/static/2313d750/images/16x16/help.png&quot; alt=&quot;Help for feature: System Message&quot; /&gt;&lt;/a&gt;&lt;/td&gt;&lt;/tr&gt;&lt;tr class=&quot;validation-error-area&quot;&gt;&lt;td colspan=&quot;2&quot;&gt;&lt;/td&gt;&lt;td&gt;&lt;/td&gt;&lt;/tr&gt;&lt;tr class=&quot;help-area&quot;&gt;&lt;td&gt;&lt;/td&gt;&lt;td colspan=&quot;2&quot;&gt;&lt;div class=&quot;help&quot;&gt;Loading...&lt;/div&gt;&lt;/td&gt;&lt;td&gt;&lt;/td&gt;&lt;/tr&gt;&lt;tr class=&quot;row-set-start&quot; name=&quot;jenkins-model-MasterBuildConfiguration&quot; style=&quot;display:none&quot; id=&quot;rowSetStart12&quot; path=&quot;/jenkins-model-MasterBuildConfiguration&quot;&gt;&lt;/tr&gt;&lt;tr nameref=&quot;rowSetStart12&quot;&gt;&lt;td class=&quot;setting-leftspace&quot;&gt; &lt;/td&gt;&lt;td class=&quot;setting-name&quot;&gt;# of executors&lt;/td&gt;&lt;td class=&quot;setting-main&quot;&gt;&lt;input type=&quot;number&quot; class=&quot;setting-input  number&quot; value=&quot;2&quot; name=&quot;_.numExecutors&quot; step=&quot;1&quot; min=&quot;0&quot; path=&quot;/jenkins-model-MasterBuildConfiguration/numExecutors&quot; /&gt;&lt;/td&gt;&lt;/tr&gt;&lt;tr class=&quot;validation-error-area&quot; nameref=&quot;rowSetStart12&quot;&gt;&lt;td colspan=&quot;2&quot;&gt;&lt;/td&gt;&lt;td&gt;&lt;/td&gt;&lt;/tr&gt;&lt;tr class=&quot;row-set-end&quot;&gt;&lt;/tr&gt;&lt;tr class=&quot;row-set-start&quot; name=&quot;jenkins-model-GlobalQuietPeriodConfiguration&quot; style=&quot;display:none&quot; id=&quot;rowSetStart13&quot; path=&quot;/jenkins-model-GlobalQuietPeriodConfiguration&quot;&gt;&lt;/tr&gt;&lt;tr nameref=&quot;rowSetStart13&quot;&gt;&lt;td class=&quot;setting-leftspace&quot;&gt; &lt;/td&gt;&lt;td class=&quot;setting-name&quot;&gt;Quiet period&lt;/td&gt;&lt;td class=&quot;setting-main&quot;&gt;&lt;input type=&quot;number&quot; class=&quot;setting-input  number&quot; value=&quot;5&quot; name=&quot;_.quietPeriod&quot; min=&quot;0&quot; path=&quot;/jenkins-model-GlobalQuietPeriodConfiguration/quietPeriod&quot; /&gt;&lt;/td&gt;&lt;td class=&quot;setting-help&quot;&gt;&lt;a helpurl=&quot;/descriptor/jenkins.model.GlobalQuietPeriodConfiguration/help/quietPeriod&quot; href=&quot;#&quot; class=&quot;help-button&quot; tabindex=&quot;9999&quot;&gt;&lt;img width=&quot;16&quot; height=&quot;16&quot; src=&quot;/static/2313d750/images/16x16/help.png&quot; alt=&quot;Help for feature: Quiet period&quot; /&gt;&lt;/a&gt;&lt;/td&gt;&lt;/tr&gt;&lt;tr class=&quot;validation-error-area&quot; nameref=&quot;rowSetStart13&quot;&gt;&lt;td colspan=&quot;2&quot;&gt;&lt;/td&gt;&lt;td&gt;&lt;/td&gt;&lt;/tr&gt;&lt;tr class=&quot;help-area&quot; nameref=&quot;rowSetStart13&quot;&gt;&lt;td&gt;&lt;/td&gt;&lt;td colspan=&quot;2&quot;&gt;&lt;div class=&quot;help&quot;&gt;Loading...&lt;/div&gt;&lt;/td&gt;&lt;td&gt;&lt;/td&gt;&lt;/tr&gt;&lt;tr class=&quot;row-set-end&quot;&gt;&lt;/tr&gt;&lt;tr class=&quot;row-set-start&quot; name=&quot;jenkins-model-GlobalSCMRetryCountConfiguration&quot; style=&quot;display:none&quot; id=&quot;rowSetStart14&quot; path=&quot;/jenkins-model-GlobalSCMRetryCountConfiguration&quot;&gt;&lt;/tr&gt;&lt;tr nameref=&quot;rowSetStart14&quot;&gt;&lt;td class=&quot;setting-leftspace&quot;&gt; &lt;/td&gt;&lt;td class=&quot;setting-name&quot;&gt;SCM checkout retry count&lt;/td&gt;&lt;td class=&quot;setting-main&quot;&gt;&lt;input type=&quot;number&quot; class=&quot;setting-input  number&quot; value=&quot;0&quot; name=&quot;_.scmCheckoutRetryCount&quot; min=&quot;0&quot; path=&quot;/jenkins-model-GlobalSCMRetryCountConfiguration/scmCheckoutRetryCount&quot; /&gt;&lt;/td&gt;&lt;/tr&gt;&lt;tr class=&quot;validation-error-area&quot; nameref=&quot;rowSetStart14&quot;&gt;&lt;td colspan=&quot;2&quot;&gt;&lt;/td&gt;&lt;td&gt;&lt;/td&gt;&lt;/tr&gt;&lt;tr class=&quot;row-set-end&quot;&gt;&lt;/tr&gt;&lt;tr class=&quot;row-set-start&quot; name=&quot;hudson-views-ViewsTabBar$GlobalConfigurationImpl&quot; style=&quot;display:none&quot; id=&quot;rowSetStart15&quot;&gt;&lt;/tr&gt;&lt;tr class=&quot;row-set-end&quot;&gt;&lt;/tr&gt;&lt;tr class=&quot;row-set-start&quot; name=&quot;hudson-views-MyViewsTabBar$GlobalConfigurationImpl&quot; style=&quot;display:none&quot; id=&quot;rowSetStart16&quot;&gt;&lt;/tr&gt;&lt;tr class=&quot;row-set-end&quot;&gt;&lt;/tr&gt;&lt;tr class=&quot;row-set-start&quot; name=&quot;hudson-views-GlobalDefaultViewConfiguration&quot; style=&quot;display:none&quot; id=&quot;rowSetStart17&quot;&gt;&lt;/tr&gt;&lt;tr class=&quot;row-set-end&quot;&gt;&lt;/tr&gt;&lt;tr class=&quot;row-set-start&quot; name=&quot;jenkins-model-GlobalProjectNamingStrategyConfiguration&quot; style=&quot;display:none&quot; id=&quot;rowSetStart18&quot; path=&quot;/jenkins-model-GlobalProjectNamingStrategyConfiguration&quot;&gt;&lt;/tr&gt;&lt;tr hashelp=&quot;false&quot; class=&quot;optional-block-start row-set-start&quot; ref=&quot;cb4&quot; nameref=&quot;rowSetStart18&quot;&gt;&lt;td colspan=&quot;3&quot;&gt;&lt;input type=&quot;checkbox&quot; onclick=&quot;javascript:updateOptionalBlock(this,true)&quot; class=&quot; &quot; name=&quot;_.useProjectNamingStrategy&quot; id=&quot;cb4&quot; path=&quot;/jenkins-model-GlobalProjectNamingStrategyConfiguration/useProjectNamingStrategy&quot; /&gt;&lt;label class=&quot;attach-previous&quot;&gt;Restrict project naming&lt;/label&gt;&lt;/td&gt;&lt;/tr&gt;&lt;tr class=&quot;rowvg-start&quot; nameref=&quot;cb4&quot; style=&quot;display: none;&quot;&gt;&lt;/tr&gt;&lt;tr nameref=&quot;cb4&quot; style=&quot;display: none;&quot;&gt;&lt;td class=&quot;setting-leftspace&quot;&gt; &lt;/td&gt;&lt;td class=&quot;setting-name&quot;&gt;Naming Strategy&lt;/td&gt;&lt;td class=&quot;setting-main&quot;&gt;&lt;link type=&quot;text/css&quot; href=&quot;/adjuncts/2313d750/lib/form/section_.css&quot; rel=&quot;stylesheet&quot; /&gt;&lt;table style=&quot;width:100%&quot;&gt;&lt;script type=&quot;text/javascript&quot; src=&quot;/adjuncts/2313d750/lib/form/section_.js&quot;&gt;&lt;/script&gt;&lt;tbody&gt;&lt;tr&gt;&lt;td colspan=&quot;3&quot;&gt;&lt;div class=&quot;section-header&quot;&gt;&lt;a class=&quot;section-anchor&quot; id=&quot;section40&quot;&gt;#&lt;/a&gt;Strategy&lt;/div&gt;&lt;/td&gt;&lt;/tr&gt;&lt;script type=&quot;text/javascript&quot; src=&quot;/adjuncts/2313d750/lib/form/radioBlock/radioBlock.js&quot;&gt;&lt;/script&gt;&lt;tr hashelp=&quot;true&quot; class=&quot;radio-block-start row-set-start&quot; ref=&quot;radio-block-0&quot;&gt;&lt;td colspan=&quot;3&quot;&gt;&lt;label&gt;&lt;input type=&quot;radio&quot; checked=&quot;true&quot; class=&quot;radio-block-control&quot; value=&quot;0&quot; name=&quot;namingStrategy&quot; id=&quot;radio-block-0&quot; /&gt;&#10;        Default&#10;      &lt;/label&gt;&lt;/td&gt;&lt;td&gt;&lt;a helpurl=&quot;/help/system-config/defaultJobNamingStrategy.html&quot; href=&quot;#&quot; class=&quot;help-button&quot; tabindex=&quot;9999&quot;&gt;&lt;img width=&quot;16&quot; height=&quot;16&quot; src=&quot;/static/2313d750/images/16x16/help.png&quot; alt=&quot;Help for feature: Default&quot; /&gt;&lt;/a&gt;&lt;/td&gt;&lt;/tr&gt;&lt;tr class=&quot;help-area&quot; nameref=&quot;radio-block-0&quot;&gt;&lt;td&gt;&lt;/td&gt;&lt;td colspan=&quot;2&quot;&gt;&lt;div class=&quot;help&quot;&gt;Loading...&lt;/div&gt;&lt;/td&gt;&lt;td&gt;&lt;/td&gt;&lt;/tr&gt;&lt;tr style=&quot;&quot; nameref=&quot;radio-block-0&quot;&gt;&lt;td&gt;&lt;input type=&quot;hidden&quot; value=&quot;jenkins.model.ProjectNamingStrategy$DefaultProjectNamingStrategy&quot; name=&quot;stapler-class&quot; /&gt;&lt;/td&gt;&lt;/tr&gt;&lt;tr class=&quot;row-set-end radio-block-end&quot; style=&quot;display:none&quot;&gt;&lt;/tr&gt;&lt;tr hashelp=&quot;true&quot; class=&quot;radio-block-start row-set-start&quot; ref=&quot;radio-block-1&quot;&gt;&lt;td colspan=&quot;3&quot;&gt;&lt;label&gt;&lt;input type=&quot;radio&quot; class=&quot;radio-block-control&quot; value=&quot;1&quot; name=&quot;namingStrategy&quot; id=&quot;radio-block-1&quot; /&gt;&#10;        Pattern&#10;      &lt;/label&gt;&lt;/td&gt;&lt;td&gt;&lt;a helpurl=&quot;/help/system-config/patternJobNamingStrategy.html&quot; href=&quot;#&quot; class=&quot;help-button&quot; tabindex=&quot;9999&quot;&gt;&lt;img width=&quot;16&quot; height=&quot;16&quot; src=&quot;/static/2313d750/images/16x16/help.png&quot; alt=&quot;Help for feature: Pattern&quot; /&gt;&lt;/a&gt;&lt;/td&gt;&lt;/tr&gt;&lt;tr class=&quot;help-area&quot; nameref=&quot;radio-block-1&quot;&gt;&lt;td&gt;&lt;/td&gt;&lt;td colspan=&quot;2&quot;&gt;&lt;div class=&quot;help&quot;&gt;Loading...&lt;/div&gt;&lt;/td&gt;&lt;td&gt;&lt;/td&gt;&lt;/tr&gt;&lt;tr style=&quot;display:none&quot; nameref=&quot;radio-block-1&quot;&gt;&lt;td&gt;&lt;input type=&quot;hidden&quot; value=&quot;jenkins.model.ProjectNamingStrategy$PatternProjectNamingStrategy&quot; name=&quot;stapler-class&quot; /&gt;&lt;/td&gt;&lt;/tr&gt;&lt;tr style=&quot;display: none;&quot; nameref=&quot;radio-block-1&quot;&gt;&lt;td class=&quot;setting-leftspace&quot;&gt; &lt;/td&gt;&lt;td class=&quot;setting-name&quot;&gt;Name Pattern&lt;/td&gt;&lt;td class=&quot;setting-main&quot;&gt;&#10;   &#10;&#10;  &#10;  &lt;input type=&quot;text&quot; class=&quot;setting-input validated  &quot; value=&quot;.*&quot; name=&quot;_.namePattern&quot; checkurl=&quot;/descriptorByName/jenkins.model.ProjectNamingStrategy$PatternProjectNamingStrategy/checkNamePattern&quot; checkdependson=&quot;&quot; /&gt;&lt;/td&gt;&lt;/tr&gt;&lt;tr class=&quot;validation-error-area&quot; style=&quot;display: none;&quot; nameref=&quot;radio-block-1&quot;&gt;&lt;td colspan=&quot;2&quot;&gt;&lt;/td&gt;&lt;td&gt;&lt;div&gt;&lt;/div&gt;&lt;/td&gt;&lt;/tr&gt;&lt;tr style=&quot;display: none;&quot; nameref=&quot;radio-block-1&quot;&gt;&lt;td class=&quot;setting-leftspace&quot;&gt; &lt;/td&gt;&lt;td class=&quot;setting-name&quot;&gt;Description&lt;/td&gt;&lt;td class=&quot;setting-main&quot;&gt;&#10;   &#10;&#10;  &#10;  &lt;input type=&quot;text&quot; class=&quot;setting-input   &quot; value=&quot;&quot; name=&quot;_.description&quot; /&gt;&lt;/td&gt;&lt;td class=&quot;setting-help&quot;&gt;&lt;a helpurl=&quot;/descriptor/jenkins.model.ProjectNamingStrategy$PatternProjectNamingStrategy/help/description&quot; href=&quot;#&quot; class=&quot;help-button&quot; tabindex=&quot;9999&quot;&gt;&lt;img width=&quot;16&quot; height=&quot;16&quot; src=&quot;/static/2313d750/images/16x16/help.png&quot; alt=&quot;Help for feature: Description&quot; /&gt;&lt;/a&gt;&lt;/td&gt;&lt;/tr&gt;&lt;tr class=&quot;validation-error-area&quot; style=&quot;display: none;&quot; nameref=&quot;radio-block-1&quot;&gt;&lt;td colspan=&quot;2&quot;&gt;&lt;/td&gt;&lt;td&gt;&lt;/td&gt;&lt;/tr&gt;&lt;tr class=&quot;help-area&quot; style=&quot;display: none;&quot; nameref=&quot;radio-block-1&quot;&gt;&lt;td&gt;&lt;/td&gt;&lt;td colspan=&quot;2&quot;&gt;&lt;div class=&quot;help&quot;&gt;Loading...&lt;/div&gt;&lt;/td&gt;&lt;td&gt;&lt;/td&gt;&lt;/tr&gt;&lt;tr style=&quot;display: none;&quot; nameref=&quot;radio-block-1&quot;&gt;&lt;td class=&quot;setting-leftspace&quot;&gt; &lt;/td&gt;&lt;td class=&quot;setting-name&quot;&gt;force existing&lt;/td&gt;&lt;td class=&quot;setting-main&quot;&gt;&lt;input type=&quot;checkbox&quot; class=&quot; &quot; name=&quot;forceExistingJobs&quot; /&gt;&lt;/td&gt;&lt;/tr&gt;&lt;tr class=&quot;validation-error-area&quot; style=&quot;display: none;&quot; nameref=&quot;radio-block-1&quot;&gt;&lt;td colspan=&quot;2&quot;&gt;&lt;/td&gt;&lt;td&gt;&lt;/td&gt;&lt;/tr&gt;&lt;tr class=&quot;row-set-end radio-block-end&quot; style=&quot;display:none&quot;&gt;&lt;/tr&gt;&lt;/tbody&gt;&lt;/table&gt;&lt;/td&gt;&lt;/tr&gt;&lt;tr class=&quot;validation-error-area&quot; nameref=&quot;cb4&quot; style=&quot;display: none;&quot;&gt;&lt;td colspan=&quot;2&quot;&gt;&lt;/td&gt;&lt;td&gt;&lt;/td&gt;&lt;/tr&gt;&lt;tr class=&quot;row-set-end rowvg-end optional-block-end&quot; nameref=&quot;rowSetStart18&quot;&gt;&lt;/tr&gt;&lt;tr class=&quot;row-set-end&quot;&gt;&lt;/tr&gt;&lt;tr class=&quot;row-set-start&quot; name=&quot;jenkins-model-GlobalNodePropertiesConfiguration&quot; style=&quot;display:none&quot; id=&quot;rowSetStart20&quot; path=&quot;/jenkins-model-GlobalNodePropertiesConfiguration&quot;&gt;&lt;/tr&gt;&lt;tr class=&quot;row-set-start&quot; name=&quot;globalNodeProperties&quot; style=&quot;display:none&quot; id=&quot;rowSetStart19&quot; nameref=&quot;rowSetStart20&quot; path=&quot;/jenkins-model-GlobalNodePropertiesConfiguration/globalNodeProperties&quot;&gt;&lt;/tr&gt;&lt;tr nameref=&quot;rowSetStart19&quot;&gt;&lt;td colspan=&quot;3&quot;&gt;&lt;div class=&quot;section-header&quot;&gt;&lt;a class=&quot;section-anchor&quot; id=&quot;section41&quot;&gt;#&lt;/a&gt;Global properties&lt;/div&gt;&lt;/td&gt;&lt;/tr&gt;&lt;tr hashelp=&quot;false&quot; class=&quot;optional-block-start row-set-start&quot; ref=&quot;cb5&quot; nameref=&quot;rowSetStart19&quot;&gt;&lt;td colspan=&quot;3&quot;&gt;&lt;input type=&quot;checkbox&quot; onclick=&quot;javascript:updateOptionalBlock(this,true)&quot; class=&quot; &quot; name=&quot;hudson-slaves-EnvironmentVariablesNodeProperty&quot; id=&quot;cb5&quot; path=&quot;/jenkins-model-GlobalNodePropertiesConfiguration/globalNodeProperties/hudson-slaves-EnvironmentVariablesNodeProperty&quot; /&gt;&lt;label class=&quot;attach-previous&quot;&gt;Environment variables&lt;/label&gt;&lt;/td&gt;&lt;/tr&gt;&lt;tr class=&quot;rowvg-start&quot; nameref=&quot;cb5&quot; style=&quot;display: none;&quot;&gt;&lt;/tr&gt;&lt;tr nameref=&quot;cb5&quot; style=&quot;display: none;&quot;&gt;&lt;td class=&quot;setting-leftspace&quot;&gt; &lt;/td&gt;&lt;td class=&quot;setting-name&quot;&gt;List of key-value pairs&lt;/td&gt;&lt;td class=&quot;setting-main&quot;&gt;&lt;script type=&quot;text/javascript&quot; src=&quot;/adjuncts/2313d750/lib/form/dragdrop/dragdrop.js&quot;&gt;&lt;/script&gt;&lt;script type=&quot;text/javascript&quot; src=&quot;/adjuncts/2313d750/lib/form/repeatable/repeatable.js&quot;&gt;&lt;/script&gt;&lt;div class=&quot;repeated-container&quot;&gt;&lt;div class=&quot;repeatable-insertion-point&quot;&gt;&lt;/div&gt;&lt;span class=&quot;yui-button yui-push-button repeatable-add&quot; id=&quot;yui-gen5&quot; name=&quot;&quot;&gt;&lt;span class=&quot;first-child&quot;&gt;&lt;button type=&quot;button&quot; tabindex=&quot;0&quot; id=&quot;yui-gen5-button&quot;&gt;Add&lt;/button&gt;&lt;/span&gt;&lt;/span&gt;&lt;/div&gt;&lt;/td&gt;&lt;td class=&quot;setting-help&quot;&gt;&lt;a helpurl=&quot;/help/system-config/globalEnvironmentVariables.html&quot; href=&quot;#&quot; class=&quot;help-button&quot; tabindex=&quot;9999&quot;&gt;&lt;img width=&quot;16&quot; height=&quot;16&quot; src=&quot;/static/2313d750/images/16x16/help.png&quot; alt=&quot;Help for feature: List of key-value pairs&quot; /&gt;&lt;/a&gt;&lt;/td&gt;&lt;/tr&gt;&lt;tr class=&quot;validation-error-area&quot; nameref=&quot;cb5&quot; style=&quot;display: none;&quot;&gt;&lt;td colspan=&quot;2&quot;&gt;&lt;/td&gt;&lt;td&gt;&lt;/td&gt;&lt;/tr&gt;&lt;tr class=&quot;help-area&quot; nameref=&quot;cb5&quot; style=&quot;display: none;&quot;&gt;&lt;td&gt;&lt;/td&gt;&lt;td colspan=&quot;2&quot;&gt;&lt;div class=&quot;help&quot;&gt;Loading...&lt;/div&gt;&lt;/td&gt;&lt;td&gt;&lt;/td&gt;&lt;/tr&gt;&lt;tr class=&quot;row-set-end rowvg-end optional-block-end&quot; nameref=&quot;rowSetStart19&quot;&gt;&lt;/tr&gt;&lt;tr hashelp=&quot;false&quot; class=&quot;optional-block-start row-set-start&quot; ref=&quot;cb6&quot; nameref=&quot;rowSetStart19&quot;&gt;&lt;td colspan=&quot;3&quot;&gt;&lt;input type=&quot;checkbox&quot; onclick=&quot;javascript:updateOptionalBlock(this,true)&quot; class=&quot; &quot; name=&quot;hudson-tools-ToolLocationNodeProperty&quot; id=&quot;cb6&quot; path=&quot;/jenkins-model-GlobalNodePropertiesConfiguration/globalNodeProperties/hudson-tools-ToolLocationNodeProperty&quot; /&gt;&lt;label class=&quot;attach-previous&quot;&gt;Tool Locations&lt;/label&gt;&lt;/td&gt;&lt;/tr&gt;&lt;tr class=&quot;rowvg-start&quot; nameref=&quot;cb6&quot; style=&quot;display: none;&quot;&gt;&lt;/tr&gt;&lt;tr nameref=&quot;cb6&quot; style=&quot;display: none;&quot;&gt;&lt;td class=&quot;setting-leftspace&quot;&gt; &lt;/td&gt;&lt;td class=&quot;setting-name&quot;&gt;List of tool locations&lt;/td&gt;&lt;td class=&quot;setting-main&quot;&gt;&lt;div class=&quot;repeated-container&quot;&gt;&lt;div class=&quot;repeatable-insertion-point&quot;&gt;&lt;/div&gt;&lt;span class=&quot;yui-button yui-push-button repeatable-add&quot; id=&quot;yui-gen6&quot; name=&quot;&quot;&gt;&lt;span class=&quot;first-child&quot;&gt;&lt;button type=&quot;button&quot; tabindex=&quot;0&quot; id=&quot;yui-gen6-button&quot;&gt;Add&lt;/button&gt;&lt;/span&gt;&lt;/span&gt;&lt;/div&gt;&lt;/td&gt;&lt;td class=&quot;setting-help&quot;&gt;&lt;a helpurl=&quot;/help/tools/tool-location-node-property.html&quot; href=&quot;#&quot; class=&quot;help-button&quot; tabindex=&quot;9999&quot;&gt;&lt;img width=&quot;16&quot; height=&quot;16&quot; src=&quot;/static/2313d750/images/16x16/help.png&quot; alt=&quot;Help for feature: List of tool locations&quot; /&gt;&lt;/a&gt;&lt;/td&gt;&lt;/tr&gt;&lt;tr class=&quot;validation-error-area&quot; nameref=&quot;cb6&quot; style=&quot;display: none;&quot;&gt;&lt;td colspan=&quot;2&quot;&gt;&lt;/td&gt;&lt;td&gt;&lt;/td&gt;&lt;/tr&gt;&lt;tr class=&quot;help-area&quot; nameref=&quot;cb6&quot; style=&quot;display: none;&quot;&gt;&lt;td&gt;&lt;/td&gt;&lt;td colspan=&quot;2&quot;&gt;&lt;div class=&quot;help&quot;&gt;Loading...&lt;/div&gt;&lt;/td&gt;&lt;td&gt;&lt;/td&gt;&lt;/tr&gt;&lt;tr class=&quot;row-set-end rowvg-end optional-block-end&quot; nameref=&quot;rowSetStart19&quot;&gt;&lt;/tr&gt;&lt;tr class=&quot;row-set-end&quot; nameref=&quot;rowSetStart20&quot;&gt;&lt;/tr&gt;&lt;tr class=&quot;row-set-end&quot;&gt;&lt;/tr&gt;&lt;tr class=&quot;row-set-start&quot; name=&quot;jenkins-model-GlobalPluginConfiguration&quot; style=&quot;display:none&quot; id=&quot;rowSetStart21&quot;&gt;&lt;/tr&gt;&lt;tr class=&quot;row-set-end&quot;&gt;&lt;/tr&gt;&lt;tr class=&quot;row-set-start&quot; name=&quot;jenkins-mvn-GlobalMavenConfig&quot; style=&quot;display:none&quot; id=&quot;rowSetStart22&quot; path=&quot;/jenkins-mvn-GlobalMavenConfig&quot;&gt;&lt;/tr&gt;&lt;tr nameref=&quot;rowSetStart22&quot;&gt;&lt;td colspan=&quot;3&quot;&gt;&lt;div class=&quot;section-header&quot;&gt;&lt;a class=&quot;section-anchor&quot; id=&quot;section42&quot;&gt;#&lt;/a&gt;Maven Configuration&lt;/div&gt;&lt;/td&gt;&lt;/tr&gt;&lt;tr nameref=&quot;rowSetStart22&quot;&gt;&lt;td class=&quot;setting-leftspace&quot;&gt; &lt;/td&gt;&lt;td class=&quot;setting-name&quot;&gt;Default settings provider&lt;/td&gt;&lt;td class=&quot;setting-main&quot;&gt;&lt;select class=&quot;setting-input dropdownList&quot; path=&quot;/jenkins-mvn-GlobalMavenConfig/&quot;&gt;&lt;option value=&quot;0&quot; selected=&quot;true&quot;&gt;Use default maven settings&lt;/option&gt;&lt;option value=&quot;1&quot;&gt;Settings file in filesystem&lt;/option&gt;&lt;/select&gt;&lt;/td&gt;&lt;/tr&gt;&lt;tr class=&quot;dropdownList-container&quot; nameref=&quot;rowSetStart22&quot;&gt;&lt;td colspan=&quot;2&quot;&gt;&lt;/td&gt;&lt;td colspan=&quot;2&quot;&gt;&lt;table width=&quot;100%&quot; name=&quot;settingsProvider&quot; path=&quot;/jenkins-mvn-GlobalMavenConfig/settingsProvider&quot;&gt;&lt;tbody&gt;&lt;tr class=&quot;dropdownList-start rowvg-start&quot;&gt;&lt;td style=&quot;display:none&quot;&gt;&lt;input type=&quot;hidden&quot; value=&quot;jenkins.mvn.DefaultSettingsProvider&quot; name=&quot;stapler-class&quot; path=&quot;/jenkins-mvn-GlobalMavenConfig/settingsProvider/stapler-class&quot; /&gt;&lt;/td&gt;&lt;/tr&gt;&lt;tr class=&quot;dropdownList-end rowvg-end&quot;&gt;&lt;/tr&gt;&lt;tr class=&quot;dropdownList-start rowvg-start&quot; style=&quot;display: none;&quot; field-disabled=&quot;true&quot;&gt;&lt;td style=&quot;display:none&quot;&gt;&lt;input type=&quot;hidden&quot; value=&quot;jenkins.mvn.FilePathSettingsProvider&quot; name=&quot;stapler-class&quot; /&gt;&lt;/td&gt;&lt;/tr&gt;&lt;tr proxy=&quot;makeStaplerProxy(&apos;/$stapler/bound/5df51fb4-7d0f-44c1-9fe1-fa3e6b1d7836&apos;,&apos;12945770-e11b-46f0-9396-34fb0d6d9739&apos;,[&apos;render&apos;])&quot; class=&quot;render-on-demand &quot; style=&quot;display: none;&quot; field-disabled=&quot;true&quot;&gt;&lt;/tr&gt;&lt;tr class=&quot;dropdownList-end rowvg-end&quot;&gt;&lt;/tr&gt;&lt;/tbody&gt;&lt;/table&gt;&lt;/td&gt;&lt;/tr&gt;&lt;tr nameref=&quot;rowSetStart22&quot;&gt;&lt;td class=&quot;setting-leftspace&quot;&gt; &lt;/td&gt;&lt;td class=&quot;setting-name&quot;&gt;Default global settings provider&lt;/td&gt;&lt;td class=&quot;setting-main&quot;&gt;&lt;select class=&quot;setting-input dropdownList&quot; path=&quot;/jenkins-mvn-GlobalMavenConfig/[1]&quot;&gt;&lt;option value=&quot;0&quot; selected=&quot;true&quot;&gt;Use default maven global settings&lt;/option&gt;&lt;option value=&quot;1&quot;&gt;Global settings file on filesystem&lt;/option&gt;&lt;/select&gt;&lt;/td&gt;&lt;/tr&gt;&lt;tr class=&quot;dropdownList-container&quot; nameref=&quot;rowSetStart22&quot;&gt;&lt;td colspan=&quot;2&quot;&gt;&lt;/td&gt;&lt;td colspan=&quot;2&quot;&gt;&lt;table width=&quot;100%&quot; name=&quot;globalSettingsProvider&quot; path=&quot;/jenkins-mvn-GlobalMavenConfig/globalSettingsProvider&quot;&gt;&lt;tbody&gt;&lt;tr class=&quot;dropdownList-start rowvg-start&quot;&gt;&lt;td style=&quot;display:none&quot;&gt;&lt;input type=&quot;hidden&quot; value=&quot;jenkins.mvn.DefaultGlobalSettingsProvider&quot; name=&quot;stapler-class&quot; path=&quot;/jenkins-mvn-GlobalMavenConfig/globalSettingsProvider/stapler-class&quot; /&gt;&lt;/td&gt;&lt;/tr&gt;&lt;tr class=&quot;dropdownList-end rowvg-end&quot;&gt;&lt;/tr&gt;&lt;tr class=&quot;dropdownList-start rowvg-start&quot; style=&quot;display: none;&quot; field-disabled=&quot;true&quot;&gt;&lt;td style=&quot;display:none&quot;&gt;&lt;input type=&quot;hidden&quot; value=&quot;jenkins.mvn.FilePathGlobalSettingsProvider&quot; name=&quot;stapler-class&quot; /&gt;&lt;/td&gt;&lt;/tr&gt;&lt;tr proxy=&quot;makeStaplerProxy(&apos;/$stapler/bound/62222d91-d2c1-4272-b3d6-645c7ec4aa44&apos;,&apos;12945770-e11b-46f0-9396-34fb0d6d9739&apos;,[&apos;render&apos;])&quot; class=&quot;render-on-demand &quot; style=&quot;display: none;&quot; field-disabled=&quot;true&quot;&gt;&lt;/tr&gt;&lt;tr class=&quot;dropdownList-end rowvg-end&quot;&gt;&lt;/tr&gt;&lt;/tbody&gt;&lt;/table&gt;&lt;/td&gt;&lt;/tr&gt;&lt;tr class=&quot;row-set-end&quot;&gt;&lt;/tr&gt;&lt;tr class=&quot;row-set-start&quot; name=&quot;hudson-model-JDK&quot; style=&quot;display:none&quot; id=&quot;rowSetStart23&quot; path=&quot;/hudson-model-JDK&quot;&gt;&lt;/tr&gt;&lt;tr nameref=&quot;rowSetStart23&quot;&gt;&lt;td colspan=&quot;3&quot;&gt;&lt;div class=&quot;section-header&quot;&gt;&lt;a class=&quot;section-anchor&quot; id=&quot;section43&quot;&gt;#&lt;/a&gt;JDK&lt;/div&gt;&lt;/td&gt;&lt;/tr&gt;&lt;tr nameref=&quot;rowSetStart23&quot;&gt;&lt;td class=&quot;setting-leftspace&quot;&gt; &lt;/td&gt;&lt;td class=&quot;setting-name&quot;&gt;JDK installations&lt;/td&gt;&lt;td class=&quot;setting-main&quot;&gt;&lt;div class=&quot;repeated-container with-drag-drop&quot;&gt;&lt;div class=&quot;repeatable-insertion-point&quot;&gt;&lt;/div&gt;&lt;span class=&quot;yui-button yui-push-button repeatable-add&quot; id=&quot;yui-gen7&quot; name=&quot;&quot;&gt;&lt;span class=&quot;first-child&quot;&gt;&lt;button type=&quot;button&quot; tabindex=&quot;0&quot; id=&quot;yui-gen7-button&quot; path=&quot;/hudson-model-JDK/repeatable-add&quot;&gt;Add JDK&lt;/button&gt;&lt;/span&gt;&lt;/span&gt;&lt;/div&gt;&lt;/td&gt;&lt;/tr&gt;&lt;tr class=&quot;validation-error-area&quot; nameref=&quot;rowSetStart23&quot;&gt;&lt;td colspan=&quot;2&quot;&gt;&lt;/td&gt;&lt;td&gt;&lt;/td&gt;&lt;/tr&gt;&lt;tr nameref=&quot;rowSetStart23&quot;&gt;&lt;td colspan=&quot;2&quot;&gt;&lt;/td&gt;&lt;td class=&quot;setting-description&quot;&gt;List of JDK installations on this system&lt;/td&gt;&lt;/tr&gt;&lt;tr class=&quot;row-set-end&quot;&gt;&lt;/tr&gt;&lt;tr class=&quot;row-set-start&quot; name=&quot;hudson-tasks-Ant$AntInstallation&quot; style=&quot;display:none&quot; id=&quot;rowSetStart24&quot; path=&quot;/hudson-tasks-Ant$AntInstallation&quot;&gt;&lt;/tr&gt;&lt;tr nameref=&quot;rowSetStart24&quot;&gt;&lt;td colspan=&quot;3&quot;&gt;&lt;div class=&quot;section-header&quot;&gt;&lt;a class=&quot;section-anchor&quot; id=&quot;section44&quot;&gt;#&lt;/a&gt;Ant&lt;/div&gt;&lt;/td&gt;&lt;/tr&gt;&lt;tr nameref=&quot;rowSetStart24&quot;&gt;&lt;td class=&quot;setting-leftspace&quot;&gt; &lt;/td&gt;&lt;td class=&quot;setting-name&quot;&gt;Ant installations&lt;/td&gt;&lt;td class=&quot;setting-main&quot;&gt;&lt;div class=&quot;repeated-container with-drag-drop&quot;&gt;&lt;div class=&quot;repeatable-insertion-point&quot;&gt;&lt;/div&gt;&lt;span class=&quot;yui-button yui-push-button repeatable-add&quot; id=&quot;yui-gen8&quot; name=&quot;&quot;&gt;&lt;span class=&quot;first-child&quot;&gt;&lt;button type=&quot;button&quot; tabindex=&quot;0&quot; id=&quot;yui-gen8-button&quot; path=&quot;/hudson-tasks-Ant$AntInstallation/repeatable-add&quot;&gt;Add Ant&lt;/button&gt;&lt;/span&gt;&lt;/span&gt;&lt;/div&gt;&lt;/td&gt;&lt;/tr&gt;&lt;tr class=&quot;validation-error-area&quot; nameref=&quot;rowSetStart24&quot;&gt;&lt;td colspan=&quot;2&quot;&gt;&lt;/td&gt;&lt;td&gt;&lt;/td&gt;&lt;/tr&gt;&lt;tr nameref=&quot;rowSetStart24&quot;&gt;&lt;td colspan=&quot;2&quot;&gt;&lt;/td&gt;&lt;td class=&quot;setting-description&quot;&gt;List of Ant installations on this system&lt;/td&gt;&lt;/tr&gt;&lt;tr class=&quot;row-set-end&quot;&gt;&lt;/tr&gt;&lt;tr class=&quot;row-set-start&quot; name=&quot;hudson-tasks-Maven$MavenInstallation&quot; style=&quot;display:none&quot; id=&quot;rowSetStart25&quot; path=&quot;/hudson-tasks-Maven$MavenInstallation&quot;&gt;&lt;/tr&gt;&lt;tr nameref=&quot;rowSetStart25&quot;&gt;&lt;td colspan=&quot;3&quot;&gt;&lt;div class=&quot;section-header&quot;&gt;&lt;a class=&quot;section-anchor&quot; id=&quot;section45&quot;&gt;#&lt;/a&gt;Maven&lt;/div&gt;&lt;/td&gt;&lt;/tr&gt;&lt;tr nameref=&quot;rowSetStart25&quot;&gt;&lt;td class=&quot;setting-leftspace&quot;&gt; &lt;/td&gt;&lt;td class=&quot;setting-name&quot;&gt;Maven installations&lt;/td&gt;&lt;td class=&quot;setting-main&quot;&gt;&lt;div class=&quot;repeated-container with-drag-drop&quot;&gt;&lt;div class=&quot;repeatable-insertion-point&quot;&gt;&lt;/div&gt;&lt;span class=&quot;yui-button yui-push-button repeatable-add&quot; id=&quot;yui-gen9&quot; name=&quot;&quot;&gt;&lt;span class=&quot;first-child&quot;&gt;&lt;button type=&quot;button&quot; tabindex=&quot;0&quot; id=&quot;yui-gen9-button&quot; path=&quot;/hudson-tasks-Maven$MavenInstallation/repeatable-add&quot;&gt;Add Maven&lt;/button&gt;&lt;/span&gt;&lt;/span&gt;&lt;/div&gt;&lt;/td&gt;&lt;/tr&gt;&lt;tr class=&quot;validation-error-area&quot; nameref=&quot;rowSetStart25&quot;&gt;&lt;td colspan=&quot;2&quot;&gt;&lt;/td&gt;&lt;td&gt;&lt;/td&gt;&lt;/tr&gt;&lt;tr nameref=&quot;rowSetStart25&quot;&gt;&lt;td colspan=&quot;2&quot;&gt;&lt;/td&gt;&lt;td class=&quot;setting-description&quot;&gt;List of Maven installations on this system&lt;/td&gt;&lt;/tr&gt;&lt;tr class=&quot;row-set-end&quot;&gt;&lt;/tr&gt;&lt;tr class=&quot;row-set-start&quot; name=&quot;hudson-maven-MavenModuleSet&quot; style=&quot;display:none&quot; id=&quot;rowSetStart26&quot; path=&quot;/hudson-maven-MavenModuleSet&quot;&gt;&lt;/tr&gt;&lt;tr nameref=&quot;rowSetStart26&quot;&gt;&lt;td colspan=&quot;3&quot;&gt;&lt;div class=&quot;section-header&quot;&gt;&lt;a class=&quot;section-anchor&quot; id=&quot;section46&quot;&gt;#&lt;/a&gt;Maven Project Configuration&lt;/div&gt;&lt;/td&gt;&lt;/tr&gt;&lt;tr nameref=&quot;rowSetStart26&quot;&gt;&lt;td class=&quot;setting-leftspace&quot;&gt; &lt;/td&gt;&lt;td class=&quot;setting-name&quot;&gt;Global MAVEN_OPTS&lt;/td&gt;&lt;td class=&quot;setting-main&quot;&gt;&lt;table cellspacing=&quot;0&quot; cellpadding=&quot;0&quot; border=&quot;0&quot; style=&quot;width:100%&quot;&gt;&lt;tbody&gt;&lt;tr&gt;&lt;td width=&quot;*&quot;&gt;&lt;input type=&quot;text&quot; class=&quot;setting-input&quot; name=&quot;globalMavenOpts&quot; id=&quot;textarea.globalMavenOpts&quot; path=&quot;/hudson-maven-MavenModuleSet/globalMavenOpts&quot; /&gt;&lt;/td&gt;&lt;td width=&quot;1&quot;&gt;&lt;input type=&quot;button&quot; tooltip=&quot;Click to expand to multiple lines&amp;lt;br /&amp;gt;where you can use new lines instead of space.&amp;lt;br /&amp;gt;To revert back to single line, write everything in one line then submit.&quot; onclick=&quot;expandTextArea(this,&apos;textarea.globalMavenOpts&apos;)&quot; value=&quot;▼&quot; title=&quot;Click to expand to multiple lines&amp;lt;br /&amp;gt;where you can use new lines instead of space.&amp;lt;br /&amp;gt;To revert back to single line, write everything in one line then submit.&quot; /&gt;&lt;/td&gt;&lt;/tr&gt;&lt;/tbody&gt;&lt;/table&gt;&lt;/td&gt;&lt;td class=&quot;setting-help&quot;&gt;&lt;a helpurl=&quot;/plugin/maven-plugin/maven-opts.html&quot; href=&quot;#&quot; class=&quot;help-button&quot; tabindex=&quot;9999&quot;&gt;&lt;img width=&quot;16&quot; height=&quot;16&quot; src=&quot;/static/2313d750/images/16x16/help.png&quot; alt=&quot;Help for feature: Global MAVEN_OPTS&quot; /&gt;&lt;/a&gt;&lt;/td&gt;&lt;/tr&gt;&lt;tr class=&quot;validation-error-area&quot; nameref=&quot;rowSetStart26&quot;&gt;&lt;td colspan=&quot;2&quot;&gt;&lt;/td&gt;&lt;td&gt;&lt;/td&gt;&lt;/tr&gt;&lt;tr class=&quot;help-area&quot; nameref=&quot;rowSetStart26&quot;&gt;&lt;td&gt;&lt;/td&gt;&lt;td colspan=&quot;2&quot;&gt;&lt;div class=&quot;help&quot;&gt;Loading...&lt;/div&gt;&lt;/td&gt;&lt;td&gt;&lt;/td&gt;&lt;/tr&gt;&lt;tr nameref=&quot;rowSetStart26&quot;&gt;&lt;td class=&quot;setting-leftspace&quot;&gt; &lt;/td&gt;&lt;td class=&quot;setting-name&quot;&gt;Local Maven Repository&lt;/td&gt;&lt;td class=&quot;setting-main&quot;&gt;&lt;select class=&quot;setting-input dropdownList&quot; path=&quot;/hudson-maven-MavenModuleSet/&quot;&gt;&lt;option value=&quot;0&quot; selected=&quot;true&quot;&gt;Default (~/.m2/repository)&lt;/option&gt;&lt;option value=&quot;1&quot;&gt;Local to the executor&lt;/option&gt;&lt;option value=&quot;2&quot;&gt;Local to the workspace&lt;/option&gt;&lt;/select&gt;&lt;/td&gt;&lt;td class=&quot;setting-help&quot;&gt;&lt;a helpurl=&quot;/descriptor/hudson.maven.MavenModuleSet/help/localRepository&quot; href=&quot;#&quot; class=&quot;help-button&quot; tabindex=&quot;9999&quot;&gt;&lt;img width=&quot;16&quot; height=&quot;16&quot; src=&quot;/static/2313d750/images/16x16/help.png&quot; alt=&quot;Help for feature: Local Maven Repository&quot; /&gt;&lt;/a&gt;&lt;/td&gt;&lt;/tr&gt;&lt;tr class=&quot;dropdownList-container&quot; nameref=&quot;rowSetStart26&quot;&gt;&lt;td colspan=&quot;2&quot;&gt;&lt;/td&gt;&lt;td colspan=&quot;2&quot;&gt;&lt;table width=&quot;100%&quot; name=&quot;localRepository&quot; path=&quot;/hudson-maven-MavenModuleSet/localRepository&quot;&gt;&lt;tbody&gt;&lt;tr class=&quot;dropdownList-start rowvg-start&quot;&gt;&lt;td style=&quot;display:none&quot;&gt;&lt;input type=&quot;hidden&quot; value=&quot;hudson.maven.local_repo.DefaultLocalRepositoryLocator&quot; name=&quot;stapler-class&quot; path=&quot;/hudson-maven-MavenModuleSet/localRepository/stapler-class&quot; /&gt;&lt;/td&gt;&lt;/tr&gt;&lt;tr class=&quot;dropdownList-end rowvg-end&quot;&gt;&lt;/tr&gt;&lt;tr class=&quot;dropdownList-start rowvg-start&quot; style=&quot;display: none;&quot; field-disabled=&quot;true&quot;&gt;&lt;td style=&quot;display:none&quot;&gt;&lt;input type=&quot;hidden&quot; value=&quot;hudson.maven.local_repo.PerExecutorLocalRepositoryLocator&quot; name=&quot;stapler-class&quot; /&gt;&lt;/td&gt;&lt;/tr&gt;&lt;tr proxy=&quot;makeStaplerProxy(&apos;/$stapler/bound/91b8bd91-9164-4f41-8be8-f793d799bca4&apos;,&apos;12945770-e11b-46f0-9396-34fb0d6d9739&apos;,[&apos;render&apos;])&quot; class=&quot;render-on-demand &quot; style=&quot;display: none;&quot; field-disabled=&quot;true&quot;&gt;&lt;/tr&gt;&lt;tr class=&quot;dropdownList-end rowvg-end&quot;&gt;&lt;/tr&gt;&lt;tr class=&quot;dropdownList-start rowvg-start&quot; style=&quot;display: none;&quot; field-disabled=&quot;true&quot;&gt;&lt;td style=&quot;display:none&quot;&gt;&lt;input type=&quot;hidden&quot; value=&quot;hudson.maven.local_repo.PerJobLocalRepositoryLocator&quot; name=&quot;stapler-class&quot; /&gt;&lt;/td&gt;&lt;/tr&gt;&lt;tr proxy=&quot;makeStaplerProxy(&apos;/$stapler/bound/cbdbc44e-7563-4f9d-be7e-bd3da73b06ec&apos;,&apos;12945770-e11b-46f0-9396-34fb0d6d9739&apos;,[&apos;render&apos;])&quot; class=&quot;render-on-demand &quot; style=&quot;display: none;&quot; field-disabled=&quot;true&quot;&gt;&lt;/tr&gt;&lt;tr class=&quot;dropdownList-end rowvg-end&quot;&gt;&lt;/tr&gt;&lt;/tbody&gt;&lt;/table&gt;&lt;/td&gt;&lt;/tr&gt;&lt;tr class=&quot;help-area&quot; nameref=&quot;rowSetStart26&quot;&gt;&lt;td&gt;&lt;/td&gt;&lt;td colspan=&quot;2&quot;&gt;&lt;div class=&quot;help&quot;&gt;Loading...&lt;/div&gt;&lt;/td&gt;&lt;td&gt;&lt;/td&gt;&lt;/tr&gt;&lt;tr class=&quot;row-set-end&quot;&gt;&lt;/tr&gt;&lt;tr class=&quot;row-set-start&quot; name=&quot;hudson-model-UsageStatistics&quot; style=&quot;display:none&quot; id=&quot;rowSetStart27&quot; path=&quot;/hudson-model-UsageStatistics&quot;&gt;&lt;/tr&gt;&lt;tr hashelp=&quot;true&quot; class=&quot;optional-block-start row-set-start&quot; ref=&quot;cb7&quot; nameref=&quot;rowSetStart27&quot;&gt;&lt;td colspan=&quot;3&quot;&gt;&lt;input type=&quot;checkbox&quot; checked=&quot;true&quot; onclick=&quot;javascript:updateOptionalBlock(this,true)&quot; class=&quot; &quot; name=&quot;_.usageStatisticsCollected&quot; id=&quot;cb7&quot; path=&quot;/hudson-model-UsageStatistics/usageStatisticsCollected&quot; /&gt;&lt;label class=&quot;attach-previous&quot;&gt;Help make Jenkins better by sending anonymous usage statistics and crash reports to the Jenkins project.&lt;/label&gt;&lt;/td&gt;&lt;td&gt;&lt;a helpurl=&quot;/descriptor/hudson.model.UsageStatistics/help/usageStatisticsCollected&quot; href=&quot;#&quot; class=&quot;help-button&quot; tabindex=&quot;9999&quot;&gt;&lt;img width=&quot;16&quot; height=&quot;16&quot; src=&quot;/static/2313d750/images/16x16/help.png&quot; alt=&quot;Help for feature: Help make Jenkins better by sending anonymous usage statistics and crash reports to the Jenkins project.&quot; /&gt;&lt;/a&gt;&lt;/td&gt;&lt;/tr&gt;&lt;tr class=&quot;help-area&quot; nameref=&quot;cb7&quot;&gt;&lt;td&gt;&lt;/td&gt;&lt;td colspan=&quot;2&quot;&gt;&lt;div class=&quot;help&quot;&gt;Loading...&lt;/div&gt;&lt;/td&gt;&lt;td&gt;&lt;/td&gt;&lt;/tr&gt;&lt;tr class=&quot;rowvg-start&quot; nameref=&quot;cb7&quot;&gt;&lt;/tr&gt;&lt;tr class=&quot;row-set-end rowvg-end optional-block-end&quot; nameref=&quot;rowSetStart27&quot;&gt;&lt;/tr&gt;&lt;tr class=&quot;row-set-end&quot;&gt;&lt;/tr&gt;&lt;tr class=&quot;row-set-start&quot; name=&quot;jenkins-model-ArtifactManagerConfiguration&quot; style=&quot;display:none&quot; id=&quot;rowSetStart28&quot;&gt;&lt;/tr&gt;&lt;tr class=&quot;row-set-end&quot;&gt;&lt;/tr&gt;&lt;tr class=&quot;row-set-start&quot; name=&quot;jenkins-model-DownloadSettings&quot; style=&quot;display:none&quot; id=&quot;rowSetStart29&quot; path=&quot;/jenkins-model-DownloadSettings&quot;&gt;&lt;/tr&gt;&lt;tr nameref=&quot;rowSetStart29&quot;&gt;&lt;td colspan=&quot;3&quot;&gt;&lt;div class=&quot;section-header&quot;&gt;&lt;a class=&quot;section-anchor&quot; id=&quot;section47&quot;&gt;#&lt;/a&gt;Download Preferences&lt;/div&gt;&lt;/td&gt;&lt;/tr&gt;&lt;tr nameref=&quot;rowSetStart29&quot;&gt;&lt;td class=&quot;setting-leftspace&quot;&gt; &lt;/td&gt;&lt;td class=&quot;setting-name&quot;&gt;Use Browser&lt;/td&gt;&lt;td class=&quot;setting-main&quot;&gt;&lt;input type=&quot;checkbox&quot; checked=&quot;true&quot; class=&quot; &quot; name=&quot;_.useBrowser&quot; path=&quot;/jenkins-model-DownloadSettings/useBrowser&quot; /&gt;&lt;/td&gt;&lt;td class=&quot;setting-help&quot;&gt;&lt;a helpurl=&quot;/descriptor/jenkins.model.DownloadSettings/help/useBrowser&quot; href=&quot;#&quot; class=&quot;help-button&quot; tabindex=&quot;9999&quot;&gt;&lt;img width=&quot;16&quot; height=&quot;16&quot; src=&quot;/static/2313d750/images/16x16/help.png&quot; alt=&quot;Help for feature: Use Browser&quot; /&gt;&lt;/a&gt;&lt;/td&gt;&lt;/tr&gt;&lt;tr class=&quot;validation-error-area&quot; nameref=&quot;rowSetStart29&quot;&gt;&lt;td colspan=&quot;2&quot;&gt;&lt;/td&gt;&lt;td&gt;&lt;/td&gt;&lt;/tr&gt;&lt;tr class=&quot;help-area&quot; nameref=&quot;rowSetStart29&quot;&gt;&lt;td&gt;&lt;/td&gt;&lt;td colspan=&quot;2&quot;&gt;&lt;div class=&quot;help&quot;&gt;Loading...&lt;/div&gt;&lt;/td&gt;&lt;td&gt;&lt;/td&gt;&lt;/tr&gt;&lt;tr class=&quot;row-set-end&quot;&gt;&lt;/tr&gt;&lt;tr class=&quot;row-set-start&quot; name=&quot;jenkins-model-JenkinsLocationConfiguration&quot; style=&quot;display:none&quot; id=&quot;rowSetStart30&quot; path=&quot;/jenkins-model-JenkinsLocationConfiguration&quot;&gt;&lt;/tr&gt;&lt;tr nameref=&quot;rowSetStart30&quot;&gt;&lt;td colspan=&quot;3&quot;&gt;&lt;div class=&quot;section-header&quot;&gt;&lt;a class=&quot;section-anchor&quot; id=&quot;section48&quot;&gt;#&lt;/a&gt;Jenkins Location&lt;/div&gt;&lt;/td&gt;&lt;/tr&gt;&lt;tr nameref=&quot;rowSetStart30&quot;&gt;&lt;td class=&quot;setting-leftspace&quot;&gt; &lt;/td&gt;&lt;td class=&quot;setting-name&quot;&gt;Jenkins URL&lt;/td&gt;&lt;td class=&quot;setting-main&quot;&gt;&#10;   &#10;&#10;  &#10;  &lt;input type=&quot;text&quot; class=&quot;setting-input validated  &quot; value=&quot;http://127.0.0.1:61503/&quot; name=&quot;_.url&quot; checkurl=&quot;/descriptorByName/jenkins.model.JenkinsLocationConfiguration/checkUrl&quot; default=&quot;http://127.0.0.1:61503/&quot; checkdependson=&quot;&quot; path=&quot;/jenkins-model-JenkinsLocationConfiguration/url&quot; /&gt;&lt;/td&gt;&lt;td class=&quot;setting-help&quot;&gt;&lt;a helpurl=&quot;/descriptor/jenkins.model.JenkinsLocationConfiguration/help/url&quot; href=&quot;#&quot; class=&quot;help-button&quot; tabindex=&quot;9999&quot;&gt;&lt;img width=&quot;16&quot; height=&quot;16&quot; src=&quot;/static/2313d750/images/16x16/help.png&quot; alt=&quot;Help for feature: Jenkins URL&quot; /&gt;&lt;/a&gt;&lt;/td&gt;&lt;/tr&gt;&lt;tr class=&quot;validation-error-area&quot; nameref=&quot;rowSetStart30&quot;&gt;&lt;td colspan=&quot;2&quot;&gt;&lt;/td&gt;&lt;td&gt;&lt;div&gt;&lt;/div&gt;&lt;/td&gt;&lt;/tr&gt;&lt;tr class=&quot;help-area&quot; nameref=&quot;rowSetStart30&quot;&gt;&lt;td&gt;&lt;/td&gt;&lt;td colspan=&quot;2&quot;&gt;&lt;div class=&quot;help&quot;&gt;Loading...&lt;/div&gt;&lt;/td&gt;&lt;td&gt;&lt;/td&gt;&lt;/tr&gt;&lt;tr nameref=&quot;rowSetStart30&quot;&gt;&lt;td class=&quot;setting-leftspace&quot;&gt; &lt;/td&gt;&lt;td class=&quot;setting-name&quot;&gt;System Admin e-mail address&lt;/td&gt;&lt;td class=&quot;setting-main&quot;&gt;&#10;   &#10;&#10;  &#10;  &lt;input type=&quot;text&quot; class=&quot;setting-input validated  &quot; value=&quot;address not configured yet &amp;lt;nobody@nowhere&amp;gt;&quot; name=&quot;_.adminAddress&quot; checkurl=&quot;/descriptorByName/jenkins.model.JenkinsLocationConfiguration/checkAdminAddress&quot; checkdependson=&quot;&quot; path=&quot;/jenkins-model-JenkinsLocationConfiguration/adminAddress&quot; /&gt;&lt;/td&gt;&lt;td class=&quot;setting-help&quot;&gt;&lt;a helpurl=&quot;/descriptor/jenkins.model.JenkinsLocationConfiguration/help/adminAddress&quot; href=&quot;#&quot; class=&quot;help-button&quot; tabindex=&quot;9999&quot;&gt;&lt;img width=&quot;16&quot; height=&quot;16&quot; src=&quot;/static/2313d750/images/16x16/help.png&quot; alt=&quot;Help for feature: System Admin e-mail address&quot; /&gt;&lt;/a&gt;&lt;/td&gt;&lt;/tr&gt;&lt;tr class=&quot;validation-error-area&quot; nameref=&quot;rowSetStart30&quot;&gt;&lt;td colspan=&quot;2&quot;&gt;&lt;/td&gt;&lt;td&gt;&lt;div&gt;&lt;/div&gt;&lt;/td&gt;&lt;/tr&gt;&lt;tr class=&quot;help-area&quot; nameref=&quot;rowSetStart30&quot;&gt;&lt;td&gt;&lt;/td&gt;&lt;td colspan=&quot;2&quot;&gt;&lt;div class=&quot;help&quot;&gt;Loading...&lt;/div&gt;&lt;/td&gt;&lt;td&gt;&lt;/td&gt;&lt;/tr&gt;&lt;tr class=&quot;row-set-end&quot;&gt;&lt;/tr&gt;&lt;tr class=&quot;row-set-start&quot; name=&quot;org-jenkinsci-main-modules-sshd-SSHD&quot; style=&quot;display:none&quot; id=&quot;rowSetStart31&quot; path=&quot;/org-jenkinsci-main-modules-sshd-SSHD&quot;&gt;&lt;/tr&gt;&lt;tr nameref=&quot;rowSetStart31&quot;&gt;&lt;td colspan=&quot;3&quot;&gt;&lt;div class=&quot;section-header&quot;&gt;&lt;a class=&quot;section-anchor&quot; id=&quot;section49&quot;&gt;#&lt;/a&gt;SSH Server&lt;/div&gt;&lt;/td&gt;&lt;/tr&gt;&lt;tr nameref=&quot;rowSetStart31&quot;&gt;&lt;td class=&quot;setting-leftspace&quot;&gt; &lt;/td&gt;&lt;td class=&quot;setting-name&quot;&gt;SSHD Port&lt;/td&gt;&lt;td class=&quot;setting-main&quot;&gt;&lt;div name=&quot;port&quot; path=&quot;/org-jenkinsci-main-modules-sshd-SSHD/port&quot;&gt;&lt;label&gt;&lt;input type=&quot;radio&quot; onclick=&quot;$(&apos;portId&apos;).disabled=false&quot; value=&quot;fixed&quot; name=&quot;port.type&quot; path=&quot;/org-jenkinsci-main-modules-sshd-SSHD/port/type[fixed]&quot; /&gt;Fixed : &lt;/label&gt;&lt;input type=&quot;number&quot; step=&quot;1&quot; max=&quot;65535&quot; min=&quot;0&quot; disabled=&quot;true&quot; id=&quot;portId&quot; name=&quot;value&quot; class=&quot;number&quot; path=&quot;/org-jenkinsci-main-modules-sshd-SSHD/port/value&quot; /&gt; &lt;label&gt;&lt;input type=&quot;radio&quot; checked=&quot;true&quot; onclick=&quot;$(&apos;portId&apos;).disabled=true&quot; value=&quot;random&quot; name=&quot;port.type&quot; path=&quot;/org-jenkinsci-main-modules-sshd-SSHD/port/type[random]&quot; /&gt;Random&lt;/label&gt; &lt;label&gt;&lt;input type=&quot;radio&quot; onclick=&quot;$(&apos;portId&apos;).disabled=true&quot; value=&quot;disable&quot; name=&quot;port.type&quot; path=&quot;/org-jenkinsci-main-modules-sshd-SSHD/port/type[disable]&quot; /&gt;Disable&lt;/label&gt;&lt;/div&gt;&lt;/td&gt;&lt;td class=&quot;setting-help&quot;&gt;&lt;a helpurl=&quot;/descriptor/org.jenkinsci.main.modules.sshd.SSHD/help/port&quot; href=&quot;#&quot; class=&quot;help-button&quot; tabindex=&quot;9999&quot;&gt;&lt;img width=&quot;16&quot; height=&quot;16&quot; src=&quot;/static/2313d750/images/16x16/help.png&quot; alt=&quot;Help for feature: SSHD Port&quot; /&gt;&lt;/a&gt;&lt;/td&gt;&lt;/tr&gt;&lt;tr class=&quot;validation-error-area&quot; nameref=&quot;rowSetStart31&quot;&gt;&lt;td colspan=&quot;2&quot;&gt;&lt;/td&gt;&lt;td&gt;&lt;/td&gt;&lt;/tr&gt;&lt;tr class=&quot;help-area&quot; nameref=&quot;rowSetStart31&quot;&gt;&lt;td&gt;&lt;/td&gt;&lt;td colspan=&quot;2&quot;&gt;&lt;div class=&quot;help&quot;&gt;Loading...&lt;/div&gt;&lt;/td&gt;&lt;td&gt;&lt;/td&gt;&lt;/tr&gt;&lt;tr class=&quot;row-set-end&quot;&gt;&lt;/tr&gt;&lt;tr class=&quot;row-set-start&quot; name=&quot;hudson-scm-CVSSCM&quot; style=&quot;display:none&quot; id=&quot;rowSetStart32&quot; path=&quot;/hudson-scm-CVSSCM&quot;&gt;&lt;/tr&gt;&lt;tr nameref=&quot;rowSetStart32&quot;&gt;&lt;td colspan=&quot;3&quot;&gt;&lt;div class=&quot;section-header&quot;&gt;&lt;a class=&quot;section-anchor&quot; id=&quot;section50&quot;&gt;#&lt;/a&gt;CVS&lt;/div&gt;&lt;/td&gt;&lt;/tr&gt;&lt;tr nameref=&quot;rowSetStart32&quot;&gt;&lt;td class=&quot;setting-leftspace&quot;&gt; &lt;/td&gt;&lt;td class=&quot;setting-name&quot;&gt;Default Compression Level&lt;/td&gt;&lt;td class=&quot;setting-main&quot;&gt;&lt;select name=&quot;cvsCompression&quot; path=&quot;/hudson-scm-CVSSCM/cvsCompression&quot;&gt;&lt;option value=&quot;0&quot;&gt;None&lt;/option&gt;&lt;option value=&quot;1&quot;&gt;1&lt;/option&gt;&lt;option value=&quot;2&quot;&gt;2&lt;/option&gt;&lt;option value=&quot;3&quot; selected=&quot;true&quot;&gt;3 (Recommended)&lt;/option&gt;&lt;option value=&quot;4&quot;&gt;4&lt;/option&gt;&lt;option value=&quot;5&quot;&gt;5&lt;/option&gt;&lt;option value=&quot;6&quot;&gt;6&lt;/option&gt;&lt;option value=&quot;7&quot;&gt;7&lt;/option&gt;&lt;option value=&quot;8&quot;&gt;8&lt;/option&gt;&lt;option value=&quot;9&quot;&gt;9&lt;/option&gt;&lt;/select&gt;&lt;/td&gt;&lt;/tr&gt;&lt;tr class=&quot;validation-error-area&quot; nameref=&quot;rowSetStart32&quot;&gt;&lt;td colspan=&quot;2&quot;&gt;&lt;/td&gt;&lt;td&gt;&lt;/td&gt;&lt;/tr&gt;&lt;tr nameref=&quot;rowSetStart32&quot;&gt;&lt;td class=&quot;setting-leftspace&quot;&gt; &lt;/td&gt;&lt;td class=&quot;setting-name&quot;&gt;Private Key Location&lt;/td&gt;&lt;td class=&quot;setting-main&quot;&gt;&#10;   &#10;&#10;  &#10;  &lt;input type=&quot;text&quot; class=&quot;setting-input   &quot; value=&quot;/home/hafner/.ssh/id_rsa&quot; name=&quot;privateKeyLocation&quot; path=&quot;/hudson-scm-CVSSCM/privateKeyLocation&quot; /&gt;&lt;/td&gt;&lt;/tr&gt;&lt;tr class=&quot;validation-error-area&quot; nameref=&quot;rowSetStart32&quot;&gt;&lt;td colspan=&quot;2&quot;&gt;&lt;/td&gt;&lt;td&gt;&lt;/td&gt;&lt;/tr&gt;&lt;tr nameref=&quot;rowSetStart32&quot;&gt;&lt;td class=&quot;setting-leftspace&quot;&gt; &lt;/td&gt;&lt;td class=&quot;setting-name&quot;&gt;Private Key Password&lt;/td&gt;&lt;td class=&quot;setting-main&quot;&gt;&lt;input type=&quot;password&quot; class=&quot;setting-input &quot; value=&quot;&quot; name=&quot;privateKeyPassword&quot; path=&quot;/hudson-scm-CVSSCM/privateKeyPassword&quot; /&gt;&lt;/td&gt;&lt;/tr&gt;&lt;tr class=&quot;validation-error-area&quot; nameref=&quot;rowSetStart32&quot;&gt;&lt;td colspan=&quot;2&quot;&gt;&lt;/td&gt;&lt;td&gt;&lt;/td&gt;&lt;/tr&gt;&lt;tr nameref=&quot;rowSetStart32&quot;&gt;&lt;td class=&quot;setting-leftspace&quot;&gt; &lt;/td&gt;&lt;td class=&quot;setting-name&quot;&gt;Known Hosts Location&lt;/td&gt;&lt;td class=&quot;setting-main&quot;&gt;&#10;   &#10;&#10;  &#10;  &lt;input type=&quot;text&quot; class=&quot;setting-input   &quot; value=&quot;/home/hafner/.ssh/known_hosts&quot; name=&quot;knownHostsLocation&quot; path=&quot;/hudson-scm-CVSSCM/knownHostsLocation&quot; /&gt;&lt;/td&gt;&lt;/tr&gt;&lt;tr class=&quot;validation-error-area&quot; nameref=&quot;rowSetStart32&quot;&gt;&lt;td colspan=&quot;2&quot;&gt;&lt;/td&gt;&lt;td&gt;&lt;/td&gt;&lt;/tr&gt;&lt;tr nameref=&quot;rowSetStart32&quot;&gt;&lt;td class=&quot;setting-leftspace&quot;&gt; &lt;/td&gt;&lt;td class=&quot;setting-name&quot;&gt;Authentication&lt;/td&gt;&lt;td class=&quot;setting-main&quot;&gt;&lt;div class=&quot;repeated-container&quot;&gt;&lt;div class=&quot;repeatable-insertion-point&quot;&gt;&lt;/div&gt;&lt;span class=&quot;yui-button yui-push-button repeatable-add&quot; id=&quot;yui-gen10&quot; name=&quot;&quot;&gt;&lt;span class=&quot;first-child&quot;&gt;&lt;button type=&quot;button&quot; tabindex=&quot;0&quot; id=&quot;yui-gen10-button&quot; path=&quot;/hudson-scm-CVSSCM/repeatable-add&quot;&gt;Add&lt;/button&gt;&lt;/span&gt;&lt;/span&gt;&lt;/div&gt;&lt;/td&gt;&lt;/tr&gt;&lt;tr class=&quot;validation-error-area&quot; nameref=&quot;rowSetStart32&quot;&gt;&lt;td colspan=&quot;2&quot;&gt;&lt;/td&gt;&lt;td&gt;&lt;/td&gt;&lt;/tr&gt;&lt;tr class=&quot;row-set-end&quot;&gt;&lt;/tr&gt;&lt;tr class=&quot;row-set-start&quot; name=&quot;hudson-scm-SubversionSCM&quot; style=&quot;display:none&quot; id=&quot;rowSetStart33&quot; path=&quot;/hudson-scm-SubversionSCM&quot;&gt;&lt;/tr&gt;&lt;tr nameref=&quot;rowSetStart33&quot;&gt;&lt;td colspan=&quot;3&quot;&gt;&lt;div class=&quot;section-header&quot;&gt;&lt;a class=&quot;section-anchor&quot; id=&quot;section51&quot;&gt;#&lt;/a&gt;Subversion&lt;/div&gt;&lt;/td&gt;&lt;/tr&gt;&lt;tr nameref=&quot;rowSetStart33&quot;&gt;&lt;td class=&quot;setting-leftspace&quot;&gt; &lt;/td&gt;&lt;td class=&quot;setting-name&quot;&gt;Subversion Workspace Version&lt;/td&gt;&lt;td class=&quot;setting-main&quot;&gt;&lt;select name=&quot;svn.workspaceFormat&quot; path=&quot;/hudson-scm-SubversionSCM/workspaceFormat&quot;&gt;&lt;option value=&quot;8&quot; selected=&quot;true&quot;&gt;1.4&lt;/option&gt;&lt;option value=&quot;9&quot;&gt;1.5&lt;/option&gt;&lt;option value=&quot;10&quot;&gt;1.6 (svn:externals to file)&lt;/option&gt;&lt;option value=&quot;100&quot;&gt;1.7&lt;/option&gt;&lt;/select&gt;&lt;/td&gt;&lt;td class=&quot;setting-help&quot;&gt;&lt;a helpurl=&quot;/descriptor/hudson.scm.SubversionSCM/help/workspaceFormat&quot; href=&quot;#&quot; class=&quot;help-button&quot; tabindex=&quot;9999&quot;&gt;&lt;img width=&quot;16&quot; height=&quot;16&quot; src=&quot;/static/2313d750/images/16x16/help.png&quot; alt=&quot;Help for feature: Subversion Workspace Version&quot; /&gt;&lt;/a&gt;&lt;/td&gt;&lt;/tr&gt;&lt;tr class=&quot;validation-error-area&quot; nameref=&quot;rowSetStart33&quot;&gt;&lt;td colspan=&quot;2&quot;&gt;&lt;/td&gt;&lt;td&gt;&lt;/td&gt;&lt;/tr&gt;&lt;tr class=&quot;help-area&quot; nameref=&quot;rowSetStart33&quot;&gt;&lt;td&gt;&lt;/td&gt;&lt;td colspan=&quot;2&quot;&gt;&lt;div class=&quot;help&quot;&gt;Loading...&lt;/div&gt;&lt;/td&gt;&lt;td&gt;&lt;/td&gt;&lt;/tr&gt;&lt;tr nameref=&quot;rowSetStart33&quot;&gt;&lt;td class=&quot;setting-leftspace&quot;&gt; &lt;/td&gt;&lt;td class=&quot;setting-name&quot;&gt;Exclusion revprop name&lt;/td&gt;&lt;td class=&quot;setting-main&quot;&gt;&#10;   &#10;&#10;  &#10;  &lt;input type=&quot;text&quot; class=&quot;setting-input   &quot; value=&quot;&quot; name=&quot;svn.global_excluded_revprop&quot; path=&quot;/hudson-scm-SubversionSCM/global_excluded_revprop&quot; /&gt;&lt;/td&gt;&lt;td class=&quot;setting-help&quot;&gt;&lt;a helpurl=&quot;/descriptor/hudson.scm.SubversionSCM/help/excludedRevprop&quot; href=&quot;#&quot; class=&quot;help-button&quot; tabindex=&quot;9999&quot;&gt;&lt;img width=&quot;16&quot; height=&quot;16&quot; src=&quot;/static/2313d750/images/16x16/help.png&quot; alt=&quot;Help for feature: Exclusion revprop name&quot; /&gt;&lt;/a&gt;&lt;/td&gt;&lt;/tr&gt;&lt;tr class=&quot;validation-error-area&quot; nameref=&quot;rowSetStart33&quot;&gt;&lt;td colspan=&quot;2&quot;&gt;&lt;/td&gt;&lt;td&gt;&lt;/td&gt;&lt;/tr&gt;&lt;tr class=&quot;help-area&quot; nameref=&quot;rowSetStart33&quot;&gt;&lt;td&gt;&lt;/td&gt;&lt;td colspan=&quot;2&quot;&gt;&lt;div class=&quot;help&quot;&gt;Loading...&lt;/div&gt;&lt;/td&gt;&lt;td&gt;&lt;/td&gt;&lt;/tr&gt;&lt;tr hashelp=&quot;true&quot; class=&quot;optional-block-start row-set-start&quot; ref=&quot;cb8&quot; nameref=&quot;rowSetStart33&quot;&gt;&lt;td colspan=&quot;3&quot;&gt;&lt;input type=&quot;checkbox&quot; onclick=&quot;javascript:updateOptionalBlock(this,true)&quot; class=&quot; &quot; name=&quot;svn.validateRemoteUpToVar&quot; id=&quot;cb8&quot; path=&quot;/hudson-scm-SubversionSCM/validateRemoteUpToVar&quot; /&gt;&lt;label class=&quot;attach-previous&quot;&gt;Validate repository URLs up to the first variable name&lt;/label&gt;&lt;/td&gt;&lt;td&gt;&lt;a helpurl=&quot;/descriptor/hudson.scm.SubversionSCM/help/validateRemoteUpToVar&quot; href=&quot;#&quot; class=&quot;help-button&quot; tabindex=&quot;9999&quot;&gt;&lt;img width=&quot;16&quot; height=&quot;16&quot; src=&quot;/static/2313d750/images/16x16/help.png&quot; alt=&quot;Help for feature: Validate repository URLs up to the first variable name&quot; /&gt;&lt;/a&gt;&lt;/td&gt;&lt;/tr&gt;&lt;tr class=&quot;help-area&quot; nameref=&quot;cb8&quot;&gt;&lt;td&gt;&lt;/td&gt;&lt;td colspan=&quot;2&quot;&gt;&lt;div class=&quot;help&quot;&gt;Loading...&lt;/div&gt;&lt;/td&gt;&lt;td&gt;&lt;/td&gt;&lt;/tr&gt;&lt;tr class=&quot;rowvg-start&quot; nameref=&quot;cb8&quot; style=&quot;display: none;&quot;&gt;&lt;/tr&gt;&lt;tr class=&quot;row-set-end rowvg-end optional-block-end&quot; nameref=&quot;rowSetStart33&quot;&gt;&lt;/tr&gt;&lt;tr hashelp=&quot;true&quot; class=&quot;optional-block-start row-set-start&quot; ref=&quot;cb9&quot; nameref=&quot;rowSetStart33&quot;&gt;&lt;td colspan=&quot;3&quot;&gt;&lt;input type=&quot;checkbox&quot; checked=&quot;true&quot; onclick=&quot;javascript:updateOptionalBlock(this,true)&quot; class=&quot; &quot; name=&quot;svn.storeAuthToDisk&quot; id=&quot;cb9&quot; path=&quot;/hudson-scm-SubversionSCM/storeAuthToDisk&quot; /&gt;&lt;label class=&quot;attach-previous&quot;&gt;Update default Subversion credentials cache after successful authentication&lt;/label&gt;&lt;/td&gt;&lt;td&gt;&lt;a helpurl=&quot;/descriptor/hudson.scm.SubversionSCM/help/storeAuthToDisk&quot; href=&quot;#&quot; class=&quot;help-button&quot; tabindex=&quot;9999&quot;&gt;&lt;img width=&quot;16&quot; height=&quot;16&quot; src=&quot;/static/2313d750/images/16x16/help.png&quot; alt=&quot;Help for feature: Update default Subversion credentials cache after successful authentication&quot; /&gt;&lt;/a&gt;&lt;/td&gt;&lt;/tr&gt;&lt;tr class=&quot;help-area&quot; nameref=&quot;cb9&quot;&gt;&lt;td&gt;&lt;/td&gt;&lt;td colspan=&quot;2&quot;&gt;&lt;div class=&quot;help&quot;&gt;Loading...&lt;/div&gt;&lt;/td&gt;&lt;td&gt;&lt;/td&gt;&lt;/tr&gt;&lt;tr class=&quot;rowvg-start&quot; nameref=&quot;cb9&quot;&gt;&lt;/tr&gt;&lt;tr class=&quot;row-set-end rowvg-end optional-block-end&quot; nameref=&quot;rowSetStart33&quot;&gt;&lt;/tr&gt;&lt;tr class=&quot;row-set-end&quot;&gt;&lt;/tr&gt;&lt;tr class=&quot;row-set-start&quot; name=&quot;hudson-tasks-Shell&quot; style=&quot;display:none&quot; id=&quot;rowSetStart34&quot; path=&quot;/hudson-tasks-Shell&quot;&gt;&lt;/tr&gt;&lt;tr nameref=&quot;rowSetStart34&quot;&gt;&lt;td colspan=&quot;3&quot;&gt;&lt;div class=&quot;section-header&quot;&gt;&lt;a class=&quot;section-anchor&quot; id=&quot;section52&quot;&gt;#&lt;/a&gt;Shell&lt;/div&gt;&lt;/td&gt;&lt;/tr&gt;&lt;tr nameref=&quot;rowSetStart34&quot;&gt;&lt;td class=&quot;setting-leftspace&quot;&gt; &lt;/td&gt;&lt;td class=&quot;setting-name&quot;&gt;Shell executable&lt;/td&gt;&lt;td class=&quot;setting-main&quot;&gt;&#10;   &#10;&#10;  &#10;  &lt;input type=&quot;text&quot; class=&quot;setting-input validated  &quot; value=&quot;&quot; name=&quot;shell&quot; checkurl=&quot;&apos;/builder/Shell/check?value=&apos;+encodeURIComponent(this.value)&quot; path=&quot;/hudson-tasks-Shell/shell&quot; /&gt;&lt;/td&gt;&lt;td class=&quot;setting-help&quot;&gt;&lt;a helpurl=&quot;/help/shell/shellexe.html&quot; href=&quot;#&quot; class=&quot;help-button&quot; tabindex=&quot;9999&quot;&gt;&lt;img width=&quot;16&quot; height=&quot;16&quot; src=&quot;/static/2313d750/images/16x16/help.png&quot; alt=&quot;Help for feature: Shell executable&quot; /&gt;&lt;/a&gt;&lt;/td&gt;&lt;/tr&gt;&lt;tr class=&quot;validation-error-area&quot; nameref=&quot;rowSetStart34&quot;&gt;&lt;td colspan=&quot;2&quot;&gt;&lt;/td&gt;&lt;td&gt;&lt;div&gt;&lt;/div&gt;&lt;/td&gt;&lt;/tr&gt;&lt;tr class=&quot;help-area&quot; nameref=&quot;rowSetStart34&quot;&gt;&lt;td&gt;&lt;/td&gt;&lt;td colspan=&quot;2&quot;&gt;&lt;div class=&quot;help&quot;&gt;Loading...&lt;/div&gt;&lt;/td&gt;&lt;td&gt;&lt;/td&gt;&lt;/tr&gt;&lt;tr class=&quot;row-set-end&quot;&gt;&lt;/tr&gt;&lt;tr class=&quot;row-set-start&quot; name=&quot;hudson-tasks-Mailer&quot; style=&quot;display:none&quot; id=&quot;rowSetStart35&quot; path=&quot;/hudson-tasks-Mailer&quot;&gt;&lt;/tr&gt;&lt;tr nameref=&quot;rowSetStart35&quot;&gt;&lt;td colspan=&quot;3&quot;&gt;&lt;div class=&quot;section-header&quot;&gt;&lt;a class=&quot;section-anchor&quot; id=&quot;section53&quot;&gt;#&lt;/a&gt;E-mail Notification&lt;/div&gt;&lt;/td&gt;&lt;/tr&gt;&lt;tr nameref=&quot;rowSetStart35&quot;&gt;&lt;td class=&quot;setting-leftspace&quot;&gt; &lt;/td&gt;&lt;td class=&quot;setting-name&quot;&gt;SMTP server&lt;/td&gt;&lt;td class=&quot;setting-main&quot;&gt;&#10;   &#10;&#10;  &#10;  &lt;input type=&quot;text&quot; class=&quot;setting-input validated  &quot; value=&quot;&quot; name=&quot;_.smtpServer&quot; checkurl=&quot;/descriptorByName/hudson.tasks.Mailer/checkSmtpServer&quot; checkdependson=&quot;&quot; path=&quot;/hudson-tasks-Mailer/smtpServer&quot; /&gt;&lt;/td&gt;&lt;td class=&quot;setting-help&quot;&gt;&lt;a helpurl=&quot;/descriptor/hudson.tasks.Mailer/help/smtpServer&quot; href=&quot;#&quot; class=&quot;help-button&quot; tabindex=&quot;9999&quot;&gt;&lt;img width=&quot;16&quot; height=&quot;16&quot; src=&quot;/static/2313d750/images/16x16/help.png&quot; alt=&quot;Help for feature: SMTP server&quot; /&gt;&lt;/a&gt;&lt;/td&gt;&lt;/tr&gt;&lt;tr class=&quot;validation-error-area&quot; nameref=&quot;rowSetStart35&quot;&gt;&lt;td colspan=&quot;2&quot;&gt;&lt;/td&gt;&lt;td&gt;&lt;div&gt;&lt;/div&gt;&lt;/td&gt;&lt;/tr&gt;&lt;tr class=&quot;help-area&quot; nameref=&quot;rowSetStart35&quot;&gt;&lt;td&gt;&lt;/td&gt;&lt;td colspan=&quot;2&quot;&gt;&lt;div class=&quot;help&quot;&gt;Loading...&lt;/div&gt;&lt;/td&gt;&lt;td&gt;&lt;/td&gt;&lt;/tr&gt;&lt;tr nameref=&quot;rowSetStart35&quot;&gt;&lt;td class=&quot;setting-leftspace&quot;&gt; &lt;/td&gt;&lt;td class=&quot;setting-name&quot;&gt;Default user e-mail suffix&lt;/td&gt;&lt;td class=&quot;setting-main&quot;&gt;&#10;   &#10;&#10;  &#10;  &lt;input type=&quot;text&quot; class=&quot;setting-input validated  &quot; value=&quot;&quot; name=&quot;_.defaultSuffix&quot; checkurl=&quot;/descriptorByName/hudson.tasks.Mailer/checkDefaultSuffix&quot; checkdependson=&quot;&quot; path=&quot;/hudson-tasks-Mailer/defaultSuffix&quot; /&gt;&lt;/td&gt;&lt;td class=&quot;setting-help&quot;&gt;&lt;a helpurl=&quot;/descriptor/hudson.tasks.Mailer/help/defaultSuffix&quot; href=&quot;#&quot; class=&quot;help-button&quot; tabindex=&quot;9999&quot;&gt;&lt;img width=&quot;16&quot; height=&quot;16&quot; src=&quot;/static/2313d750/images/16x16/help.png&quot; alt=&quot;Help for feature: Default user e-mail suffix&quot; /&gt;&lt;/a&gt;&lt;/td&gt;&lt;/tr&gt;&lt;tr class=&quot;validation-error-area&quot; nameref=&quot;rowSetStart35&quot;&gt;&lt;td colspan=&quot;2&quot;&gt;&lt;/td&gt;&lt;td&gt;&lt;div&gt;&lt;/div&gt;&lt;/td&gt;&lt;/tr&gt;&lt;tr class=&quot;help-area&quot; nameref=&quot;rowSetStart35&quot;&gt;&lt;td&gt;&lt;/td&gt;&lt;td colspan=&quot;2&quot;&gt;&lt;div class=&quot;help&quot;&gt;Loading...&lt;/div&gt;&lt;/td&gt;&lt;td&gt;&lt;/td&gt;&lt;/tr&gt;&lt;tr nameref=&quot;rowSetStart35&quot;&gt;&lt;td&gt;&lt;/td&gt;&lt;td&gt;&lt;/td&gt;&lt;td&gt;&lt;div class=&quot;advancedLink&quot; style=&quot;&quot;&gt;&lt;span style=&quot;&quot; id=&quot;id82&quot;&gt;&lt;img tooltip=&quot;One or more fields in this block have been edited.&quot; src=&quot;/static/2313d750/images/16x16/document_edit.png&quot; alt=&quot;One or more fields in this block have been edited.&quot; style=&quot;vertical-align: super&quot; title=&quot;One or more fields in this block have been edited.&quot; /&gt;&lt;/span&gt;&lt;span class=&quot;yui-button yui-push-button advanced-button advancedButton&quot; id=&quot;yui-gen2&quot; name=&quot;&quot;&gt;&lt;span class=&quot;first-child&quot;&gt;&lt;button type=&quot;button&quot; tabindex=&quot;0&quot; id=&quot;yui-gen2-button&quot; path=&quot;/hudson-tasks-Mailer/advanced-button&quot;&gt;Advanced...&lt;/button&gt;&lt;/span&gt;&lt;/span&gt;&lt;/div&gt;&lt;table class=&quot;advancedBody&quot;&gt;&lt;tbody&gt;&lt;tr hashelp=&quot;true&quot; class=&quot;optional-block-start row-set-start&quot; ref=&quot;cb10&quot;&gt;&lt;td colspan=&quot;3&quot;&gt;&lt;input type=&quot;checkbox&quot; onclick=&quot;javascript:updateOptionalBlock(this,true)&quot; class=&quot; &quot; name=&quot;useSMTPAuth&quot; id=&quot;cb10&quot; path=&quot;/hudson-tasks-Mailer/useSMTPAuth&quot; /&gt;&lt;label class=&quot;attach-previous&quot;&gt;Use SMTP Authentication&lt;/label&gt;&lt;/td&gt;&lt;td&gt;&lt;a helpurl=&quot;/help/tasks/mailer/smtpAuth.html&quot; href=&quot;#&quot; class=&quot;help-button&quot; tabindex=&quot;9999&quot;&gt;&lt;img width=&quot;16&quot; height=&quot;16&quot; src=&quot;/static/2313d750/images/16x16/help.png&quot; alt=&quot;Help for feature: Use SMTP Authentication&quot; /&gt;&lt;/a&gt;&lt;/td&gt;&lt;/tr&gt;&lt;tr class=&quot;help-area&quot; nameref=&quot;cb10&quot;&gt;&lt;td&gt;&lt;/td&gt;&lt;td colspan=&quot;2&quot;&gt;&lt;div class=&quot;help&quot;&gt;Loading...&lt;/div&gt;&lt;/td&gt;&lt;td&gt;&lt;/td&gt;&lt;/tr&gt;&lt;tr class=&quot;rowvg-start&quot; nameref=&quot;cb10&quot; style=&quot;display: none;&quot;&gt;&lt;/tr&gt;&lt;tr nameref=&quot;cb10&quot; style=&quot;display: none;&quot;&gt;&lt;td class=&quot;setting-leftspace&quot;&gt; &lt;/td&gt;&lt;td class=&quot;setting-name&quot;&gt;User Name&lt;/td&gt;&lt;td class=&quot;setting-main&quot;&gt;&#10;   &#10;&#10;  &#10;  &lt;input type=&quot;text&quot; class=&quot;setting-input   &quot; value=&quot;&quot; name=&quot;_.smtpAuthUserName&quot; /&gt;&lt;/td&gt;&lt;/tr&gt;&lt;tr class=&quot;validation-error-area&quot; nameref=&quot;cb10&quot; style=&quot;display: none;&quot;&gt;&lt;td colspan=&quot;2&quot;&gt;&lt;/td&gt;&lt;td&gt;&lt;/td&gt;&lt;/tr&gt;&lt;tr nameref=&quot;cb10&quot; style=&quot;display: none;&quot;&gt;&lt;td class=&quot;setting-leftspace&quot;&gt; &lt;/td&gt;&lt;td class=&quot;setting-name&quot;&gt;Password&lt;/td&gt;&lt;td class=&quot;setting-main&quot;&gt;&lt;input type=&quot;password&quot; class=&quot;setting-input &quot; value=&quot;&quot; name=&quot;_.smtpAuthPassword&quot; /&gt;&lt;/td&gt;&lt;/tr&gt;&lt;tr class=&quot;validation-error-area&quot; nameref=&quot;cb10&quot; style=&quot;display: none;&quot;&gt;&lt;td colspan=&quot;2&quot;&gt;&lt;/td&gt;&lt;td&gt;&lt;/td&gt;&lt;/tr&gt;&lt;tr class=&quot;row-set-end rowvg-end optional-block-end&quot;&gt;&lt;/tr&gt;&lt;tr&gt;&lt;td class=&quot;setting-leftspace&quot;&gt; &lt;/td&gt;&lt;td class=&quot;setting-name&quot;&gt;Use SSL&lt;/td&gt;&lt;td class=&quot;setting-main&quot;&gt;&lt;input type=&quot;checkbox&quot; class=&quot; &quot; name=&quot;_.useSsl&quot; path=&quot;/hudson-tasks-Mailer/useSsl&quot; /&gt;&lt;/td&gt;&lt;td class=&quot;setting-help&quot;&gt;&lt;a helpurl=&quot;/descriptor/hudson.tasks.Mailer/help/useSsl&quot; href=&quot;#&quot; class=&quot;help-button&quot; tabindex=&quot;9999&quot;&gt;&lt;img width=&quot;16&quot; height=&quot;16&quot; src=&quot;/static/2313d750/images/16x16/help.png&quot; alt=&quot;Help for feature: Use SSL&quot; /&gt;&lt;/a&gt;&lt;/td&gt;&lt;/tr&gt;&lt;tr class=&quot;validation-error-area&quot;&gt;&lt;td colspan=&quot;2&quot;&gt;&lt;/td&gt;&lt;td&gt;&lt;/td&gt;&lt;/tr&gt;&lt;tr class=&quot;help-area&quot;&gt;&lt;td&gt;&lt;/td&gt;&lt;td colspan=&quot;2&quot;&gt;&lt;div class=&quot;help&quot;&gt;Loading...&lt;/div&gt;&lt;/td&gt;&lt;td&gt;&lt;/td&gt;&lt;/tr&gt;&lt;tr&gt;&lt;td class=&quot;setting-leftspace&quot;&gt; &lt;/td&gt;&lt;td class=&quot;setting-name&quot;&gt;SMTP Port&lt;/td&gt;&lt;td class=&quot;setting-main&quot;&gt;&#10;   &#10;&#10;  &#10;  &lt;input type=&quot;text&quot; class=&quot;setting-input   &quot; value=&quot;&quot; name=&quot;_.smtpPort&quot; path=&quot;/hudson-tasks-Mailer/smtpPort&quot; /&gt;&lt;/td&gt;&lt;td class=&quot;setting-help&quot;&gt;&lt;a helpurl=&quot;/descriptor/hudson.tasks.Mailer/help/smtpPort&quot; href=&quot;#&quot; class=&quot;help-button&quot; tabindex=&quot;9999&quot;&gt;&lt;img width=&quot;16&quot; height=&quot;16&quot; src=&quot;/static/2313d750/images/16x16/help.png&quot; alt=&quot;Help for feature: SMTP Port&quot; /&gt;&lt;/a&gt;&lt;/td&gt;&lt;/tr&gt;&lt;tr class=&quot;validation-error-area&quot;&gt;&lt;td colspan=&quot;2&quot;&gt;&lt;/td&gt;&lt;td&gt;&lt;/td&gt;&lt;/tr&gt;&lt;tr class=&quot;help-area&quot;&gt;&lt;td&gt;&lt;/td&gt;&lt;td colspan=&quot;2&quot;&gt;&lt;div class=&quot;help&quot;&gt;Loading...&lt;/div&gt;&lt;/td&gt;&lt;td&gt;&lt;/td&gt;&lt;/tr&gt;&lt;tr&gt;&lt;td class=&quot;setting-leftspace&quot;&gt; &lt;/td&gt;&lt;td class=&quot;setting-name&quot;&gt;Reply-To Address&lt;/td&gt;&lt;td class=&quot;setting-main&quot;&gt;&#10;   &#10;&#10;  &#10;  &lt;input type=&quot;text&quot; class=&quot;setting-input   &quot; value=&quot;&quot; name=&quot;_.replyToAddress&quot; path=&quot;/hudson-tasks-Mailer/replyToAddress&quot; /&gt;&lt;/td&gt;&lt;/tr&gt;&lt;tr class=&quot;validation-error-area&quot;&gt;&lt;td colspan=&quot;2&quot;&gt;&lt;/td&gt;&lt;td&gt;&lt;/td&gt;&lt;/tr&gt;&lt;tr&gt;&lt;td class=&quot;setting-leftspace&quot;&gt; &lt;/td&gt;&lt;td class=&quot;setting-name&quot;&gt;Charset&lt;/td&gt;&lt;td class=&quot;setting-main&quot;&gt;&#10;   &#10;&#10;  &#10;  &lt;input type=&quot;text&quot; class=&quot;setting-input   &quot; value=&quot;UTF-8&quot; name=&quot;_.charset&quot; path=&quot;/hudson-tasks-Mailer/charset&quot; /&gt;&lt;/td&gt;&lt;/tr&gt;&lt;tr class=&quot;validation-error-area&quot;&gt;&lt;td colspan=&quot;2&quot;&gt;&lt;/td&gt;&lt;td&gt;&lt;/td&gt;&lt;/tr&gt;&lt;/tbody&gt;&lt;/table&gt;&lt;script&gt;{&#10;                      var span = $(&apos;id82&apos;);&#10;                      if (span != null) {&#10;                          span.style.display = &apos;&apos;;&#10;                      } else if (console &amp;amp;&amp;amp; console.log) {&#10;                          console.log(&apos;no element id82 for [_.charset]&apos;);&#10;                      }&#10;                  }&lt;/script&gt;&lt;/td&gt;&lt;/tr&gt;&lt;tr hashelp=&quot;false&quot; class=&quot;optional-block-start row-set-start&quot; ref=&quot;cb11&quot; nameref=&quot;rowSetStart35&quot;&gt;&lt;td colspan=&quot;3&quot;&gt;&lt;input type=&quot;checkbox&quot; onclick=&quot;javascript:updateOptionalBlock(this,true)&quot; class=&quot; &quot; name=&quot;_.&quot; id=&quot;cb11&quot; path=&quot;/hudson-tasks-Mailer/&quot; /&gt;&lt;label class=&quot;attach-previous&quot;&gt;Test configuration by sending test e-mail&lt;/label&gt;&lt;/td&gt;&lt;/tr&gt;&lt;tr class=&quot;rowvg-start&quot; nameref=&quot;cb11&quot; style=&quot;display: none;&quot;&gt;&lt;/tr&gt;&lt;tr nameref=&quot;cb11&quot; style=&quot;display: none;&quot;&gt;&lt;td class=&quot;setting-leftspace&quot;&gt; &lt;/td&gt;&lt;td class=&quot;setting-name&quot;&gt;Test e-mail recipient&lt;/td&gt;&lt;td class=&quot;setting-main&quot;&gt;&#10;   &#10;&#10;  &#10;  &lt;input type=&quot;text&quot; class=&quot;setting-input   &quot; value=&quot;&quot; name=&quot;sendTestMailTo&quot; /&gt;&lt;/td&gt;&lt;/tr&gt;&lt;tr class=&quot;validation-error-area&quot; nameref=&quot;cb11&quot; style=&quot;display: none;&quot;&gt;&lt;td colspan=&quot;2&quot;&gt;&lt;/td&gt;&lt;td&gt;&lt;/td&gt;&lt;/tr&gt;&lt;tr nameref=&quot;cb11&quot; style=&quot;display: none;&quot;&gt;&lt;td class=&quot;setting-leftspace&quot;&gt; &lt;/td&gt;&lt;td class=&quot;setting-name&quot;&gt;&lt;/td&gt;&lt;td class=&quot;setting-main&quot;&gt;&lt;div style=&quot;float:right&quot;&gt;&lt;span class=&quot;yui-button yui-push-button yui-button validate-button&quot; id=&quot;yui-gen13&quot; name=&quot;&quot;&gt;&lt;span class=&quot;first-child&quot;&gt;&lt;button type=&quot;button&quot; tabindex=&quot;0&quot; id=&quot;yui-gen13-button&quot;&gt;Test configuration&lt;/button&gt;&lt;/span&gt;&lt;/span&gt;&lt;/div&gt;&lt;div style=&quot;display:none;&quot;&gt;&lt;img src=&quot;/static/2313d750/images/spinner.gif&quot; /&gt; &#10;    &lt;/div&gt;&lt;div&gt;&lt;/div&gt;&lt;/td&gt;&lt;/tr&gt;&lt;tr class=&quot;validation-error-area&quot; nameref=&quot;cb11&quot; style=&quot;display: none;&quot;&gt;&lt;td colspan=&quot;2&quot;&gt;&lt;/td&gt;&lt;td&gt;&lt;/td&gt;&lt;/tr&gt;&lt;tr class=&quot;row-set-end rowvg-end optional-block-end&quot; nameref=&quot;rowSetStart35&quot;&gt;&lt;/tr&gt;&lt;tr class=&quot;row-set-end&quot;&gt;&lt;/tr&gt;&lt;tr class=&quot;row-set-start&quot; name=&quot;jenkins-plugins-publish_over_ssh-BapSshPublisherPlugin&quot; style=&quot;display:none&quot; id=&quot;rowSetStart37&quot; path=&quot;/jenkins-plugins-publish_over_ssh-BapSshPublisherPlugin&quot;&gt;&lt;/tr&gt;&lt;tr nameref=&quot;rowSetStart37&quot;&gt;&lt;td colspan=&quot;3&quot;&gt;&lt;div class=&quot;section-header&quot;&gt;&lt;a class=&quot;section-anchor&quot; id=&quot;section54&quot;&gt;#&lt;/a&gt;Publish over SSH&lt;/div&gt;&lt;/td&gt;&lt;/tr&gt;&lt;tr nameref=&quot;rowSetStart37&quot;&gt;&lt;td class=&quot;setting-leftspace&quot;&gt; &lt;/td&gt;&lt;td class=&quot;setting-name&quot;&gt;Jenkins SSH Key&lt;/td&gt;&lt;td class=&quot;setting-main&quot;&gt;&lt;/td&gt;&lt;td class=&quot;setting-help&quot;&gt;&lt;a helpurl=&quot;/descriptor/jenkins.plugins.publish_over_ssh.BapSshPublisherPlugin/help/defaultKeySummary&quot; href=&quot;#&quot; class=&quot;help-button&quot; tabindex=&quot;9999&quot;&gt;&lt;img width=&quot;16&quot; height=&quot;16&quot; src=&quot;/static/2313d750/images/16x16/help.png&quot; alt=&quot;Help for feature: Jenkins SSH Key&quot; /&gt;&lt;/a&gt;&lt;/td&gt;&lt;/tr&gt;&lt;tr class=&quot;validation-error-area&quot; nameref=&quot;rowSetStart37&quot;&gt;&lt;td colspan=&quot;2&quot;&gt;&lt;/td&gt;&lt;td&gt;&lt;/td&gt;&lt;/tr&gt;&lt;tr class=&quot;help-area&quot; nameref=&quot;rowSetStart37&quot;&gt;&lt;td&gt;&lt;/td&gt;&lt;td colspan=&quot;2&quot;&gt;&lt;div class=&quot;help&quot;&gt;Loading...&lt;/div&gt;&lt;/td&gt;&lt;td&gt;&lt;/td&gt;&lt;/tr&gt;&lt;tr class=&quot;row-set-start&quot; name=&quot;commonConfig&quot; style=&quot;display:none&quot; id=&quot;rowSetStart36&quot; nameref=&quot;rowSetStart37&quot; path=&quot;/jenkins-plugins-publish_over_ssh-BapSshPublisherPlugin/commonConfig&quot;&gt;&lt;/tr&gt;&lt;tr nameref=&quot;rowSetStart36&quot;&gt;&lt;td class=&quot;setting-leftspace&quot;&gt; &lt;/td&gt;&lt;td class=&quot;setting-name&quot;&gt;Passphrase&lt;/td&gt;&lt;td class=&quot;setting-main&quot;&gt;&lt;input type=&quot;password&quot; class=&quot;setting-input &quot; value=&quot;&quot; name=&quot;common.encryptedPassphrase&quot; path=&quot;/jenkins-plugins-publish_over_ssh-BapSshPublisherPlugin/commonConfig/encryptedPassphrase&quot; /&gt;&lt;/td&gt;&lt;td class=&quot;setting-help&quot;&gt;&lt;a helpurl=&quot;/descriptor/jenkins.plugins.publish_over_ssh.BapSshCommonConfiguration/help/encryptedPassphrase&quot; href=&quot;#&quot; class=&quot;help-button&quot; tabindex=&quot;9999&quot;&gt;&lt;img width=&quot;16&quot; height=&quot;16&quot; src=&quot;/static/2313d750/images/16x16/help.png&quot; alt=&quot;Help for feature: Passphrase&quot; /&gt;&lt;/a&gt;&lt;/td&gt;&lt;/tr&gt;&lt;tr class=&quot;validation-error-area&quot; nameref=&quot;rowSetStart36&quot;&gt;&lt;td colspan=&quot;2&quot;&gt;&lt;/td&gt;&lt;td&gt;&lt;/td&gt;&lt;/tr&gt;&lt;tr class=&quot;help-area&quot; nameref=&quot;rowSetStart36&quot;&gt;&lt;td&gt;&lt;/td&gt;&lt;td colspan=&quot;2&quot;&gt;&lt;div class=&quot;help&quot;&gt;Loading...&lt;/div&gt;&lt;/td&gt;&lt;td&gt;&lt;/td&gt;&lt;/tr&gt;&lt;tr nameref=&quot;rowSetStart36&quot;&gt;&lt;td class=&quot;setting-leftspace&quot;&gt; &lt;/td&gt;&lt;td class=&quot;setting-name&quot;&gt;Path to key&lt;/td&gt;&lt;td class=&quot;setting-main&quot;&gt;&#10;   &#10;&#10;  &#10;  &lt;input type=&quot;text&quot; class=&quot;setting-input validated  &quot; value=&quot;&quot; name=&quot;common.keyPath&quot; checkurl=&quot;/descriptorByName/jenkins.plugins.publish_over_ssh.BapSshCommonConfiguration/checkKeyPath&quot; checkdependson=&quot;&quot; path=&quot;/jenkins-plugins-publish_over_ssh-BapSshPublisherPlugin/commonConfig/keyPath&quot; /&gt;&lt;/td&gt;&lt;td class=&quot;setting-help&quot;&gt;&lt;a helpurl=&quot;/descriptor/jenkins.plugins.publish_over_ssh.BapSshCommonConfiguration/help/keyPath&quot; href=&quot;#&quot; class=&quot;help-button&quot; tabindex=&quot;9999&quot;&gt;&lt;img width=&quot;16&quot; height=&quot;16&quot; src=&quot;/static/2313d750/images/16x16/help.png&quot; alt=&quot;Help for feature: Path to key&quot; /&gt;&lt;/a&gt;&lt;/td&gt;&lt;/tr&gt;&lt;tr class=&quot;validation-error-area&quot; nameref=&quot;rowSetStart36&quot;&gt;&lt;td colspan=&quot;2&quot;&gt;&lt;/td&gt;&lt;td&gt;&lt;div&gt;&lt;/div&gt;&lt;/td&gt;&lt;/tr&gt;&lt;tr class=&quot;help-area&quot; nameref=&quot;rowSetStart36&quot;&gt;&lt;td&gt;&lt;/td&gt;&lt;td colspan=&quot;2&quot;&gt;&lt;div class=&quot;help&quot;&gt;Loading...&lt;/div&gt;&lt;/td&gt;&lt;td&gt;&lt;/td&gt;&lt;/tr&gt;&lt;tr nameref=&quot;rowSetStart36&quot;&gt;&lt;td class=&quot;setting-leftspace&quot;&gt; &lt;/td&gt;&lt;td class=&quot;setting-name&quot;&gt;Key&lt;/td&gt;&lt;td class=&quot;setting-main&quot;&gt;&lt;textarea rows=&quot;5&quot; class=&quot;setting-input   &quot; name=&quot;common.key&quot; path=&quot;/jenkins-plugins-publish_over_ssh-BapSshPublisherPlugin/commonConfig/key&quot;&gt;&lt;/textarea&gt;&lt;div class=&quot;textarea-handle&quot;&gt;&lt;/div&gt;&lt;/td&gt;&lt;td class=&quot;setting-help&quot;&gt;&lt;a helpurl=&quot;/descriptor/jenkins.plugins.publish_over_ssh.BapSshCommonConfiguration/help/key&quot; href=&quot;#&quot; class=&quot;help-button&quot; tabindex=&quot;9999&quot;&gt;&lt;img width=&quot;16&quot; height=&quot;16&quot; src=&quot;/static/2313d750/images/16x16/help.png&quot; alt=&quot;Help for feature: Key&quot; /&gt;&lt;/a&gt;&lt;/td&gt;&lt;/tr&gt;&lt;tr class=&quot;validation-error-area&quot; nameref=&quot;rowSetStart36&quot;&gt;&lt;td colspan=&quot;2&quot;&gt;&lt;/td&gt;&lt;td&gt;&lt;/td&gt;&lt;/tr&gt;&lt;tr class=&quot;help-area&quot; nameref=&quot;rowSetStart36&quot;&gt;&lt;td&gt;&lt;/td&gt;&lt;td colspan=&quot;2&quot;&gt;&lt;div class=&quot;help&quot;&gt;Loading...&lt;/div&gt;&lt;/td&gt;&lt;td&gt;&lt;/td&gt;&lt;/tr&gt;&lt;tr nameref=&quot;rowSetStart36&quot;&gt;&lt;td class=&quot;setting-leftspace&quot;&gt; &lt;/td&gt;&lt;td class=&quot;setting-name&quot;&gt;Disable exec&lt;/td&gt;&lt;td class=&quot;setting-main&quot;&gt;&lt;input type=&quot;checkbox&quot; class=&quot; &quot; name=&quot;common.disableAllExec&quot; path=&quot;/jenkins-plugins-publish_over_ssh-BapSshPublisherPlugin/commonConfig/disableAllExec&quot; /&gt;&lt;/td&gt;&lt;td class=&quot;setting-help&quot;&gt;&lt;a helpurl=&quot;/descriptor/jenkins.plugins.publish_over_ssh.BapSshCommonConfiguration/help/disableAllExec&quot; href=&quot;#&quot; class=&quot;help-button&quot; tabindex=&quot;9999&quot;&gt;&lt;img width=&quot;16&quot; height=&quot;16&quot; src=&quot;/static/2313d750/images/16x16/help.png&quot; alt=&quot;Help for feature: Disable exec&quot; /&gt;&lt;/a&gt;&lt;/td&gt;&lt;/tr&gt;&lt;tr class=&quot;validation-error-area&quot; nameref=&quot;rowSetStart36&quot;&gt;&lt;td colspan=&quot;2&quot;&gt;&lt;/td&gt;&lt;td&gt;&lt;/td&gt;&lt;/tr&gt;&lt;tr class=&quot;help-area&quot; nameref=&quot;rowSetStart36&quot;&gt;&lt;td&gt;&lt;/td&gt;&lt;td colspan=&quot;2&quot;&gt;&lt;div class=&quot;help&quot;&gt;Loading...&lt;/div&gt;&lt;/td&gt;&lt;td&gt;&lt;/td&gt;&lt;/tr&gt;&lt;tr class=&quot;row-set-end&quot; nameref=&quot;rowSetStart37&quot;&gt;&lt;/tr&gt;&lt;tr nameref=&quot;rowSetStart37&quot;&gt;&lt;td class=&quot;setting-leftspace&quot;&gt; &lt;/td&gt;&lt;td class=&quot;setting-name&quot;&gt;SSH Servers&lt;/td&gt;&lt;td class=&quot;setting-main&quot;&gt;&lt;div class=&quot;repeated-container with-drag-drop&quot;&gt;&lt;div class=&quot;repeatable-insertion-point&quot;&gt;&lt;/div&gt;&lt;span class=&quot;yui-button yui-push-button repeatable-add&quot; id=&quot;yui-gen11&quot; name=&quot;&quot;&gt;&lt;span class=&quot;first-child&quot;&gt;&lt;button type=&quot;button&quot; tabindex=&quot;0&quot; id=&quot;yui-gen11-button&quot; path=&quot;/jenkins-plugins-publish_over_ssh-BapSshPublisherPlugin/repeatable-add&quot;&gt;Add&lt;/button&gt;&lt;/span&gt;&lt;/span&gt;&lt;/div&gt;&lt;/td&gt;&lt;/tr&gt;&lt;tr class=&quot;validation-error-area&quot; nameref=&quot;rowSetStart37&quot;&gt;&lt;td colspan=&quot;2&quot;&gt;&lt;/td&gt;&lt;td&gt;&lt;/td&gt;&lt;/tr&gt;&lt;tr nameref=&quot;rowSetStart37&quot;&gt;&lt;td&gt;&lt;/td&gt;&lt;td&gt;&lt;/td&gt;&lt;td&gt;&lt;div class=&quot;advancedLink&quot; style=&quot;&quot;&gt;&lt;span style=&quot;display: none&quot; id=&quot;id84&quot;&gt;&lt;img tooltip=&quot;One or more fields in this block have been edited.&quot; src=&quot;/static/2313d750/images/16x16/document_edit.png&quot; alt=&quot;One or more fields in this block have been edited.&quot; style=&quot;vertical-align: super&quot; title=&quot;One or more fields in this block have been edited.&quot; /&gt;&lt;/span&gt;&lt;span class=&quot;yui-button yui-push-button advanced-button advancedButton&quot; id=&quot;yui-gen3&quot; name=&quot;&quot;&gt;&lt;span class=&quot;first-child&quot;&gt;&lt;button type=&quot;button&quot; tabindex=&quot;0&quot; id=&quot;yui-gen3-button&quot; path=&quot;/jenkins-plugins-publish_over_ssh-BapSshPublisherPlugin/advanced-button&quot;&gt;Advanced...&lt;/button&gt;&lt;/span&gt;&lt;/span&gt;&lt;/div&gt;&lt;table class=&quot;advancedBody&quot;&gt;&lt;tbody&gt;&lt;tr&gt;&lt;td class=&quot;setting-leftspace&quot;&gt; &lt;/td&gt;&lt;td class=&quot;setting-name&quot;&gt;&lt;/td&gt;&lt;td class=&quot;setting-main&quot;&gt;&lt;/td&gt;&lt;/tr&gt;&lt;tr&gt;&lt;td class=&quot;setting-leftspace&quot;&gt; &lt;/td&gt;&lt;td class=&quot;setting-name&quot;&gt;Publisher defaults&lt;/td&gt;&lt;td class=&quot;setting-main&quot;&gt;&lt;select class=&quot;setting-input dropdownList&quot; path=&quot;/jenkins-plugins-publish_over_ssh-BapSshPublisherPlugin/&quot;&gt;&lt;option value=&quot;0&quot;&gt;Configure defaults&lt;/option&gt;&lt;option value=&quot;1&quot; selected=&quot;true&quot;&gt;Use plugin defaults&lt;/option&gt;&lt;/select&gt;&lt;/td&gt;&lt;/tr&gt;&lt;tr class=&quot;dropdownList-container&quot;&gt;&lt;td colspan=&quot;2&quot;&gt;&lt;/td&gt;&lt;td colspan=&quot;2&quot;&gt;&lt;table width=&quot;100%&quot; name=&quot;defaults&quot; path=&quot;/jenkins-plugins-publish_over_ssh-BapSshPublisherPlugin/defaults&quot;&gt;&lt;tbody&gt;&lt;tr class=&quot;dropdownList-start rowvg-start&quot; style=&quot;display: none;&quot; field-disabled=&quot;true&quot;&gt;&lt;td style=&quot;display:none&quot;&gt;&lt;input type=&quot;hidden&quot; value=&quot;jenkins.plugins.publish_over_ssh.options.SshOverrideDefaults&quot; name=&quot;stapler-class&quot; /&gt;&lt;/td&gt;&lt;/tr&gt;&lt;tr proxy=&quot;makeStaplerProxy(&apos;/$stapler/bound/fc5d7224-d5eb-43cd-a3ee-4e278d71e94d&apos;,&apos;12945770-e11b-46f0-9396-34fb0d6d9739&apos;,[&apos;render&apos;])&quot; class=&quot;render-on-demand &quot; style=&quot;display: none;&quot; field-disabled=&quot;true&quot;&gt;&lt;/tr&gt;&lt;tr class=&quot;dropdownList-end rowvg-end&quot;&gt;&lt;/tr&gt;&lt;tr class=&quot;dropdownList-start rowvg-start&quot;&gt;&lt;td style=&quot;display:none&quot;&gt;&lt;input type=&quot;hidden&quot; value=&quot;jenkins.plugins.publish_over_ssh.options.SshPluginDefaults&quot; name=&quot;stapler-class&quot; path=&quot;/jenkins-plugins-publish_over_ssh-BapSshPublisherPlugin/defaults/stapler-class&quot; /&gt;&lt;/td&gt;&lt;/tr&gt;&lt;tr class=&quot;dropdownList-end rowvg-end&quot;&gt;&lt;/tr&gt;&lt;/tbody&gt;&lt;/table&gt;&lt;/td&gt;&lt;/tr&gt;&lt;tr class=&quot;validation-error-area&quot;&gt;&lt;td colspan=&quot;2&quot;&gt;&lt;/td&gt;&lt;td&gt;&lt;/td&gt;&lt;/tr&gt;&lt;/tbody&gt;&lt;/table&gt;&lt;/td&gt;&lt;/tr&gt;&lt;tr class=&quot;row-set-end&quot;&gt;&lt;/tr&gt;&lt;tr class=&quot;row-set-start&quot; name=&quot;hudson-triggers-SCMTrigger&quot; style=&quot;display:none&quot; id=&quot;rowSetStart38&quot;&gt;&lt;/tr&gt;&lt;tr class=&quot;row-set-end&quot;&gt;&lt;/tr&gt;&lt;tr class=&quot;row-set-start&quot; name=&quot;jenkins-model-GlobalCloudConfiguration&quot; style=&quot;display:none&quot; id=&quot;rowSetStart39&quot;&gt;&lt;/tr&gt;&lt;tr class=&quot;row-set-end&quot;&gt;&lt;/tr&gt;&lt;tr&gt;&lt;td colspan=&quot;3&quot;&gt;&lt;div style=&quot;height: 62px;&quot;&gt;&lt;/div&gt;&lt;div id=&quot;bottom-sticker&quot; style=&quot;position: fixed; bottom: 0px; left: 193px;&quot;&gt;&lt;div class=&quot;bottom-sticker-edge&quot;&gt;&lt;/div&gt;&lt;div class=&quot;bottom-sticker-inner&quot;&gt;&lt;span class=&quot;yui-button yui-submit-button submit-button&quot; id=&quot;yui-gen12&quot; name=&quot;Submit&quot; path=&quot;/Submit&quot;&gt;&lt;span class=&quot;first-child&quot;&gt;&lt;button type=&quot;button&quot; tabindex=&quot;0&quot; id=&quot;yui-gen12-button&quot;&gt;Save&lt;/button&gt;&lt;/span&gt;&lt;/span&gt;&lt;script type=&quot;text/javascript&quot; src=&quot;/adjuncts/2313d750/lib/form/apply/apply.js&quot;&gt;&lt;/script&gt;&lt;input type=&quot;hidden&quot; value=&quot;&quot; name=&quot;core:apply&quot; path=&quot;/core:apply&quot; /&gt;&lt;span class=&quot;yui-button yui-push-button apply-button applyButton&quot; id=&quot;yui-gen4&quot; name=&quot;Apply&quot; path=&quot;/Apply&quot;&gt;&lt;span class=&quot;first-child&quot;&gt;&lt;button type=&quot;button&quot; tabindex=&quot;0&quot; id=&quot;yui-gen4-button&quot; path=&quot;/Apply/apply-button&quot;&gt;Apply&lt;/button&gt;&lt;/span&gt;&lt;/span&gt;&lt;/div&gt;&lt;/div&gt;&lt;/td&gt;&lt;/tr&gt;&lt;/tbody&gt;&lt;/table&gt;&lt;div&gt;&lt;input type=&quot;hidden&quot; value=&quot;init&quot; name=&quot;json&quot; /&gt;&lt;/div&gt;&lt;/form&gt;&lt;/td&gt;&lt;/tr&gt;&lt;/tbody&gt;&lt;/table&gt;&lt;table width=&quot;100%&quot;&gt;&lt;tbody&gt;&lt;tr&gt;&lt;td id=&quot;footer&quot;&gt;&lt;div style=&quot;display: block; float: left;&quot; id=&quot;l10n-footer&quot;&gt;&lt;a onclick=&quot;return showTranslationDialog();&quot; href=&quot;#&quot;&gt;&lt;img src=&quot;/static/2313d750/plugin/translation/flags.png&quot; /&gt;&#10;      Help us localize this page&#10;    &lt;/a&gt;&lt;/div&gt;&lt;span style=&quot;padding-right:2em; color:gray&quot;&gt;&#10;          Page generated:&#10;          May 26, 2014 11:52:42 AM&lt;/span&gt;&lt;span style=&quot;padding-right:2em&quot;&gt;&lt;a href=&quot;api/&quot;&gt;REST API&lt;/a&gt;&lt;/span&gt;&lt;a href=&quot;http://jenkins-ci.org/&quot;&gt;Jenkins ver. 1.560&lt;/a&gt;&lt;/td&gt;&lt;/tr&gt;&lt;/tbody&gt;&lt;/table&gt;&lt;div class=&quot;dialog&quot; id=&quot;l10n-dialog&quot;&gt;&lt;/div&gt;&lt;script&gt;var footer = document.getElementById(&apos;l10n-footer&apos;);&#10;    var f = document.getElementById(&apos;footer&apos;);&#10;    f.insertBefore(footer,f.firstChild);&#10;    footer.style.display=&quot;block&quot;;&#10;&#10;    var translation={}; &#10;    translation.bundles = &quot;l22Glb85RhzfJ61Gv4LhWiEktnX8MACgxzrpn3N7QzZ/Euk6WtrXEHZfbbbxWDCF7W2vhkMN8LInH4zj9mMnCtZdu9NnUCLNdlT1gEGmcV5jc2gdP0q80ATmNeAOiiO4iTITU8GvPMclEM8jjNupJ/J4Bjb+JT5OssE8BaF9TTBDkZ5Y7Zmydu97VS2dnuf9J/R08GUWPVM61M6dxDH+Yfi9ol/AkFvFcsoGBFWvWT5PLp/ZZk6prOGSmYFEyuaL1PYtKQoF8c4gp/KtGTge0//chLPRV1TiTT7g95dCghOnOgNzTVtbiofH2ohw+EYpeYxGHNXQjkkw6Lb/pYgZGbLarweuVDNT4WlycrfnPc3zb6LSHhVm35MKTVeuwB8FVmMpBsOzieN4GMalc+T6RRyAD/BfEKzj7PXai9HSDeIURcCOWW9y3evf7TQ8Bf7e1VAHycd/ctQvl1Ug7lg1kZphgScPN9/g//753oFQzSoJeglFSoBrN30AviDtTyaxAQpzzo8kYGULFBMDExi/CkedDZUM/iHX6yQak2zZQgozjStX+SnDpYzn+/lS/KikhfHogL35q28AmFyHODqgSdwLxls0fGnVfVfH7P914OVHRaCVmBTMMkYDdDnWhTM3v1hPRrGAMBOKLCR7BOOuHxoM7Kyt26XvAdxhjU5WsFVz56/m2s75xsrc5LVQVXk+Bt8xZ3zBpBQ3OUebGEeQbvIQNG1LniQJU662wMFr+d3IptEWXHvmAXVUhV0mG6w9mkVpMtJN/TFBvRUbDgpYlKXhFDBsNYSF6e7s3JGL90k7CG0sE5+jTd+BRSru11O/MYN1VQikmGccwJwjnyBsFcItlQuCldsYnEBvR3XoczagJbnfrjnWQEAQ6mrJzVcycNGJPdDw16S+yo8+hksSyHmXXP/5/coKCzlpjKBAe4ZvcdnNZrVDviaQuOzwANWfnUPydrtJh4YOfb+u7WoVRFTY+WBaDgS1i+DvM0urBoCfTPgP+sExWVND43YPYqC3axQlYzAr2v256x6Ri+WKghJWpH5Ydpw3EPSUnDozCnRzr4vVsFpQvFNWwNobssHzwQcw9nDK3ktsrRfsY4DeByu8f0gv3gaO4xhoM0J/oIcYrGjQibCaBUsWAt7j57imJhzFJvMk4WOChJ5Gpx1/o2tKP0R3IVTY9Xxp4doA7eAtkp2xZpO02RNyaE8r4S0Dm2vCxo1uScOOUQw9C8k9fX50K+KCRSsVWrUNxkUy7S2JLEQVAXeUasPxEGYnU2nAuD/usiRQ9Vi+a6CksEDGTFv0aKId8+URo8n7LDSoOc2VeoseMr6w9MjQHf4W/ohqQdN65yGhfmaQ3fJygQVpQu++WATFv57TgwjuIuGkAv8m0kB1FwNJfzRKs3h9UnsymiMVZ6Iyc+4SOvW4GrbTVOKJ6al4XRochQ1THDcP5S1F7e75YRUEh/Zq7ZAnMfU86dW0L8LNQRBxa2U+OVotO8x/YTVg41dd85txs4713NQ9cvQeuVKwx7ZUtWZ66SfZxGfWkFS08z8xtG9TytHZ8Phb97H7ExsC1wnFwJV4ANu7prJm+aD5vKGl7836f2t+4mtWp/Vmo6VVT96VkC/LrzDTZECirBJ/RBIBtWwxEzb3Bw+rCD/eTOZF/vg1XL2Jff8CYzlBCnOLRf4tHxoGKNEmYtenRpu6swSDZiqRTlVwPXO8FAnUckmOKwvf61Fyc5knEGQ7HlKEKG6ZFEzZoLQL/rDi7xyJsWdO677d4S31V45TzGQ1XwNMxH24rTLYfDktyXXnKg2CzLXAOeubwYlV75ah2goNuRILKlHSnxQE/87bkA9y4m5k9MMBr1tEPS4pBNlY5Dh5m6kqjGAwAy9sKd+secyTAuC8nB4zeCrrcefWfOWQzPEysaJ11eHlC6iGn+qjEb4aa6fbuXAEweLQwmkeOoYeav5i/Xv5DXTHDILLyFCZitnrdBYus3yC&quot;;&#10;    translation.detectedLocale = &quot;&quot;;&#10;&#10;    function showTranslationDialog() {&#10;      if(!translation.launchDialog)&#10;        loadScript(&quot;/static/2313d750/plugin/translation/dialog.js&quot;);&#10;      else&#10;        translation.launchDialog();&#10;      return false; &#10;    }&lt;/script&gt;&lt;script src=&quot;/static/2313d750/plugin/form-element-path/script.js&quot;&gt;&lt;/script&gt;&lt;/body&gt;&lt;/html&gt;&#10;For documentation on this error, please visit: http://seleniumhq.org/exceptions/no_such_element.html&#10;Build info: version: &apos;2.41.0&apos;, revision: &apos;3192d8a6c4449dc285928ba024779344f5423c58&apos;, time: &apos;2014-03-27 11:29:39&apos;&#10;System info: host: &apos;killerloop&apos;, ip: &apos;127.0.1.1&apos;, os.name: &apos;Linux&apos;, os.arch: &apos;amd64&apos;, os.version: &apos;3.13.0-24-generic&apos;, java.version: &apos;1.7.0_55&apos;&#10;Driver info: driver.version: unknown" type="org.openqa.selenium.NoSuchElementException"><![CDATA[org.openqa.selenium.NoSuchElementException: Unable to locate By.xpath: .//tr[@name='commonConfig'][starts-with(@path,'/jenkins-plugins-publish_over_ssh-BapSshPublisherPlugin/')] in http://127.0.0.1:61503/configure

<!DOCTYPE html>
<html xmlns="http://www.w3.org/1999/xhtml"><head>
    

    <title>Configure System [Jenkins]</title><link href="/static/2313d750/css/style.css" type="text/css" rel="stylesheet" /><link href="/static/2313d750/css/color.css" type="text/css" rel="stylesheet" /><link href="/static/2313d750/favicon.ico" type="image/vnd.microsoft.icon" rel="shortcut icon" /><script>var isRunAsTest=false; var rootURL=""; var resURL="/static/2313d750";</script><script type="text/javascript" src="/static/2313d750/scripts/prototype.js"></script><script type="text/javascript" src="/static/2313d750/scripts/behavior.js"></script><script type="text/javascript" src="/adjuncts/2313d750/org/kohsuke/stapler/bind.js"></script><script src="/static/2313d750/scripts/yui/yahoo/yahoo-min.js"></script><script src="/static/2313d750/scripts/yui/dom/dom-min.js"></script><script src="/static/2313d750/scripts/yui/event/event-min.js"></script><script src="/static/2313d750/scripts/yui/animation/animation-min.js"></script><script src="/static/2313d750/scripts/yui/dragdrop/dragdrop-min.js"></script><script src="/static/2313d750/scripts/yui/container/container-min.js"></script><script src="/static/2313d750/scripts/yui/connection/connection-min.js"></script><script src="/static/2313d750/scripts/yui/datasource/datasource-min.js"></script><script src="/static/2313d750/scripts/yui/autocomplete/autocomplete-min.js"></script><script src="/static/2313d750/scripts/yui/menu/menu-min.js"></script><script src="/static/2313d750/scripts/yui/element/element-min.js"></script><script src="/static/2313d750/scripts/yui/button/button-min.js"></script><script src="/static/2313d750/scripts/yui/storage/storage-min.js"></script><script type="text/javascript" src="/static/2313d750/scripts/hudson-behavior.js"></script><script type="text/javascript" src="/static/2313d750/scripts/sortable.js"></script><script>crumb.init("", "");</script><link href="/static/2313d750/scripts/yui/container/assets/container.css" type="text/css" rel="stylesheet" /><link href="/static/2313d750/scripts/yui/assets/skins/sam/skin.css" type="text/css" rel="stylesheet" /><link href="/static/2313d750/scripts/yui/container/assets/skins/sam/container.css" type="text/css" rel="stylesheet" /><link href="/static/2313d750/scripts/yui/button/assets/skins/sam/button.css" type="text/css" rel="stylesheet" /><link href="/static/2313d750/scripts/yui/menu/assets/skins/sam/menu.css" type="text/css" rel="stylesheet" /><link href="/opensearch.xml" type="application/opensearchdescription+xml" rel="search" title="Jenkins" /><meta content="INDEX,NOFOLLOW" name="ROBOTS" /><link href="/rssAll" type="application/rss+xml" rel="alternate" title="Jenkins:All (all builds)" /><link href="/rssAll?flavor=rss20" type="application/rss+xml" rel="alternate" title="Jenkins:All (all builds) (RSS 2.0)" /><link href="/rssFailed" type="application/rss+xml" rel="alternate" title="Jenkins:All (failed builds)" /><link href="/rssFailed?flavor=rss20" type="application/rss+xml" rel="alternate" title="Jenkins:All (failed builds) (RSS 2.0)" /><link type="text/css" href="/adjuncts/2313d750/lib/form/breadcrumb-config-outline/init.css" rel="stylesheet" /><script type="text/javascript" src="/adjuncts/2313d750/lib/form/breadcrumb-config-outline/init.js"></script><script src="/static/2313d750/scripts/yui/cookie/cookie-min.js"></script></head><body class="yui-skin-sam" id="jenkins jenkins-1.560"><div id="tt" class="yui-module yui-overlay yui-tt yui-overlay-hidden" style="z-index: 999; visibility: hidden;"><div class="bd"></div></div><iframe id="_yuiResizeMonitor" title="Text Resize Monitor" tabindex="-1" role="presentation" style="position: absolute; visibility: visible; background-color: transparent; border-width: 0px; width: 2em; height: 2em; left: 0px; top: -23px;"></iframe><div class="yui-panel-container shadow yui-overlay-hidden" id="wait3_c" style="visibility: hidden; left: 425px; top: 204px; z-index: 4;"><div id="wait3" class="yui-module yui-overlay yui-panel" style="visibility: inherit;"><a class="container-close" href="#">Close</a><div class="hd" style="cursor: move;" id="wait3_h">Error</div><div class="bd"><div id="container2"></div></div></div></div><a class="skiplink" href="#skip2content">Skip to content</a><table width="100%" cellspacing="0" cellpadding="0" border="0" id="header"><tbody><tr><td colspan="2" id="top-panel"><table width="100%" cellspacing="0" cellpadding="0" border="0"><tbody><tr><td style="font-weight:bold; font-size: 2em;"><a href="/" id="jenkins-home-link"><img width="139" height="34" src="/static/2313d750/images/title.png" alt="title" id="jenkins-home-icon" /></a></td><td style="vertical-align: middle; text-align: right; padding-right: 1em;"><form method="get" class="no-json" action="/search/" name="search" style="position:relative;" path=""><div id="search-box-minWidth" style="font-family: Verdana,Helvetica,sans serif; font-size: 11px; font-style: normal; font-weight: 400;"></div><div id="search-box-sizer" style="font-family: Verdana,Helvetica,sans serif; font-size: 11px; font-style: normal; font-weight: 400;"></div><div id="searchform" class="yui-ac"><input class="has-default-text yui-ac-input defaulted" name="q" placeholder="search" id="search-box" autocomplete="off" style="width: 225px;" path="/q" /> <a href="http://wiki.jenkins-ci.org/display/JENKINS/Search+Box"><img width="16" height="16" src="/static/2313d750/images/16x16/help.png" alt="help for search" /></a><div id="search-box-completion" class="yui-ac-container" style="width: 225px; left: 330px; top: 21px;"><div class="yui-ac-content" style="display: none; width: 225px;"><div class="yui-ac-hd" style="display: none;"></div><div class="yui-ac-bd"><ul><li style="display: none;"></li><li style="display: none;"></li><li style="display: none;"></li><li style="display: none;"></li><li style="display: none;"></li><li style="display: none;"></li><li style="display: none;"></li><li style="display: none;"></li><li style="display: none;"></li><li style="display: none;"></li></ul></div><div class="yui-ac-ft" style="display: none;"></div></div></div><script>createSearchBox("/search/");</script></div></form></td><td id="login-field"><span></span></td></tr></tbody></table></td></tr><tr id="top-nav"><td colspan="2" id="left-top-nav"><link type="text/css" href="/adjuncts/2313d750/lib/layout/breadcrumbs.css" rel="stylesheet" /><script type="text/javascript" src="/adjuncts/2313d750/lib/layout/breadcrumbs.js"></script><div style="height: 23px;"></div><div class="top-sticker noedge" style="position: fixed; top: 34px; left: 0px;"><div class="top-sticker-edge"></div><div class="top-sticker-inner"><div id="right-top-nav"></div><ul id="breadcrumbs"><li class="item"><a href="/" class="model-link inside">Jenkins</a></li><li href="/" class="children"></li><li class="item" id="inpage-nav"><a class="model-link inside">configuration</a></li></ul><div id="breadcrumb-menu-target"></div></div></div></td></tr></tbody></table><div id="menuSelector"></div><table width="100%" height="70%" border="0" style="background-image: url(/static/2313d750/images/jenkins.png);                background-repeat: no-repeat; background-position: bottom left;" id="main-table"><tbody><tr><td width="20%" id="side-panel"><div style="min-height: 323px; height: auto !important; height: 323px;" id="navigation"><div id="tasks"><div class="task">
          

          <a href="/view/All/newJob" class="task-icon-link"><img width="24" height="24" src="/static/2313d750/images/24x24/new-package.png" class="task-icon" alt="" style="margin: 2px;" /></a> <a href="/view/All/newJob" class="task-link">New Item</a></div><div class="task">
          

          <a href="/asynchPeople/" class="task-icon-link"><img width="24" height="24" src="/static/2313d750/images/24x24/user.png" class="task-icon" alt="" style="margin: 2px;" /></a> <a href="/asynchPeople/" class="task-link">People</a></div><div class="task">
          

          <a href="/view/All/builds" class="task-icon-link"><img width="24" height="24" src="/static/2313d750/images/24x24/notepad.png" class="task-icon" alt="" style="margin: 2px;" /></a> <a href="/view/All/builds" class="task-link">Build History</a></div><div class="task">
          

          <a href="/manage" class="task-icon-link"><img width="24" height="24" src="/static/2313d750/images/24x24/setting.png" class="task-icon" alt="" style="margin: 2px;" /></a> <a href="/manage" class="task-link">Manage Jenkins</a></div><div class="task">
          

          <a href="/credential-store" class="task-icon-link"><img width="24" height="24" src="/static/2313d750/plugin/credentials/images/48x48/credentials.png" class="task-icon" alt="" style="margin: 2px;" /></a> <a href="/credential-store" class="task-link">Credentials</a></div></div><table class="pane" id="buildQueue"><tbody><tr><td class="pane-header" colspan="2"><div>Build Queue<a href="/toggleCollapse?paneId=buildQueue" class="collapse" title="collapse"><img src="/static/2313d750/images/16x16/collapse.png" class="icon16x16" alt="collapse" /></a></div></td></tr><tr><td colspan="2" class="pane">No builds in the queue.</td></tr></tbody></table><script defer="defer">refreshPart('buildQueue',"/ajaxBuildQueue");</script><table class="pane" id="executors"><tbody><tr><td class="pane-header" colspan="3"><div><a href="/computer/">Build Executor Status</a><a href="/toggleCollapse?paneId=executors" class="collapse" title="collapse"><img src="/static/2313d750/images/16x16/collapse.png" class="icon16x16" alt="collapse" /></a></div></td></tr></tbody><colgroup><col width="1*" /><col width="200*" /><col width="24" /></colgroup><tbody><tr><th class="pane">#</th><th colspan="2" class="pane"><div style="margin-right:19px">Status</div></th></tr><tr></tr><tr><td align="right" style="vertical-align: top" class="pane">1</td><td class="pane">Idle</td><td class="pane"></td></tr><tr><td align="right" style="vertical-align: top" class="pane">2</td><td class="pane">Idle</td><td class="pane"></td></tr></tbody></table><script defer="defer">refreshPart('executors',"/ajaxExecutors");</script></div></td><td width="80%" height="100%" id="main-panel"><a name="skip2content"></a><div class="behavior-loading" style="display: none;">LOADING</div><form method="post" action="configSubmit" name="config" path=""><table width="100%"><tbody><tr><td class="setting-leftspace"> </td><td class="setting-name">Home directory</td><td class="setting-main">/home/hafner/Documents/acceptance-test-harness/target/jenkins2417964082362435880home</td><td class="setting-help"><a helpurl="/help/system-config/homeDirectory.html" href="#" class="help-button" tabindex="9999"><img width="16" height="16" src="/static/2313d750/images/16x16/help.png" alt="Help for feature: Home directory" /></a></td></tr><tr class="validation-error-area"><td colspan="2"></td><td></td></tr><tr class="help-area"><td></td><td colspan="2"><div class="help">Loading...</div></td><td></td></tr><tr><td></td><td></td><td><script type="text/javascript" src="/adjuncts/2313d750/lib/form/advanced/advanced.js"></script><div class="advancedLink" style=""><span style="" id="id81"><img tooltip="One or more fields in this block have been edited." src="/static/2313d750/images/16x16/document_edit.png" alt="One or more fields in this block have been edited." style="vertical-align: super" title="One or more fields in this block have been edited." /></span><span class="yui-button yui-push-button advanced-button advancedButton" id="yui-gen1" name=""><span class="first-child"><button type="button" tabindex="0" id="yui-gen1-button" path="/advanced-button">Advanced...</button></span></span></div><table class="advancedBody"><tbody><tr><td class="setting-leftspace"> </td><td class="setting-name">Workspace Root Directory</td><td class="setting-main">
   

  
  <input type="text" class="setting-input   " value="${ITEM_ROOTDIR}/workspace" name="_.rawWorkspaceDir" path="/rawWorkspaceDir" /></td><td class="setting-help"><a helpurl="/descriptor/jenkins.model.Jenkins/help/rawWorkspaceDir" href="#" class="help-button" tabindex="9999"><img width="16" height="16" src="/static/2313d750/images/16x16/help.png" alt="Help for feature: Workspace Root Directory" /></a></td></tr><tr class="validation-error-area"><td colspan="2"></td><td></td></tr><tr class="help-area"><td></td><td colspan="2"><div class="help">Loading...</div></td><td></td></tr><tr><td class="setting-leftspace"> </td><td class="setting-name">Build Record Root Directory</td><td class="setting-main">
   

  
  <input type="text" class="setting-input validated  " value="${ITEM_ROOTDIR}/builds" name="_.rawBuildsDir" checkurl="/descriptorByName/jenkins.model.Jenkins/checkRawBuildsDir" checkdependson="" path="/rawBuildsDir" /></td><td class="setting-help"><a helpurl="/descriptor/jenkins.model.Jenkins/help/rawBuildsDir" href="#" class="help-button" tabindex="9999"><img width="16" height="16" src="/static/2313d750/images/16x16/help.png" alt="Help for feature: Build Record Root Directory" /></a></td></tr><tr class="validation-error-area"><td colspan="2"></td><td><div></div></td></tr><tr class="help-area"><td></td><td colspan="2"><div class="help">Loading...</div></td><td></td></tr></tbody></table><script>{
                      var span = $('id81');
                      if (span != null) {
                          span.style.display = '';
                      } else if (console &amp;&amp; console.log) {
                          console.log('no element id81 for [_.rawBuildsDir, _.rawWorkspaceDir]');
                      }
                  }</script></td></tr><tr><td class="setting-leftspace"> </td><td class="setting-name">System Message</td><td class="setting-main"><script type="text/javascript" src="/adjuncts/2313d750/lib/form/textarea/textarea.js"></script><textarea rows="5" class="setting-input   " name="system_message" path="/system_message"></textarea><div class="textarea-handle"></div><div class="textarea-preview-container">
        [Escaped HTML] <a href="#" class="textarea-show-preview" previewendpoint="/markupFormatter/previewDescription">Preview</a> <a class="textarea-hide-preview" href="#" style="display: none;">Hide preview</a><div class="textarea-preview" style="display: none;"></div></div></td><td class="setting-help"><a helpurl="/help/system-config/systemMessage.html" href="#" class="help-button" tabindex="9999"><img width="16" height="16" src="/static/2313d750/images/16x16/help.png" alt="Help for feature: System Message" /></a></td></tr><tr class="validation-error-area"><td colspan="2"></td><td></td></tr><tr class="help-area"><td></td><td colspan="2"><div class="help">Loading...</div></td><td></td></tr><tr class="row-set-start" name="jenkins-model-MasterBuildConfiguration" style="display:none" id="rowSetStart12" path="/jenkins-model-MasterBuildConfiguration"></tr><tr nameref="rowSetStart12"><td class="setting-leftspace"> </td><td class="setting-name"># of executors</td><td class="setting-main"><input type="number" class="setting-input  number" value="2" name="_.numExecutors" step="1" min="0" path="/jenkins-model-MasterBuildConfiguration/numExecutors" /></td></tr><tr class="validation-error-area" nameref="rowSetStart12"><td colspan="2"></td><td></td></tr><tr class="row-set-end"></tr><tr class="row-set-start" name="jenkins-model-GlobalQuietPeriodConfiguration" style="display:none" id="rowSetStart13" path="/jenkins-model-GlobalQuietPeriodConfiguration"></tr><tr nameref="rowSetStart13"><td class="setting-leftspace"> </td><td class="setting-name">Quiet period</td><td class="setting-main"><input type="number" class="setting-input  number" value="5" name="_.quietPeriod" min="0" path="/jenkins-model-GlobalQuietPeriodConfiguration/quietPeriod" /></td><td class="setting-help"><a helpurl="/descriptor/jenkins.model.GlobalQuietPeriodConfiguration/help/quietPeriod" href="#" class="help-button" tabindex="9999"><img width="16" height="16" src="/static/2313d750/images/16x16/help.png" alt="Help for feature: Quiet period" /></a></td></tr><tr class="validation-error-area" nameref="rowSetStart13"><td colspan="2"></td><td></td></tr><tr class="help-area" nameref="rowSetStart13"><td></td><td colspan="2"><div class="help">Loading...</div></td><td></td></tr><tr class="row-set-end"></tr><tr class="row-set-start" name="jenkins-model-GlobalSCMRetryCountConfiguration" style="display:none" id="rowSetStart14" path="/jenkins-model-GlobalSCMRetryCountConfiguration"></tr><tr nameref="rowSetStart14"><td class="setting-leftspace"> </td><td class="setting-name">SCM checkout retry count</td><td class="setting-main"><input type="number" class="setting-input  number" value="0" name="_.scmCheckoutRetryCount" min="0" path="/jenkins-model-GlobalSCMRetryCountConfiguration/scmCheckoutRetryCount" /></td></tr><tr class="validation-error-area" nameref="rowSetStart14"><td colspan="2"></td><td></td></tr><tr class="row-set-end"></tr><tr class="row-set-start" name="hudson-views-ViewsTabBar$GlobalConfigurationImpl" style="display:none" id="rowSetStart15"></tr><tr class="row-set-end"></tr><tr class="row-set-start" name="hudson-views-MyViewsTabBar$GlobalConfigurationImpl" style="display:none" id="rowSetStart16"></tr><tr class="row-set-end"></tr><tr class="row-set-start" name="hudson-views-GlobalDefaultViewConfiguration" style="display:none" id="rowSetStart17"></tr><tr class="row-set-end"></tr><tr class="row-set-start" name="jenkins-model-GlobalProjectNamingStrategyConfiguration" style="display:none" id="rowSetStart18" path="/jenkins-model-GlobalProjectNamingStrategyConfiguration"></tr><tr hashelp="false" class="optional-block-start row-set-start" ref="cb4" nameref="rowSetStart18"><td colspan="3"><input type="checkbox" onclick="javascript:updateOptionalBlock(this,true)" class=" " name="_.useProjectNamingStrategy" id="cb4" path="/jenkins-model-GlobalProjectNamingStrategyConfiguration/useProjectNamingStrategy" /><label class="attach-previous">Restrict project naming</label></td></tr><tr class="rowvg-start" nameref="cb4" style="display: none;"></tr><tr nameref="cb4" style="display: none;"><td class="setting-leftspace"> </td><td class="setting-name">Naming Strategy</td><td class="setting-main"><link type="text/css" href="/adjuncts/2313d750/lib/form/section_.css" rel="stylesheet" /><table style="width:100%"><script type="text/javascript" src="/adjuncts/2313d750/lib/form/section_.js"></script><tbody><tr><td colspan="3"><div class="section-header"><a class="section-anchor" id="section40">#</a>Strategy</div></td></tr><script type="text/javascript" src="/adjuncts/2313d750/lib/form/radioBlock/radioBlock.js"></script><tr hashelp="true" class="radio-block-start row-set-start" ref="radio-block-0"><td colspan="3"><label><input type="radio" checked="true" class="radio-block-control" value="0" name="namingStrategy" id="radio-block-0" />
        Default
      </label></td><td><a helpurl="/help/system-config/defaultJobNamingStrategy.html" href="#" class="help-button" tabindex="9999"><img width="16" height="16" src="/static/2313d750/images/16x16/help.png" alt="Help for feature: Default" /></a></td></tr><tr class="help-area" nameref="radio-block-0"><td></td><td colspan="2"><div class="help">Loading...</div></td><td></td></tr><tr style="" nameref="radio-block-0"><td><input type="hidden" value="jenkins.model.ProjectNamingStrategy$DefaultProjectNamingStrategy" name="stapler-class" /></td></tr><tr class="row-set-end radio-block-end" style="display:none"></tr><tr hashelp="true" class="radio-block-start row-set-start" ref="radio-block-1"><td colspan="3"><label><input type="radio" class="radio-block-control" value="1" name="namingStrategy" id="radio-block-1" />
        Pattern
      </label></td><td><a helpurl="/help/system-config/patternJobNamingStrategy.html" href="#" class="help-button" tabindex="9999"><img width="16" height="16" src="/static/2313d750/images/16x16/help.png" alt="Help for feature: Pattern" /></a></td></tr><tr class="help-area" nameref="radio-block-1"><td></td><td colspan="2"><div class="help">Loading...</div></td><td></td></tr><tr style="display:none" nameref="radio-block-1"><td><input type="hidden" value="jenkins.model.ProjectNamingStrategy$PatternProjectNamingStrategy" name="stapler-class" /></td></tr><tr style="display: none;" nameref="radio-block-1"><td class="setting-leftspace"> </td><td class="setting-name">Name Pattern</td><td class="setting-main">
   

  
  <input type="text" class="setting-input validated  " value=".*" name="_.namePattern" checkurl="/descriptorByName/jenkins.model.ProjectNamingStrategy$PatternProjectNamingStrategy/checkNamePattern" checkdependson="" /></td></tr><tr class="validation-error-area" style="display: none;" nameref="radio-block-1"><td colspan="2"></td><td><div></div></td></tr><tr style="display: none;" nameref="radio-block-1"><td class="setting-leftspace"> </td><td class="setting-name">Description</td><td class="setting-main">
   

  
  <input type="text" class="setting-input   " value="" name="_.description" /></td><td class="setting-help"><a helpurl="/descriptor/jenkins.model.ProjectNamingStrategy$PatternProjectNamingStrategy/help/description" href="#" class="help-button" tabindex="9999"><img width="16" height="16" src="/static/2313d750/images/16x16/help.png" alt="Help for feature: Description" /></a></td></tr><tr class="validation-error-area" style="display: none;" nameref="radio-block-1"><td colspan="2"></td><td></td></tr><tr class="help-area" style="display: none;" nameref="radio-block-1"><td></td><td colspan="2"><div class="help">Loading...</div></td><td></td></tr><tr style="display: none;" nameref="radio-block-1"><td class="setting-leftspace"> </td><td class="setting-name">force existing</td><td class="setting-main"><input type="checkbox" class=" " name="forceExistingJobs" /></td></tr><tr class="validation-error-area" style="display: none;" nameref="radio-block-1"><td colspan="2"></td><td></td></tr><tr class="row-set-end radio-block-end" style="display:none"></tr></tbody></table></td></tr><tr class="validation-error-area" nameref="cb4" style="display: none;"><td colspan="2"></td><td></td></tr><tr class="row-set-end rowvg-end optional-block-end" nameref="rowSetStart18"></tr><tr class="row-set-end"></tr><tr class="row-set-start" name="jenkins-model-GlobalNodePropertiesConfiguration" style="display:none" id="rowSetStart20" path="/jenkins-model-GlobalNodePropertiesConfiguration"></tr><tr class="row-set-start" name="globalNodeProperties" style="display:none" id="rowSetStart19" nameref="rowSetStart20" path="/jenkins-model-GlobalNodePropertiesConfiguration/globalNodeProperties"></tr><tr nameref="rowSetStart19"><td colspan="3"><div class="section-header"><a class="section-anchor" id="section41">#</a>Global properties</div></td></tr><tr hashelp="false" class="optional-block-start row-set-start" ref="cb5" nameref="rowSetStart19"><td colspan="3"><input type="checkbox" onclick="javascript:updateOptionalBlock(this,true)" class=" " name="hudson-slaves-EnvironmentVariablesNodeProperty" id="cb5" path="/jenkins-model-GlobalNodePropertiesConfiguration/globalNodeProperties/hudson-slaves-EnvironmentVariablesNodeProperty" /><label class="attach-previous">Environment variables</label></td></tr><tr class="rowvg-start" nameref="cb5" style="display: none;"></tr><tr nameref="cb5" style="display: none;"><td class="setting-leftspace"> </td><td class="setting-name">List of key-value pairs</td><td class="setting-main"><script type="text/javascript" src="/adjuncts/2313d750/lib/form/dragdrop/dragdrop.js"></script><script type="text/javascript" src="/adjuncts/2313d750/lib/form/repeatable/repeatable.js"></script><div class="repeated-container"><div class="repeatable-insertion-point"></div><span class="yui-button yui-push-button repeatable-add" id="yui-gen5" name=""><span class="first-child"><button type="button" tabindex="0" id="yui-gen5-button">Add</button></span></span></div></td><td class="setting-help"><a helpurl="/help/system-config/globalEnvironmentVariables.html" href="#" class="help-button" tabindex="9999"><img width="16" height="16" src="/static/2313d750/images/16x16/help.png" alt="Help for feature: List of key-value pairs" /></a></td></tr><tr class="validation-error-area" nameref="cb5" style="display: none;"><td colspan="2"></td><td></td></tr><tr class="help-area" nameref="cb5" style="display: none;"><td></td><td colspan="2"><div class="help">Loading...</div></td><td></td></tr><tr class="row-set-end rowvg-end optional-block-end" nameref="rowSetStart19"></tr><tr hashelp="false" class="optional-block-start row-set-start" ref="cb6" nameref="rowSetStart19"><td colspan="3"><input type="checkbox" onclick="javascript:updateOptionalBlock(this,true)" class=" " name="hudson-tools-ToolLocationNodeProperty" id="cb6" path="/jenkins-model-GlobalNodePropertiesConfiguration/globalNodeProperties/hudson-tools-ToolLocationNodeProperty" /><label class="attach-previous">Tool Locations</label></td></tr><tr class="rowvg-start" nameref="cb6" style="display: none;"></tr><tr nameref="cb6" style="display: none;"><td class="setting-leftspace"> </td><td class="setting-name">List of tool locations</td><td class="setting-main"><div class="repeated-container"><div class="repeatable-insertion-point"></div><span class="yui-button yui-push-button repeatable-add" id="yui-gen6" name=""><span class="first-child"><button type="button" tabindex="0" id="yui-gen6-button">Add</button></span></span></div></td><td class="setting-help"><a helpurl="/help/tools/tool-location-node-property.html" href="#" class="help-button" tabindex="9999"><img width="16" height="16" src="/static/2313d750/images/16x16/help.png" alt="Help for feature: List of tool locations" /></a></td></tr><tr class="validation-error-area" nameref="cb6" style="display: none;"><td colspan="2"></td><td></td></tr><tr class="help-area" nameref="cb6" style="display: none;"><td></td><td colspan="2"><div class="help">Loading...</div></td><td></td></tr><tr class="row-set-end rowvg-end optional-block-end" nameref="rowSetStart19"></tr><tr class="row-set-end" nameref="rowSetStart20"></tr><tr class="row-set-end"></tr><tr class="row-set-start" name="jenkins-model-GlobalPluginConfiguration" style="display:none" id="rowSetStart21"></tr><tr class="row-set-end"></tr><tr class="row-set-start" name="jenkins-mvn-GlobalMavenConfig" style="display:none" id="rowSetStart22" path="/jenkins-mvn-GlobalMavenConfig"></tr><tr nameref="rowSetStart22"><td colspan="3"><div class="section-header"><a class="section-anchor" id="section42">#</a>Maven Configuration</div></td></tr><tr nameref="rowSetStart22"><td class="setting-leftspace"> </td><td class="setting-name">Default settings provider</td><td class="setting-main"><select class="setting-input dropdownList" path="/jenkins-mvn-GlobalMavenConfig/"><option value="0" selected="true">Use default maven settings</option><option value="1">Settings file in filesystem</option></select></td></tr><tr class="dropdownList-container" nameref="rowSetStart22"><td colspan="2"></td><td colspan="2"><table width="100%" name="settingsProvider" path="/jenkins-mvn-GlobalMavenConfig/settingsProvider"><tbody><tr class="dropdownList-start rowvg-start"><td style="display:none"><input type="hidden" value="jenkins.mvn.DefaultSettingsProvider" name="stapler-class" path="/jenkins-mvn-GlobalMavenConfig/settingsProvider/stapler-class" /></td></tr><tr class="dropdownList-end rowvg-end"></tr><tr class="dropdownList-start rowvg-start" style="display: none;" field-disabled="true"><td style="display:none"><input type="hidden" value="jenkins.mvn.FilePathSettingsProvider" name="stapler-class" /></td></tr><tr proxy="makeStaplerProxy('/$stapler/bound/5df51fb4-7d0f-44c1-9fe1-fa3e6b1d7836','12945770-e11b-46f0-9396-34fb0d6d9739',['render'])" class="render-on-demand " style="display: none;" field-disabled="true"></tr><tr class="dropdownList-end rowvg-end"></tr></tbody></table></td></tr><tr nameref="rowSetStart22"><td class="setting-leftspace"> </td><td class="setting-name">Default global settings provider</td><td class="setting-main"><select class="setting-input dropdownList" path="/jenkins-mvn-GlobalMavenConfig/[1]"><option value="0" selected="true">Use default maven global settings</option><option value="1">Global settings file on filesystem</option></select></td></tr><tr class="dropdownList-container" nameref="rowSetStart22"><td colspan="2"></td><td colspan="2"><table width="100%" name="globalSettingsProvider" path="/jenkins-mvn-GlobalMavenConfig/globalSettingsProvider"><tbody><tr class="dropdownList-start rowvg-start"><td style="display:none"><input type="hidden" value="jenkins.mvn.DefaultGlobalSettingsProvider" name="stapler-class" path="/jenkins-mvn-GlobalMavenConfig/globalSettingsProvider/stapler-class" /></td></tr><tr class="dropdownList-end rowvg-end"></tr><tr class="dropdownList-start rowvg-start" style="display: none;" field-disabled="true"><td style="display:none"><input type="hidden" value="jenkins.mvn.FilePathGlobalSettingsProvider" name="stapler-class" /></td></tr><tr proxy="makeStaplerProxy('/$stapler/bound/62222d91-d2c1-4272-b3d6-645c7ec4aa44','12945770-e11b-46f0-9396-34fb0d6d9739',['render'])" class="render-on-demand " style="display: none;" field-disabled="true"></tr><tr class="dropdownList-end rowvg-end"></tr></tbody></table></td></tr><tr class="row-set-end"></tr><tr class="row-set-start" name="hudson-model-JDK" style="display:none" id="rowSetStart23" path="/hudson-model-JDK"></tr><tr nameref="rowSetStart23"><td colspan="3"><div class="section-header"><a class="section-anchor" id="section43">#</a>JDK</div></td></tr><tr nameref="rowSetStart23"><td class="setting-leftspace"> </td><td class="setting-name">JDK installations</td><td class="setting-main"><div class="repeated-container with-drag-drop"><div class="repeatable-insertion-point"></div><span class="yui-button yui-push-button repeatable-add" id="yui-gen7" name=""><span class="first-child"><button type="button" tabindex="0" id="yui-gen7-button" path="/hudson-model-JDK/repeatable-add">Add JDK</button></span></span></div></td></tr><tr class="validation-error-area" nameref="rowSetStart23"><td colspan="2"></td><td></td></tr><tr nameref="rowSetStart23"><td colspan="2"></td><td class="setting-description">List of JDK installations on this system</td></tr><tr class="row-set-end"></tr><tr class="row-set-start" name="hudson-tasks-Ant$AntInstallation" style="display:none" id="rowSetStart24" path="/hudson-tasks-Ant$AntInstallation"></tr><tr nameref="rowSetStart24"><td colspan="3"><div class="section-header"><a class="section-anchor" id="section44">#</a>Ant</div></td></tr><tr nameref="rowSetStart24"><td class="setting-leftspace"> </td><td class="setting-name">Ant installations</td><td class="setting-main"><div class="repeated-container with-drag-drop"><div class="repeatable-insertion-point"></div><span class="yui-button yui-push-button repeatable-add" id="yui-gen8" name=""><span class="first-child"><button type="button" tabindex="0" id="yui-gen8-button" path="/hudson-tasks-Ant$AntInstallation/repeatable-add">Add Ant</button></span></span></div></td></tr><tr class="validation-error-area" nameref="rowSetStart24"><td colspan="2"></td><td></td></tr><tr nameref="rowSetStart24"><td colspan="2"></td><td class="setting-description">List of Ant installations on this system</td></tr><tr class="row-set-end"></tr><tr class="row-set-start" name="hudson-tasks-Maven$MavenInstallation" style="display:none" id="rowSetStart25" path="/hudson-tasks-Maven$MavenInstallation"></tr><tr nameref="rowSetStart25"><td colspan="3"><div class="section-header"><a class="section-anchor" id="section45">#</a>Maven</div></td></tr><tr nameref="rowSetStart25"><td class="setting-leftspace"> </td><td class="setting-name">Maven installations</td><td class="setting-main"><div class="repeated-container with-drag-drop"><div class="repeatable-insertion-point"></div><span class="yui-button yui-push-button repeatable-add" id="yui-gen9" name=""><span class="first-child"><button type="button" tabindex="0" id="yui-gen9-button" path="/hudson-tasks-Maven$MavenInstallation/repeatable-add">Add Maven</button></span></span></div></td></tr><tr class="validation-error-area" nameref="rowSetStart25"><td colspan="2"></td><td></td></tr><tr nameref="rowSetStart25"><td colspan="2"></td><td class="setting-description">List of Maven installations on this system</td></tr><tr class="row-set-end"></tr><tr class="row-set-start" name="hudson-maven-MavenModuleSet" style="display:none" id="rowSetStart26" path="/hudson-maven-MavenModuleSet"></tr><tr nameref="rowSetStart26"><td colspan="3"><div class="section-header"><a class="section-anchor" id="section46">#</a>Maven Project Configuration</div></td></tr><tr nameref="rowSetStart26"><td class="setting-leftspace"> </td><td class="setting-name">Global MAVEN_OPTS</td><td class="setting-main"><table cellspacing="0" cellpadding="0" border="0" style="width:100%"><tbody><tr><td width="*"><input type="text" class="setting-input" name="globalMavenOpts" id="textarea.globalMavenOpts" path="/hudson-maven-MavenModuleSet/globalMavenOpts" /></td><td width="1"><input type="button" tooltip="Click to expand to multiple lines&lt;br /&gt;where you can use new lines instead of space.&lt;br /&gt;To revert back to single line, write everything in one line then submit." onclick="expandTextArea(this,'textarea.globalMavenOpts')" value="▼" title="Click to expand to multiple lines&lt;br /&gt;where you can use new lines instead of space.&lt;br /&gt;To revert back to single line, write everything in one line then submit." /></td></tr></tbody></table></td><td class="setting-help"><a helpurl="/plugin/maven-plugin/maven-opts.html" href="#" class="help-button" tabindex="9999"><img width="16" height="16" src="/static/2313d750/images/16x16/help.png" alt="Help for feature: Global MAVEN_OPTS" /></a></td></tr><tr class="validation-error-area" nameref="rowSetStart26"><td colspan="2"></td><td></td></tr><tr class="help-area" nameref="rowSetStart26"><td></td><td colspan="2"><div class="help">Loading...</div></td><td></td></tr><tr nameref="rowSetStart26"><td class="setting-leftspace"> </td><td class="setting-name">Local Maven Repository</td><td class="setting-main"><select class="setting-input dropdownList" path="/hudson-maven-MavenModuleSet/"><option value="0" selected="true">Default (~/.m2/repository)</option><option value="1">Local to the executor</option><option value="2">Local to the workspace</option></select></td><td class="setting-help"><a helpurl="/descriptor/hudson.maven.MavenModuleSet/help/localRepository" href="#" class="help-button" tabindex="9999"><img width="16" height="16" src="/static/2313d750/images/16x16/help.png" alt="Help for feature: Local Maven Repository" /></a></td></tr><tr class="dropdownList-container" nameref="rowSetStart26"><td colspan="2"></td><td colspan="2"><table width="100%" name="localRepository" path="/hudson-maven-MavenModuleSet/localRepository"><tbody><tr class="dropdownList-start rowvg-start"><td style="display:none"><input type="hidden" value="hudson.maven.local_repo.DefaultLocalRepositoryLocator" name="stapler-class" path="/hudson-maven-MavenModuleSet/localRepository/stapler-class" /></td></tr><tr class="dropdownList-end rowvg-end"></tr><tr class="dropdownList-start rowvg-start" style="display: none;" field-disabled="true"><td style="display:none"><input type="hidden" value="hudson.maven.local_repo.PerExecutorLocalRepositoryLocator" name="stapler-class" /></td></tr><tr proxy="makeStaplerProxy('/$stapler/bound/91b8bd91-9164-4f41-8be8-f793d799bca4','12945770-e11b-46f0-9396-34fb0d6d9739',['render'])" class="render-on-demand " style="display: none;" field-disabled="true"></tr><tr class="dropdownList-end rowvg-end"></tr><tr class="dropdownList-start rowvg-start" style="display: none;" field-disabled="true"><td style="display:none"><input type="hidden" value="hudson.maven.local_repo.PerJobLocalRepositoryLocator" name="stapler-class" /></td></tr><tr proxy="makeStaplerProxy('/$stapler/bound/cbdbc44e-7563-4f9d-be7e-bd3da73b06ec','12945770-e11b-46f0-9396-34fb0d6d9739',['render'])" class="render-on-demand " style="display: none;" field-disabled="true"></tr><tr class="dropdownList-end rowvg-end"></tr></tbody></table></td></tr><tr class="help-area" nameref="rowSetStart26"><td></td><td colspan="2"><div class="help">Loading...</div></td><td></td></tr><tr class="row-set-end"></tr><tr class="row-set-start" name="hudson-model-UsageStatistics" style="display:none" id="rowSetStart27" path="/hudson-model-UsageStatistics"></tr><tr hashelp="true" class="optional-block-start row-set-start" ref="cb7" nameref="rowSetStart27"><td colspan="3"><input type="checkbox" checked="true" onclick="javascript:updateOptionalBlock(this,true)" class=" " name="_.usageStatisticsCollected" id="cb7" path="/hudson-model-UsageStatistics/usageStatisticsCollected" /><label class="attach-previous">Help make Jenkins better by sending anonymous usage statistics and crash reports to the Jenkins project.</label></td><td><a helpurl="/descriptor/hudson.model.UsageStatistics/help/usageStatisticsCollected" href="#" class="help-button" tabindex="9999"><img width="16" height="16" src="/static/2313d750/images/16x16/help.png" alt="Help for feature: Help make Jenkins better by sending anonymous usage statistics and crash reports to the Jenkins project." /></a></td></tr><tr class="help-area" nameref="cb7"><td></td><td colspan="2"><div class="help">Loading...</div></td><td></td></tr><tr class="rowvg-start" nameref="cb7"></tr><tr class="row-set-end rowvg-end optional-block-end" nameref="rowSetStart27"></tr><tr class="row-set-end"></tr><tr class="row-set-start" name="jenkins-model-ArtifactManagerConfiguration" style="display:none" id="rowSetStart28"></tr><tr class="row-set-end"></tr><tr class="row-set-start" name="jenkins-model-DownloadSettings" style="display:none" id="rowSetStart29" path="/jenkins-model-DownloadSettings"></tr><tr nameref="rowSetStart29"><td colspan="3"><div class="section-header"><a class="section-anchor" id="section47">#</a>Download Preferences</div></td></tr><tr nameref="rowSetStart29"><td class="setting-leftspace"> </td><td class="setting-name">Use Browser</td><td class="setting-main"><input type="checkbox" checked="true" class=" " name="_.useBrowser" path="/jenkins-model-DownloadSettings/useBrowser" /></td><td class="setting-help"><a helpurl="/descriptor/jenkins.model.DownloadSettings/help/useBrowser" href="#" class="help-button" tabindex="9999"><img width="16" height="16" src="/static/2313d750/images/16x16/help.png" alt="Help for feature: Use Browser" /></a></td></tr><tr class="validation-error-area" nameref="rowSetStart29"><td colspan="2"></td><td></td></tr><tr class="help-area" nameref="rowSetStart29"><td></td><td colspan="2"><div class="help">Loading...</div></td><td></td></tr><tr class="row-set-end"></tr><tr class="row-set-start" name="jenkins-model-JenkinsLocationConfiguration" style="display:none" id="rowSetStart30" path="/jenkins-model-JenkinsLocationConfiguration"></tr><tr nameref="rowSetStart30"><td colspan="3"><div class="section-header"><a class="section-anchor" id="section48">#</a>Jenkins Location</div></td></tr><tr nameref="rowSetStart30"><td class="setting-leftspace"> </td><td class="setting-name">Jenkins URL</td><td class="setting-main">
   

  
  <input type="text" class="setting-input validated  " value="http://127.0.0.1:61503/" name="_.url" checkurl="/descriptorByName/jenkins.model.JenkinsLocationConfiguration/checkUrl" default="http://127.0.0.1:61503/" checkdependson="" path="/jenkins-model-JenkinsLocationConfiguration/url" /></td><td class="setting-help"><a helpurl="/descriptor/jenkins.model.JenkinsLocationConfiguration/help/url" href="#" class="help-button" tabindex="9999"><img width="16" height="16" src="/static/2313d750/images/16x16/help.png" alt="Help for feature: Jenkins URL" /></a></td></tr><tr class="validation-error-area" nameref="rowSetStart30"><td colspan="2"></td><td><div></div></td></tr><tr class="help-area" nameref="rowSetStart30"><td></td><td colspan="2"><div class="help">Loading...</div></td><td></td></tr><tr nameref="rowSetStart30"><td class="setting-leftspace"> </td><td class="setting-name">System Admin e-mail address</td><td class="setting-main">
   

  
  <input type="text" class="setting-input validated  " value="address not configured yet &lt;nobody@nowhere&gt;" name="_.adminAddress" checkurl="/descriptorByName/jenkins.model.JenkinsLocationConfiguration/checkAdminAddress" checkdependson="" path="/jenkins-model-JenkinsLocationConfiguration/adminAddress" /></td><td class="setting-help"><a helpurl="/descriptor/jenkins.model.JenkinsLocationConfiguration/help/adminAddress" href="#" class="help-button" tabindex="9999"><img width="16" height="16" src="/static/2313d750/images/16x16/help.png" alt="Help for feature: System Admin e-mail address" /></a></td></tr><tr class="validation-error-area" nameref="rowSetStart30"><td colspan="2"></td><td><div></div></td></tr><tr class="help-area" nameref="rowSetStart30"><td></td><td colspan="2"><div class="help">Loading...</div></td><td></td></tr><tr class="row-set-end"></tr><tr class="row-set-start" name="org-jenkinsci-main-modules-sshd-SSHD" style="display:none" id="rowSetStart31" path="/org-jenkinsci-main-modules-sshd-SSHD"></tr><tr nameref="rowSetStart31"><td colspan="3"><div class="section-header"><a class="section-anchor" id="section49">#</a>SSH Server</div></td></tr><tr nameref="rowSetStart31"><td class="setting-leftspace"> </td><td class="setting-name">SSHD Port</td><td class="setting-main"><div name="port" path="/org-jenkinsci-main-modules-sshd-SSHD/port"><label><input type="radio" onclick="$('portId').disabled=false" value="fixed" name="port.type" path="/org-jenkinsci-main-modules-sshd-SSHD/port/type[fixed]" />Fixed : </label><input type="number" step="1" max="65535" min="0" disabled="true" id="portId" name="value" class="number" path="/org-jenkinsci-main-modules-sshd-SSHD/port/value" /> <label><input type="radio" checked="true" onclick="$('portId').disabled=true" value="random" name="port.type" path="/org-jenkinsci-main-modules-sshd-SSHD/port/type[random]" />Random</label> <label><input type="radio" onclick="$('portId').disabled=true" value="disable" name="port.type" path="/org-jenkinsci-main-modules-sshd-SSHD/port/type[disable]" />Disable</label></div></td><td class="setting-help"><a helpurl="/descriptor/org.jenkinsci.main.modules.sshd.SSHD/help/port" href="#" class="help-button" tabindex="9999"><img width="16" height="16" src="/static/2313d750/images/16x16/help.png" alt="Help for feature: SSHD Port" /></a></td></tr><tr class="validation-error-area" nameref="rowSetStart31"><td colspan="2"></td><td></td></tr><tr class="help-area" nameref="rowSetStart31"><td></td><td colspan="2"><div class="help">Loading...</div></td><td></td></tr><tr class="row-set-end"></tr><tr class="row-set-start" name="hudson-scm-CVSSCM" style="display:none" id="rowSetStart32" path="/hudson-scm-CVSSCM"></tr><tr nameref="rowSetStart32"><td colspan="3"><div class="section-header"><a class="section-anchor" id="section50">#</a>CVS</div></td></tr><tr nameref="rowSetStart32"><td class="setting-leftspace"> </td><td class="setting-name">Default Compression Level</td><td class="setting-main"><select name="cvsCompression" path="/hudson-scm-CVSSCM/cvsCompression"><option value="0">None</option><option value="1">1</option><option value="2">2</option><option value="3" selected="true">3 (Recommended)</option><option value="4">4</option><option value="5">5</option><option value="6">6</option><option value="7">7</option><option value="8">8</option><option value="9">9</option></select></td></tr><tr class="validation-error-area" nameref="rowSetStart32"><td colspan="2"></td><td></td></tr><tr nameref="rowSetStart32"><td class="setting-leftspace"> </td><td class="setting-name">Private Key Location</td><td class="setting-main">
   

  
  <input type="text" class="setting-input   " value="/home/hafner/.ssh/id_rsa" name="privateKeyLocation" path="/hudson-scm-CVSSCM/privateKeyLocation" /></td></tr><tr class="validation-error-area" nameref="rowSetStart32"><td colspan="2"></td><td></td></tr><tr nameref="rowSetStart32"><td class="setting-leftspace"> </td><td class="setting-name">Private Key Password</td><td class="setting-main"><input type="password" class="setting-input " value="" name="privateKeyPassword" path="/hudson-scm-CVSSCM/privateKeyPassword" /></td></tr><tr class="validation-error-area" nameref="rowSetStart32"><td colspan="2"></td><td></td></tr><tr nameref="rowSetStart32"><td class="setting-leftspace"> </td><td class="setting-name">Known Hosts Location</td><td class="setting-main">
   

  
  <input type="text" class="setting-input   " value="/home/hafner/.ssh/known_hosts" name="knownHostsLocation" path="/hudson-scm-CVSSCM/knownHostsLocation" /></td></tr><tr class="validation-error-area" nameref="rowSetStart32"><td colspan="2"></td><td></td></tr><tr nameref="rowSetStart32"><td class="setting-leftspace"> </td><td class="setting-name">Authentication</td><td class="setting-main"><div class="repeated-container"><div class="repeatable-insertion-point"></div><span class="yui-button yui-push-button repeatable-add" id="yui-gen10" name=""><span class="first-child"><button type="button" tabindex="0" id="yui-gen10-button" path="/hudson-scm-CVSSCM/repeatable-add">Add</button></span></span></div></td></tr><tr class="validation-error-area" nameref="rowSetStart32"><td colspan="2"></td><td></td></tr><tr class="row-set-end"></tr><tr class="row-set-start" name="hudson-scm-SubversionSCM" style="display:none" id="rowSetStart33" path="/hudson-scm-SubversionSCM"></tr><tr nameref="rowSetStart33"><td colspan="3"><div class="section-header"><a class="section-anchor" id="section51">#</a>Subversion</div></td></tr><tr nameref="rowSetStart33"><td class="setting-leftspace"> </td><td class="setting-name">Subversion Workspace Version</td><td class="setting-main"><select name="svn.workspaceFormat" path="/hudson-scm-SubversionSCM/workspaceFormat"><option value="8" selected="true">1.4</option><option value="9">1.5</option><option value="10">1.6 (svn:externals to file)</option><option value="100">1.7</option></select></td><td class="setting-help"><a helpurl="/descriptor/hudson.scm.SubversionSCM/help/workspaceFormat" href="#" class="help-button" tabindex="9999"><img width="16" height="16" src="/static/2313d750/images/16x16/help.png" alt="Help for feature: Subversion Workspace Version" /></a></td></tr><tr class="validation-error-area" nameref="rowSetStart33"><td colspan="2"></td><td></td></tr><tr class="help-area" nameref="rowSetStart33"><td></td><td colspan="2"><div class="help">Loading...</div></td><td></td></tr><tr nameref="rowSetStart33"><td class="setting-leftspace"> </td><td class="setting-name">Exclusion revprop name</td><td class="setting-main">
   

  
  <input type="text" class="setting-input   " value="" name="svn.global_excluded_revprop" path="/hudson-scm-SubversionSCM/global_excluded_revprop" /></td><td class="setting-help"><a helpurl="/descriptor/hudson.scm.SubversionSCM/help/excludedRevprop" href="#" class="help-button" tabindex="9999"><img width="16" height="16" src="/static/2313d750/images/16x16/help.png" alt="Help for feature: Exclusion revprop name" /></a></td></tr><tr class="validation-error-area" nameref="rowSetStart33"><td colspan="2"></td><td></td></tr><tr class="help-area" nameref="rowSetStart33"><td></td><td colspan="2"><div class="help">Loading...</div></td><td></td></tr><tr hashelp="true" class="optional-block-start row-set-start" ref="cb8" nameref="rowSetStart33"><td colspan="3"><input type="checkbox" onclick="javascript:updateOptionalBlock(this,true)" class=" " name="svn.validateRemoteUpToVar" id="cb8" path="/hudson-scm-SubversionSCM/validateRemoteUpToVar" /><label class="attach-previous">Validate repository URLs up to the first variable name</label></td><td><a helpurl="/descriptor/hudson.scm.SubversionSCM/help/validateRemoteUpToVar" href="#" class="help-button" tabindex="9999"><img width="16" height="16" src="/static/2313d750/images/16x16/help.png" alt="Help for feature: Validate repository URLs up to the first variable name" /></a></td></tr><tr class="help-area" nameref="cb8"><td></td><td colspan="2"><div class="help">Loading...</div></td><td></td></tr><tr class="rowvg-start" nameref="cb8" style="display: none;"></tr><tr class="row-set-end rowvg-end optional-block-end" nameref="rowSetStart33"></tr><tr hashelp="true" class="optional-block-start row-set-start" ref="cb9" nameref="rowSetStart33"><td colspan="3"><input type="checkbox" checked="true" onclick="javascript:updateOptionalBlock(this,true)" class=" " name="svn.storeAuthToDisk" id="cb9" path="/hudson-scm-SubversionSCM/storeAuthToDisk" /><label class="attach-previous">Update default Subversion credentials cache after successful authentication</label></td><td><a helpurl="/descriptor/hudson.scm.SubversionSCM/help/storeAuthToDisk" href="#" class="help-button" tabindex="9999"><img width="16" height="16" src="/static/2313d750/images/16x16/help.png" alt="Help for feature: Update default Subversion credentials cache after successful authentication" /></a></td></tr><tr class="help-area" nameref="cb9"><td></td><td colspan="2"><div class="help">Loading...</div></td><td></td></tr><tr class="rowvg-start" nameref="cb9"></tr><tr class="row-set-end rowvg-end optional-block-end" nameref="rowSetStart33"></tr><tr class="row-set-end"></tr><tr class="row-set-start" name="hudson-tasks-Shell" style="display:none" id="rowSetStart34" path="/hudson-tasks-Shell"></tr><tr nameref="rowSetStart34"><td colspan="3"><div class="section-header"><a class="section-anchor" id="section52">#</a>Shell</div></td></tr><tr nameref="rowSetStart34"><td class="setting-leftspace"> </td><td class="setting-name">Shell executable</td><td class="setting-main">
   

  
  <input type="text" class="setting-input validated  " value="" name="shell" checkurl="'/builder/Shell/check?value='+encodeURIComponent(this.value)" path="/hudson-tasks-Shell/shell" /></td><td class="setting-help"><a helpurl="/help/shell/shellexe.html" href="#" class="help-button" tabindex="9999"><img width="16" height="16" src="/static/2313d750/images/16x16/help.png" alt="Help for feature: Shell executable" /></a></td></tr><tr class="validation-error-area" nameref="rowSetStart34"><td colspan="2"></td><td><div></div></td></tr><tr class="help-area" nameref="rowSetStart34"><td></td><td colspan="2"><div class="help">Loading...</div></td><td></td></tr><tr class="row-set-end"></tr><tr class="row-set-start" name="hudson-tasks-Mailer" style="display:none" id="rowSetStart35" path="/hudson-tasks-Mailer"></tr><tr nameref="rowSetStart35"><td colspan="3"><div class="section-header"><a class="section-anchor" id="section53">#</a>E-mail Notification</div></td></tr><tr nameref="rowSetStart35"><td class="setting-leftspace"> </td><td class="setting-name">SMTP server</td><td class="setting-main">
   

  
  <input type="text" class="setting-input validated  " value="" name="_.smtpServer" checkurl="/descriptorByName/hudson.tasks.Mailer/checkSmtpServer" checkdependson="" path="/hudson-tasks-Mailer/smtpServer" /></td><td class="setting-help"><a helpurl="/descriptor/hudson.tasks.Mailer/help/smtpServer" href="#" class="help-button" tabindex="9999"><img width="16" height="16" src="/static/2313d750/images/16x16/help.png" alt="Help for feature: SMTP server" /></a></td></tr><tr class="validation-error-area" nameref="rowSetStart35"><td colspan="2"></td><td><div></div></td></tr><tr class="help-area" nameref="rowSetStart35"><td></td><td colspan="2"><div class="help">Loading...</div></td><td></td></tr><tr nameref="rowSetStart35"><td class="setting-leftspace"> </td><td class="setting-name">Default user e-mail suffix</td><td class="setting-main">
   

  
  <input type="text" class="setting-input validated  " value="" name="_.defaultSuffix" checkurl="/descriptorByName/hudson.tasks.Mailer/checkDefaultSuffix" checkdependson="" path="/hudson-tasks-Mailer/defaultSuffix" /></td><td class="setting-help"><a helpurl="/descriptor/hudson.tasks.Mailer/help/defaultSuffix" href="#" class="help-button" tabindex="9999"><img width="16" height="16" src="/static/2313d750/images/16x16/help.png" alt="Help for feature: Default user e-mail suffix" /></a></td></tr><tr class="validation-error-area" nameref="rowSetStart35"><td colspan="2"></td><td><div></div></td></tr><tr class="help-area" nameref="rowSetStart35"><td></td><td colspan="2"><div class="help">Loading...</div></td><td></td></tr><tr nameref="rowSetStart35"><td></td><td></td><td><div class="advancedLink" style=""><span style="" id="id82"><img tooltip="One or more fields in this block have been edited." src="/static/2313d750/images/16x16/document_edit.png" alt="One or more fields in this block have been edited." style="vertical-align: super" title="One or more fields in this block have been edited." /></span><span class="yui-button yui-push-button advanced-button advancedButton" id="yui-gen2" name=""><span class="first-child"><button type="button" tabindex="0" id="yui-gen2-button" path="/hudson-tasks-Mailer/advanced-button">Advanced...</button></span></span></div><table class="advancedBody"><tbody><tr hashelp="true" class="optional-block-start row-set-start" ref="cb10"><td colspan="3"><input type="checkbox" onclick="javascript:updateOptionalBlock(this,true)" class=" " name="useSMTPAuth" id="cb10" path="/hudson-tasks-Mailer/useSMTPAuth" /><label class="attach-previous">Use SMTP Authentication</label></td><td><a helpurl="/help/tasks/mailer/smtpAuth.html" href="#" class="help-button" tabindex="9999"><img width="16" height="16" src="/static/2313d750/images/16x16/help.png" alt="Help for feature: Use SMTP Authentication" /></a></td></tr><tr class="help-area" nameref="cb10"><td></td><td colspan="2"><div class="help">Loading...</div></td><td></td></tr><tr class="rowvg-start" nameref="cb10" style="display: none;"></tr><tr nameref="cb10" style="display: none;"><td class="setting-leftspace"> </td><td class="setting-name">User Name</td><td class="setting-main">
   

  
  <input type="text" class="setting-input   " value="" name="_.smtpAuthUserName" /></td></tr><tr class="validation-error-area" nameref="cb10" style="display: none;"><td colspan="2"></td><td></td></tr><tr nameref="cb10" style="display: none;"><td class="setting-leftspace"> </td><td class="setting-name">Password</td><td class="setting-main"><input type="password" class="setting-input " value="" name="_.smtpAuthPassword" /></td></tr><tr class="validation-error-area" nameref="cb10" style="display: none;"><td colspan="2"></td><td></td></tr><tr class="row-set-end rowvg-end optional-block-end"></tr><tr><td class="setting-leftspace"> </td><td class="setting-name">Use SSL</td><td class="setting-main"><input type="checkbox" class=" " name="_.useSsl" path="/hudson-tasks-Mailer/useSsl" /></td><td class="setting-help"><a helpurl="/descriptor/hudson.tasks.Mailer/help/useSsl" href="#" class="help-button" tabindex="9999"><img width="16" height="16" src="/static/2313d750/images/16x16/help.png" alt="Help for feature: Use SSL" /></a></td></tr><tr class="validation-error-area"><td colspan="2"></td><td></td></tr><tr class="help-area"><td></td><td colspan="2"><div class="help">Loading...</div></td><td></td></tr><tr><td class="setting-leftspace"> </td><td class="setting-name">SMTP Port</td><td class="setting-main">
   

  
  <input type="text" class="setting-input   " value="" name="_.smtpPort" path="/hudson-tasks-Mailer/smtpPort" /></td><td class="setting-help"><a helpurl="/descriptor/hudson.tasks.Mailer/help/smtpPort" href="#" class="help-button" tabindex="9999"><img width="16" height="16" src="/static/2313d750/images/16x16/help.png" alt="Help for feature: SMTP Port" /></a></td></tr><tr class="validation-error-area"><td colspan="2"></td><td></td></tr><tr class="help-area"><td></td><td colspan="2"><div class="help">Loading...</div></td><td></td></tr><tr><td class="setting-leftspace"> </td><td class="setting-name">Reply-To Address</td><td class="setting-main">
   

  
  <input type="text" class="setting-input   " value="" name="_.replyToAddress" path="/hudson-tasks-Mailer/replyToAddress" /></td></tr><tr class="validation-error-area"><td colspan="2"></td><td></td></tr><tr><td class="setting-leftspace"> </td><td class="setting-name">Charset</td><td class="setting-main">
   

  
  <input type="text" class="setting-input   " value="UTF-8" name="_.charset" path="/hudson-tasks-Mailer/charset" /></td></tr><tr class="validation-error-area"><td colspan="2"></td><td></td></tr></tbody></table><script>{
                      var span = $('id82');
                      if (span != null) {
                          span.style.display = '';
                      } else if (console &amp;&amp; console.log) {
                          console.log('no element id82 for [_.charset]');
                      }
                  }</script></td></tr><tr hashelp="false" class="optional-block-start row-set-start" ref="cb11" nameref="rowSetStart35"><td colspan="3"><input type="checkbox" onclick="javascript:updateOptionalBlock(this,true)" class=" " name="_." id="cb11" path="/hudson-tasks-Mailer/" /><label class="attach-previous">Test configuration by sending test e-mail</label></td></tr><tr class="rowvg-start" nameref="cb11" style="display: none;"></tr><tr nameref="cb11" style="display: none;"><td class="setting-leftspace"> </td><td class="setting-name">Test e-mail recipient</td><td class="setting-main">
   

  
  <input type="text" class="setting-input   " value="" name="sendTestMailTo" /></td></tr><tr class="validation-error-area" nameref="cb11" style="display: none;"><td colspan="2"></td><td></td></tr><tr nameref="cb11" style="display: none;"><td class="setting-leftspace"> </td><td class="setting-name"></td><td class="setting-main"><div style="float:right"><span class="yui-button yui-push-button yui-button validate-button" id="yui-gen13" name=""><span class="first-child"><button type="button" tabindex="0" id="yui-gen13-button">Test configuration</button></span></span></div><div style="display:none;"><img src="/static/2313d750/images/spinner.gif" /> 
    </div><div></div></td></tr><tr class="validation-error-area" nameref="cb11" style="display: none;"><td colspan="2"></td><td></td></tr><tr class="row-set-end rowvg-end optional-block-end" nameref="rowSetStart35"></tr><tr class="row-set-end"></tr><tr class="row-set-start" name="jenkins-plugins-publish_over_ssh-BapSshPublisherPlugin" style="display:none" id="rowSetStart37" path="/jenkins-plugins-publish_over_ssh-BapSshPublisherPlugin"></tr><tr nameref="rowSetStart37"><td colspan="3"><div class="section-header"><a class="section-anchor" id="section54">#</a>Publish over SSH</div></td></tr><tr nameref="rowSetStart37"><td class="setting-leftspace"> </td><td class="setting-name">Jenkins SSH Key</td><td class="setting-main"></td><td class="setting-help"><a helpurl="/descriptor/jenkins.plugins.publish_over_ssh.BapSshPublisherPlugin/help/defaultKeySummary" href="#" class="help-button" tabindex="9999"><img width="16" height="16" src="/static/2313d750/images/16x16/help.png" alt="Help for feature: Jenkins SSH Key" /></a></td></tr><tr class="validation-error-area" nameref="rowSetStart37"><td colspan="2"></td><td></td></tr><tr class="help-area" nameref="rowSetStart37"><td></td><td colspan="2"><div class="help">Loading...</div></td><td></td></tr><tr class="row-set-start" name="commonConfig" style="display:none" id="rowSetStart36" nameref="rowSetStart37" path="/jenkins-plugins-publish_over_ssh-BapSshPublisherPlugin/commonConfig"></tr><tr nameref="rowSetStart36"><td class="setting-leftspace"> </td><td class="setting-name">Passphrase</td><td class="setting-main"><input type="password" class="setting-input " value="" name="common.encryptedPassphrase" path="/jenkins-plugins-publish_over_ssh-BapSshPublisherPlugin/commonConfig/encryptedPassphrase" /></td><td class="setting-help"><a helpurl="/descriptor/jenkins.plugins.publish_over_ssh.BapSshCommonConfiguration/help/encryptedPassphrase" href="#" class="help-button" tabindex="9999"><img width="16" height="16" src="/static/2313d750/images/16x16/help.png" alt="Help for feature: Passphrase" /></a></td></tr><tr class="validation-error-area" nameref="rowSetStart36"><td colspan="2"></td><td></td></tr><tr class="help-area" nameref="rowSetStart36"><td></td><td colspan="2"><div class="help">Loading...</div></td><td></td></tr><tr nameref="rowSetStart36"><td class="setting-leftspace"> </td><td class="setting-name">Path to key</td><td class="setting-main">
   

  
  <input type="text" class="setting-input validated  " value="" name="common.keyPath" checkurl="/descriptorByName/jenkins.plugins.publish_over_ssh.BapSshCommonConfiguration/checkKeyPath" checkdependson="" path="/jenkins-plugins-publish_over_ssh-BapSshPublisherPlugin/commonConfig/keyPath" /></td><td class="setting-help"><a helpurl="/descriptor/jenkins.plugins.publish_over_ssh.BapSshCommonConfiguration/help/keyPath" href="#" class="help-button" tabindex="9999"><img width="16" height="16" src="/static/2313d750/images/16x16/help.png" alt="Help for feature: Path to key" /></a></td></tr><tr class="validation-error-area" nameref="rowSetStart36"><td colspan="2"></td><td><div></div></td></tr><tr class="help-area" nameref="rowSetStart36"><td></td><td colspan="2"><div class="help">Loading...</div></td><td></td></tr><tr nameref="rowSetStart36"><td class="setting-leftspace"> </td><td class="setting-name">Key</td><td class="setting-main"><textarea rows="5" class="setting-input   " name="common.key" path="/jenkins-plugins-publish_over_ssh-BapSshPublisherPlugin/commonConfig/key"></textarea><div class="textarea-handle"></div></td><td class="setting-help"><a helpurl="/descriptor/jenkins.plugins.publish_over_ssh.BapSshCommonConfiguration/help/key" href="#" class="help-button" tabindex="9999"><img width="16" height="16" src="/static/2313d750/images/16x16/help.png" alt="Help for feature: Key" /></a></td></tr><tr class="validation-error-area" nameref="rowSetStart36"><td colspan="2"></td><td></td></tr><tr class="help-area" nameref="rowSetStart36"><td></td><td colspan="2"><div class="help">Loading...</div></td><td></td></tr><tr nameref="rowSetStart36"><td class="setting-leftspace"> </td><td class="setting-name">Disable exec</td><td class="setting-main"><input type="checkbox" class=" " name="common.disableAllExec" path="/jenkins-plugins-publish_over_ssh-BapSshPublisherPlugin/commonConfig/disableAllExec" /></td><td class="setting-help"><a helpurl="/descriptor/jenkins.plugins.publish_over_ssh.BapSshCommonConfiguration/help/disableAllExec" href="#" class="help-button" tabindex="9999"><img width="16" height="16" src="/static/2313d750/images/16x16/help.png" alt="Help for feature: Disable exec" /></a></td></tr><tr class="validation-error-area" nameref="rowSetStart36"><td colspan="2"></td><td></td></tr><tr class="help-area" nameref="rowSetStart36"><td></td><td colspan="2"><div class="help">Loading...</div></td><td></td></tr><tr class="row-set-end" nameref="rowSetStart37"></tr><tr nameref="rowSetStart37"><td class="setting-leftspace"> </td><td class="setting-name">SSH Servers</td><td class="setting-main"><div class="repeated-container with-drag-drop"><div class="repeatable-insertion-point"></div><span class="yui-button yui-push-button repeatable-add" id="yui-gen11" name=""><span class="first-child"><button type="button" tabindex="0" id="yui-gen11-button" path="/jenkins-plugins-publish_over_ssh-BapSshPublisherPlugin/repeatable-add">Add</button></span></span></div></td></tr><tr class="validation-error-area" nameref="rowSetStart37"><td colspan="2"></td><td></td></tr><tr nameref="rowSetStart37"><td></td><td></td><td><div class="advancedLink" style=""><span style="display: none" id="id84"><img tooltip="One or more fields in this block have been edited." src="/static/2313d750/images/16x16/document_edit.png" alt="One or more fields in this block have been edited." style="vertical-align: super" title="One or more fields in this block have been edited." /></span><span class="yui-button yui-push-button advanced-button advancedButton" id="yui-gen3" name=""><span class="first-child"><button type="button" tabindex="0" id="yui-gen3-button" path="/jenkins-plugins-publish_over_ssh-BapSshPublisherPlugin/advanced-button">Advanced...</button></span></span></div><table class="advancedBody"><tbody><tr><td class="setting-leftspace"> </td><td class="setting-name"></td><td class="setting-main"></td></tr><tr><td class="setting-leftspace"> </td><td class="setting-name">Publisher defaults</td><td class="setting-main"><select class="setting-input dropdownList" path="/jenkins-plugins-publish_over_ssh-BapSshPublisherPlugin/"><option value="0">Configure defaults</option><option value="1" selected="true">Use plugin defaults</option></select></td></tr><tr class="dropdownList-container"><td colspan="2"></td><td colspan="2"><table width="100%" name="defaults" path="/jenkins-plugins-publish_over_ssh-BapSshPublisherPlugin/defaults"><tbody><tr class="dropdownList-start rowvg-start" style="display: none;" field-disabled="true"><td style="display:none"><input type="hidden" value="jenkins.plugins.publish_over_ssh.options.SshOverrideDefaults" name="stapler-class" /></td></tr><tr proxy="makeStaplerProxy('/$stapler/bound/fc5d7224-d5eb-43cd-a3ee-4e278d71e94d','12945770-e11b-46f0-9396-34fb0d6d9739',['render'])" class="render-on-demand " style="display: none;" field-disabled="true"></tr><tr class="dropdownList-end rowvg-end"></tr><tr class="dropdownList-start rowvg-start"><td style="display:none"><input type="hidden" value="jenkins.plugins.publish_over_ssh.options.SshPluginDefaults" name="stapler-class" path="/jenkins-plugins-publish_over_ssh-BapSshPublisherPlugin/defaults/stapler-class" /></td></tr><tr class="dropdownList-end rowvg-end"></tr></tbody></table></td></tr><tr class="validation-error-area"><td colspan="2"></td><td></td></tr></tbody></table></td></tr><tr class="row-set-end"></tr><tr class="row-set-start" name="hudson-triggers-SCMTrigger" style="display:none" id="rowSetStart38"></tr><tr class="row-set-end"></tr><tr class="row-set-start" name="jenkins-model-GlobalCloudConfiguration" style="display:none" id="rowSetStart39"></tr><tr class="row-set-end"></tr><tr><td colspan="3"><div style="height: 62px;"></div><div id="bottom-sticker" style="position: fixed; bottom: 0px; left: 193px;"><div class="bottom-sticker-edge"></div><div class="bottom-sticker-inner"><span class="yui-button yui-submit-button submit-button" id="yui-gen12" name="Submit" path="/Submit"><span class="first-child"><button type="button" tabindex="0" id="yui-gen12-button">Save</button></span></span><script type="text/javascript" src="/adjuncts/2313d750/lib/form/apply/apply.js"></script><input type="hidden" value="" name="core:apply" path="/core:apply" /><span class="yui-button yui-push-button apply-button applyButton" id="yui-gen4" name="Apply" path="/Apply"><span class="first-child"><button type="button" tabindex="0" id="yui-gen4-button" path="/Apply/apply-button">Apply</button></span></span></div></div></td></tr></tbody></table><div><input type="hidden" value="init" name="json" /></div></form></td></tr></tbody></table><table width="100%"><tbody><tr><td id="footer"><div style="display: block; float: left;" id="l10n-footer"><a onclick="return showTranslationDialog();" href="#"><img src="/static/2313d750/plugin/translation/flags.png" />
      Help us localize this page
    </a></div><span style="padding-right:2em; color:gray">
          Page generated:
          May 26, 2014 11:52:42 AM</span><span style="padding-right:2em"><a href="api/">REST API</a></span><a href="http://jenkins-ci.org/">Jenkins ver. 1.560</a></td></tr></tbody></table><div class="dialog" id="l10n-dialog"></div><script>var footer = document.getElementById('l10n-footer');
    var f = document.getElementById('footer');
    f.insertBefore(footer,f.firstChild);
    footer.style.display="block";

    var translation={}; 
    translation.bundles = "l22Glb85RhzfJ61Gv4LhWiEktnX8MACgxzrpn3N7QzZ/Euk6WtrXEHZfbbbxWDCF7W2vhkMN8LInH4zj9mMnCtZdu9NnUCLNdlT1gEGmcV5jc2gdP0q80ATmNeAOiiO4iTITU8GvPMclEM8jjNupJ/J4Bjb+JT5OssE8BaF9TTBDkZ5Y7Zmydu97VS2dnuf9J/R08GUWPVM61M6dxDH+Yfi9ol/AkFvFcsoGBFWvWT5PLp/ZZk6prOGSmYFEyuaL1PYtKQoF8c4gp/KtGTge0//chLPRV1TiTT7g95dCghOnOgNzTVtbiofH2ohw+EYpeYxGHNXQjkkw6Lb/pYgZGbLarweuVDNT4WlycrfnPc3zb6LSHhVm35MKTVeuwB8FVmMpBsOzieN4GMalc+T6RRyAD/BfEKzj7PXai9HSDeIURcCOWW9y3evf7TQ8Bf7e1VAHycd/ctQvl1Ug7lg1kZphgScPN9/g//753oFQzSoJeglFSoBrN30AviDtTyaxAQpzzo8kYGULFBMDExi/CkedDZUM/iHX6yQak2zZQgozjStX+SnDpYzn+/lS/KikhfHogL35q28AmFyHODqgSdwLxls0fGnVfVfH7P914OVHRaCVmBTMMkYDdDnWhTM3v1hPRrGAMBOKLCR7BOOuHxoM7Kyt26XvAdxhjU5WsFVz56/m2s75xsrc5LVQVXk+Bt8xZ3zBpBQ3OUebGEeQbvIQNG1LniQJU662wMFr+d3IptEWXHvmAXVUhV0mG6w9mkVpMtJN/TFBvRUbDgpYlKXhFDBsNYSF6e7s3JGL90k7CG0sE5+jTd+BRSru11O/MYN1VQikmGccwJwjnyBsFcItlQuCldsYnEBvR3XoczagJbnfrjnWQEAQ6mrJzVcycNGJPdDw16S+yo8+hksSyHmXXP/5/coKCzlpjKBAe4ZvcdnNZrVDviaQuOzwANWfnUPydrtJh4YOfb+u7WoVRFTY+WBaDgS1i+DvM0urBoCfTPgP+sExWVND43YPYqC3axQlYzAr2v256x6Ri+WKghJWpH5Ydpw3EPSUnDozCnRzr4vVsFpQvFNWwNobssHzwQcw9nDK3ktsrRfsY4DeByu8f0gv3gaO4xhoM0J/oIcYrGjQibCaBUsWAt7j57imJhzFJvMk4WOChJ5Gpx1/o2tKP0R3IVTY9Xxp4doA7eAtkp2xZpO02RNyaE8r4S0Dm2vCxo1uScOOUQw9C8k9fX50K+KCRSsVWrUNxkUy7S2JLEQVAXeUasPxEGYnU2nAuD/usiRQ9Vi+a6CksEDGTFv0aKId8+URo8n7LDSoOc2VeoseMr6w9MjQHf4W/ohqQdN65yGhfmaQ3fJygQVpQu++WATFv57TgwjuIuGkAv8m0kB1FwNJfzRKs3h9UnsymiMVZ6Iyc+4SOvW4GrbTVOKJ6al4XRochQ1THDcP5S1F7e75YRUEh/Zq7ZAnMfU86dW0L8LNQRBxa2U+OVotO8x/YTVg41dd85txs4713NQ9cvQeuVKwx7ZUtWZ66SfZxGfWkFS08z8xtG9TytHZ8Phb97H7ExsC1wnFwJV4ANu7prJm+aD5vKGl7836f2t+4mtWp/Vmo6VVT96VkC/LrzDTZECirBJ/RBIBtWwxEzb3Bw+rCD/eTOZF/vg1XL2Jff8CYzlBCnOLRf4tHxoGKNEmYtenRpu6swSDZiqRTlVwPXO8FAnUckmOKwvf61Fyc5knEGQ7HlKEKG6ZFEzZoLQL/rDi7xyJsWdO677d4S31V45TzGQ1XwNMxH24rTLYfDktyXXnKg2CzLXAOeubwYlV75ah2goNuRILKlHSnxQE/87bkA9y4m5k9MMBr1tEPS4pBNlY5Dh5m6kqjGAwAy9sKd+secyTAuC8nB4zeCrrcefWfOWQzPEysaJ11eHlC6iGn+qjEb4aa6fbuXAEweLQwmkeOoYeav5i/Xv5DXTHDILLyFCZitnrdBYus3yC";
    translation.detectedLocale = "";

    function showTranslationDialog() {
      if(!translation.launchDialog)
        loadScript("/static/2313d750/plugin/translation/dialog.js");
      else
        translation.launchDialog();
      return false; 
    }</script><script src="/static/2313d750/plugin/form-element-path/script.js"></script></body></html>
For documentation on this error, please visit: http://seleniumhq.org/exceptions/no_such_element.html
Build info: version: '2.41.0', revision: '3192d8a6c4449dc285928ba024779344f5423c58', time: '2014-03-27 11:29:39'
System info: host: 'killerloop', ip: '127.0.1.1', os.name: 'Linux', os.arch: 'amd64', os.version: '3.13.0-24-generic', java.version: '1.7.0_55'
Driver info: driver.version: unknown
	at org.jenkinsci.test.acceptance.po.CapybaraPortingLayer.find(CapybaraPortingLayer.java:166)
	at org.jenkinsci.test.acceptance.po.CapybaraPortingLayer.last(CapybaraPortingLayer.java:248)
	at org.jenkinsci.test.acceptance.plugins.publish_over_ssh.PublishOverSSHGlobalConfig.setCommonConfig(PublishOverSSHGlobalConfig.java:26)
	at plugins.PublishOverSSHPluginTest.commonConfigKeyFile(PublishOverSSHPluginTest.java:38)
	at plugins.PublishOverSSHPluginTest.ssh_key_path_and_no_password_publishing(PublishOverSSHPluginTest.java:170)
]]></error>
    <system-out><![CDATA[Starting Jenkins: /usr/lib/jvm/java-1.7.0-openjdk-amd64/bin/java -DJENKINS_HOME=/home/hafner/Documents/acceptance-test-harness/target/jenkins2417964082362435880home -Duser.language=en -jar ./jenkins.war --ajp13Port=-1 --httpPort=61503
=== Starting ssh_key_path_and_no_password_publishing(plugins.PublishOverSSHPluginTest)
Plugin org.jenkins-ci.plugins:publish-over-ssh:hpi:1.11 installed
Launching Docker container b363ee06286a99822a914b95d88aa6b972f4da566de1621d7b8230403a399e74: logfile is at /tmp/tmp/docker918545213964449058cid.log
org.openqa.selenium.NoSuchElementException: Unable to locate By.xpath: .//tr[@name='commonConfig'][starts-with(@path,'/jenkins-plugins-publish_over_ssh-BapSshPublisherPlugin/')] in http://127.0.0.1:61503/configure

<!DOCTYPE html>
<html xmlns="http://www.w3.org/1999/xhtml"><head>
    

    <title>Configure System [Jenkins]</title><link href="/static/2313d750/css/style.css" type="text/css" rel="stylesheet" /><link href="/static/2313d750/css/color.css" type="text/css" rel="stylesheet" /><link href="/static/2313d750/favicon.ico" type="image/vnd.microsoft.icon" rel="shortcut icon" /><script>var isRunAsTest=false; var rootURL=""; var resURL="/static/2313d750";</script><script type="text/javascript" src="/static/2313d750/scripts/prototype.js"></script><script type="text/javascript" src="/static/2313d750/scripts/behavior.js"></script><script type="text/javascript" src="/adjuncts/2313d750/org/kohsuke/stapler/bind.js"></script><script src="/static/2313d750/scripts/yui/yahoo/yahoo-min.js"></script><script src="/static/2313d750/scripts/yui/dom/dom-min.js"></script><script src="/static/2313d750/scripts/yui/event/event-min.js"></script><script src="/static/2313d750/scripts/yui/animation/animation-min.js"></script><script src="/static/2313d750/scripts/yui/dragdrop/dragdrop-min.js"></script><script src="/static/2313d750/scripts/yui/container/container-min.js"></script><script src="/static/2313d750/scripts/yui/connection/connection-min.js"></script><script src="/static/2313d750/scripts/yui/datasource/datasource-min.js"></script><script src="/static/2313d750/scripts/yui/autocomplete/autocomplete-min.js"></script><script src="/static/2313d750/scripts/yui/menu/menu-min.js"></script><script src="/static/2313d750/scripts/yui/element/element-min.js"></script><script src="/static/2313d750/scripts/yui/button/button-min.js"></script><script src="/static/2313d750/scripts/yui/storage/storage-min.js"></script><script type="text/javascript" src="/static/2313d750/scripts/hudson-behavior.js"></script><script type="text/javascript" src="/static/2313d750/scripts/sortable.js"></script><script>crumb.init("", "");</script><link href="/static/2313d750/scripts/yui/container/assets/container.css" type="text/css" rel="stylesheet" /><link href="/static/2313d750/scripts/yui/assets/skins/sam/skin.css" type="text/css" rel="stylesheet" /><link href="/static/2313d750/scripts/yui/container/assets/skins/sam/container.css" type="text/css" rel="stylesheet" /><link href="/static/2313d750/scripts/yui/button/assets/skins/sam/button.css" type="text/css" rel="stylesheet" /><link href="/static/2313d750/scripts/yui/menu/assets/skins/sam/menu.css" type="text/css" rel="stylesheet" /><link href="/opensearch.xml" type="application/opensearchdescription+xml" rel="search" title="Jenkins" /><meta content="INDEX,NOFOLLOW" name="ROBOTS" /><link href="/rssAll" type="application/rss+xml" rel="alternate" title="Jenkins:All (all builds)" /><link href="/rssAll?flavor=rss20" type="application/rss+xml" rel="alternate" title="Jenkins:All (all builds) (RSS 2.0)" /><link href="/rssFailed" type="application/rss+xml" rel="alternate" title="Jenkins:All (failed builds)" /><link href="/rssFailed?flavor=rss20" type="application/rss+xml" rel="alternate" title="Jenkins:All (failed builds) (RSS 2.0)" /><link type="text/css" href="/adjuncts/2313d750/lib/form/breadcrumb-config-outline/init.css" rel="stylesheet" /><script type="text/javascript" src="/adjuncts/2313d750/lib/form/breadcrumb-config-outline/init.js"></script><script src="/static/2313d750/scripts/yui/cookie/cookie-min.js"></script></head><body class="yui-skin-sam" id="jenkins jenkins-1.560"><div id="tt" class="yui-module yui-overlay yui-tt yui-overlay-hidden" style="z-index: 999; visibility: hidden;"><div class="bd"></div></div><iframe id="_yuiResizeMonitor" title="Text Resize Monitor" tabindex="-1" role="presentation" style="position: absolute; visibility: visible; background-color: transparent; border-width: 0px; width: 2em; height: 2em; left: 0px; top: -23px;"></iframe><div class="yui-panel-container shadow yui-overlay-hidden" id="wait3_c" style="visibility: hidden; left: 425px; top: 204px; z-index: 4;"><div id="wait3" class="yui-module yui-overlay yui-panel" style="visibility: inherit;"><a class="container-close" href="#">Close</a><div class="hd" style="cursor: move;" id="wait3_h">Error</div><div class="bd"><div id="container2"></div></div></div></div><a class="skiplink" href="#skip2content">Skip to content</a><table width="100%" cellspacing="0" cellpadding="0" border="0" id="header"><tbody><tr><td colspan="2" id="top-panel"><table width="100%" cellspacing="0" cellpadding="0" border="0"><tbody><tr><td style="font-weight:bold; font-size: 2em;"><a href="/" id="jenkins-home-link"><img width="139" height="34" src="/static/2313d750/images/title.png" alt="title" id="jenkins-home-icon" /></a></td><td style="vertical-align: middle; text-align: right; padding-right: 1em;"><form method="get" class="no-json" action="/search/" name="search" style="position:relative;" path=""><div id="search-box-minWidth" style="font-family: Verdana,Helvetica,sans serif; font-size: 11px; font-style: normal; font-weight: 400;"></div><div id="search-box-sizer" style="font-family: Verdana,Helvetica,sans serif; font-size: 11px; font-style: normal; font-weight: 400;"></div><div id="searchform" class="yui-ac"><input class="has-default-text yui-ac-input defaulted" name="q" placeholder="search" id="search-box" autocomplete="off" style="width: 225px;" path="/q" /> <a href="http://wiki.jenkins-ci.org/display/JENKINS/Search+Box"><img width="16" height="16" src="/static/2313d750/images/16x16/help.png" alt="help for search" /></a><div id="search-box-completion" class="yui-ac-container" style="width: 225px; left: 330px; top: 21px;"><div class="yui-ac-content" style="display: none; width: 225px;"><div class="yui-ac-hd" style="display: none;"></div><div class="yui-ac-bd"><ul><li style="display: none;"></li><li style="display: none;"></li><li style="display: none;"></li><li style="display: none;"></li><li style="display: none;"></li><li style="display: none;"></li><li style="display: none;"></li><li style="display: none;"></li><li style="display: none;"></li><li style="display: none;"></li></ul></div><div class="yui-ac-ft" style="display: none;"></div></div></div><script>createSearchBox("/search/");</script></div></form></td><td id="login-field"><span></span></td></tr></tbody></table></td></tr><tr id="top-nav"><td colspan="2" id="left-top-nav"><link type="text/css" href="/adjuncts/2313d750/lib/layout/breadcrumbs.css" rel="stylesheet" /><script type="text/javascript" src="/adjuncts/2313d750/lib/layout/breadcrumbs.js"></script><div style="height: 23px;"></div><div class="top-sticker noedge" style="position: fixed; top: 34px; left: 0px;"><div class="top-sticker-edge"></div><div class="top-sticker-inner"><div id="right-top-nav"></div><ul id="breadcrumbs"><li class="item"><a href="/" class="model-link inside">Jenkins</a></li><li href="/" class="children"></li><li class="item" id="inpage-nav"><a class="model-link inside">configuration</a></li></ul><div id="breadcrumb-menu-target"></div></div></div></td></tr></tbody></table><div id="menuSelector"></div><table width="100%" height="70%" border="0" style="background-image: url(/static/2313d750/images/jenkins.png);                background-repeat: no-repeat; background-position: bottom left;" id="main-table"><tbody><tr><td width="20%" id="side-panel"><div style="min-height: 323px; height: auto !important; height: 323px;" id="navigation"><div id="tasks"><div class="task">
          

          <a href="/view/All/newJob" class="task-icon-link"><img width="24" height="24" src="/static/2313d750/images/24x24/new-package.png" class="task-icon" alt="" style="margin: 2px;" /></a> <a href="/view/All/newJob" class="task-link">New Item</a></div><div class="task">
          

          <a href="/asynchPeople/" class="task-icon-link"><img width="24" height="24" src="/static/2313d750/images/24x24/user.png" class="task-icon" alt="" style="margin: 2px;" /></a> <a href="/asynchPeople/" class="task-link">People</a></div><div class="task">
          

          <a href="/view/All/builds" class="task-icon-link"><img width="24" height="24" src="/static/2313d750/images/24x24/notepad.png" class="task-icon" alt="" style="margin: 2px;" /></a> <a href="/view/All/builds" class="task-link">Build History</a></div><div class="task">
          

          <a href="/manage" class="task-icon-link"><img width="24" height="24" src="/static/2313d750/images/24x24/setting.png" class="task-icon" alt="" style="margin: 2px;" /></a> <a href="/manage" class="task-link">Manage Jenkins</a></div><div class="task">
          

          <a href="/credential-store" class="task-icon-link"><img width="24" height="24" src="/static/2313d750/plugin/credentials/images/48x48/credentials.png" class="task-icon" alt="" style="margin: 2px;" /></a> <a href="/credential-store" class="task-link">Credentials</a></div></div><table class="pane" id="buildQueue"><tbody><tr><td class="pane-header" colspan="2"><div>Build Queue<a href="/toggleCollapse?paneId=buildQueue" class="collapse" title="collapse"><img src="/static/2313d750/images/16x16/collapse.png" class="icon16x16" alt="collapse" /></a></div></td></tr><tr><td colspan="2" class="pane">No builds in the queue.</td></tr></tbody></table><script defer="defer">refreshPart('buildQueue',"/ajaxBuildQueue");</script><table class="pane" id="executors"><tbody><tr><td class="pane-header" colspan="3"><div><a href="/computer/">Build Executor Status</a><a href="/toggleCollapse?paneId=executors" class="collapse" title="collapse"><img src="/static/2313d750/images/16x16/collapse.png" class="icon16x16" alt="collapse" /></a></div></td></tr></tbody><colgroup><col width="1*" /><col width="200*" /><col width="24" /></colgroup><tbody><tr><th class="pane">#</th><th colspan="2" class="pane"><div style="margin-right:19px">Status</div></th></tr><tr></tr><tr><td align="right" style="vertical-align: top" class="pane">1</td><td class="pane">Idle</td><td class="pane"></td></tr><tr><td align="right" style="vertical-align: top" class="pane">2</td><td class="pane">Idle</td><td class="pane"></td></tr></tbody></table><script defer="defer">refreshPart('executors',"/ajaxExecutors");</script></div></td><td width="80%" height="100%" id="main-panel"><a name="skip2content"></a><div class="behavior-loading" style="display: none;">LOADING</div><form method="post" action="configSubmit" name="config" path=""><table width="100%"><tbody><tr><td class="setting-leftspace"> </td><td class="setting-name">Home directory</td><td class="setting-main">/home/hafner/Documents/acceptance-test-harness/target/jenkins2417964082362435880home</td><td class="setting-help"><a helpurl="/help/system-config/homeDirectory.html" href="#" class="help-button" tabindex="9999"><img width="16" height="16" src="/static/2313d750/images/16x16/help.png" alt="Help for feature: Home directory" /></a></td></tr><tr class="validation-error-area"><td colspan="2"></td><td></td></tr><tr class="help-area"><td></td><td colspan="2"><div class="help">Loading...</div></td><td></td></tr><tr><td></td><td></td><td><script type="text/javascript" src="/adjuncts/2313d750/lib/form/advanced/advanced.js"></script><div class="advancedLink" style=""><span style="" id="id81"><img tooltip="One or more fields in this block have been edited." src="/static/2313d750/images/16x16/document_edit.png" alt="One or more fields in this block have been edited." style="vertical-align: super" title="One or more fields in this block have been edited." /></span><span class="yui-button yui-push-button advanced-button advancedButton" id="yui-gen1" name=""><span class="first-child"><button type="button" tabindex="0" id="yui-gen1-button" path="/advanced-button">Advanced...</button></span></span></div><table class="advancedBody"><tbody><tr><td class="setting-leftspace"> </td><td class="setting-name">Workspace Root Directory</td><td class="setting-main">
   

  
  <input type="text" class="setting-input   " value="${ITEM_ROOTDIR}/workspace" name="_.rawWorkspaceDir" path="/rawWorkspaceDir" /></td><td class="setting-help"><a helpurl="/descriptor/jenkins.model.Jenkins/help/rawWorkspaceDir" href="#" class="help-button" tabindex="9999"><img width="16" height="16" src="/static/2313d750/images/16x16/help.png" alt="Help for feature: Workspace Root Directory" /></a></td></tr><tr class="validation-error-area"><td colspan="2"></td><td></td></tr><tr class="help-area"><td></td><td colspan="2"><div class="help">Loading...</div></td><td></td></tr><tr><td class="setting-leftspace"> </td><td class="setting-name">Build Record Root Directory</td><td class="setting-main">
   

  
  <input type="text" class="setting-input validated  " value="${ITEM_ROOTDIR}/builds" name="_.rawBuildsDir" checkurl="/descriptorByName/jenkins.model.Jenkins/checkRawBuildsDir" checkdependson="" path="/rawBuildsDir" /></td><td class="setting-help"><a helpurl="/descriptor/jenkins.model.Jenkins/help/rawBuildsDir" href="#" class="help-button" tabindex="9999"><img width="16" height="16" src="/static/2313d750/images/16x16/help.png" alt="Help for feature: Build Record Root Directory" /></a></td></tr><tr class="validation-error-area"><td colspan="2"></td><td><div></div></td></tr><tr class="help-area"><td></td><td colspan="2"><div class="help">Loading...</div></td><td></td></tr></tbody></table><script>{
                      var span = $('id81');
                      if (span != null) {
                          span.style.display = '';
                      } else if (console &amp;&amp; console.log) {
                          console.log('no element id81 for [_.rawBuildsDir, _.rawWorkspaceDir]');
                      }
                  }</script></td></tr><tr><td class="setting-leftspace"> </td><td class="setting-name">System Message</td><td class="setting-main"><script type="text/javascript" src="/adjuncts/2313d750/lib/form/textarea/textarea.js"></script><textarea rows="5" class="setting-input   " name="system_message" path="/system_message"></textarea><div class="textarea-handle"></div><div class="textarea-preview-container">
        [Escaped HTML] <a href="#" class="textarea-show-preview" previewendpoint="/markupFormatter/previewDescription">Preview</a> <a class="textarea-hide-preview" href="#" style="display: none;">Hide preview</a><div class="textarea-preview" style="display: none;"></div></div></td><td class="setting-help"><a helpurl="/help/system-config/systemMessage.html" href="#" class="help-button" tabindex="9999"><img width="16" height="16" src="/static/2313d750/images/16x16/help.png" alt="Help for feature: System Message" /></a></td></tr><tr class="validation-error-area"><td colspan="2"></td><td></td></tr><tr class="help-area"><td></td><td colspan="2"><div class="help">Loading...</div></td><td></td></tr><tr class="row-set-start" name="jenkins-model-MasterBuildConfiguration" style="display:none" id="rowSetStart12" path="/jenkins-model-MasterBuildConfiguration"></tr><tr nameref="rowSetStart12"><td class="setting-leftspace"> </td><td class="setting-name"># of executors</td><td class="setting-main"><input type="number" class="setting-input  number" value="2" name="_.numExecutors" step="1" min="0" path="/jenkins-model-MasterBuildConfiguration/numExecutors" /></td></tr><tr class="validation-error-area" nameref="rowSetStart12"><td colspan="2"></td><td></td></tr><tr class="row-set-end"></tr><tr class="row-set-start" name="jenkins-model-GlobalQuietPeriodConfiguration" style="display:none" id="rowSetStart13" path="/jenkins-model-GlobalQuietPeriodConfiguration"></tr><tr nameref="rowSetStart13"><td class="setting-leftspace"> </td><td class="setting-name">Quiet period</td><td class="setting-main"><input type="number" class="setting-input  number" value="5" name="_.quietPeriod" min="0" path="/jenkins-model-GlobalQuietPeriodConfiguration/quietPeriod" /></td><td class="setting-help"><a helpurl="/descriptor/jenkins.model.GlobalQuietPeriodConfiguration/help/quietPeriod" href="#" class="help-button" tabindex="9999"><img width="16" height="16" src="/static/2313d750/images/16x16/help.png" alt="Help for feature: Quiet period" /></a></td></tr><tr class="validation-error-area" nameref="rowSetStart13"><td colspan="2"></td><td></td></tr><tr class="help-area" nameref="rowSetStart13"><td></td><td colspan="2"><div class="help">Loading...</div></td><td></td></tr><tr class="row-set-end"></tr><tr class="row-set-start" name="jenkins-model-GlobalSCMRetryCountConfiguration" style="display:none" id="rowSetStart14" path="/jenkins-model-GlobalSCMRetryCountConfiguration"></tr><tr nameref="rowSetStart14"><td class="setting-leftspace"> </td><td class="setting-name">SCM checkout retry count</td><td class="setting-main"><input type="number" class="setting-input  number" value="0" name="_.scmCheckoutRetryCount" min="0" path="/jenkins-model-GlobalSCMRetryCountConfiguration/scmCheckoutRetryCount" /></td></tr><tr class="validation-error-area" nameref="rowSetStart14"><td colspan="2"></td><td></td></tr><tr class="row-set-end"></tr><tr class="row-set-start" name="hudson-views-ViewsTabBar$GlobalConfigurationImpl" style="display:none" id="rowSetStart15"></tr><tr class="row-set-end"></tr><tr class="row-set-start" name="hudson-views-MyViewsTabBar$GlobalConfigurationImpl" style="display:none" id="rowSetStart16"></tr><tr class="row-set-end"></tr><tr class="row-set-start" name="hudson-views-GlobalDefaultViewConfiguration" style="display:none" id="rowSetStart17"></tr><tr class="row-set-end"></tr><tr class="row-set-start" name="jenkins-model-GlobalProjectNamingStrategyConfiguration" style="display:none" id="rowSetStart18" path="/jenkins-model-GlobalProjectNamingStrategyConfiguration"></tr><tr hashelp="false" class="optional-block-start row-set-start" ref="cb4" nameref="rowSetStart18"><td colspan="3"><input type="checkbox" onclick="javascript:updateOptionalBlock(this,true)" class=" " name="_.useProjectNamingStrategy" id="cb4" path="/jenkins-model-GlobalProjectNamingStrategyConfiguration/useProjectNamingStrategy" /><label class="attach-previous">Restrict project naming</label></td></tr><tr class="rowvg-start" nameref="cb4" style="display: none;"></tr><tr nameref="cb4" style="display: none;"><td class="setting-leftspace"> </td><td class="setting-name">Naming Strategy</td><td class="setting-main"><link type="text/css" href="/adjuncts/2313d750/lib/form/section_.css" rel="stylesheet" /><table style="width:100%"><script type="text/javascript" src="/adjuncts/2313d750/lib/form/section_.js"></script><tbody><tr><td colspan="3"><div class="section-header"><a class="section-anchor" id="section40">#</a>Strategy</div></td></tr><script type="text/javascript" src="/adjuncts/2313d750/lib/form/radioBlock/radioBlock.js"></script><tr hashelp="true" class="radio-block-start row-set-start" ref="radio-block-0"><td colspan="3"><label><input type="radio" checked="true" class="radio-block-control" value="0" name="namingStrategy" id="radio-block-0" />
        Default
      </label></td><td><a helpurl="/help/system-config/defaultJobNamingStrategy.html" href="#" class="help-button" tabindex="9999"><img width="16" height="16" src="/static/2313d750/images/16x16/help.png" alt="Help for feature: Default" /></a></td></tr><tr class="help-area" nameref="radio-block-0"><td></td><td colspan="2"><div class="help">Loading...</div></td><td></td></tr><tr style="" nameref="radio-block-0"><td><input type="hidden" value="jenkins.model.ProjectNamingStrategy$DefaultProjectNamingStrategy" name="stapler-class" /></td></tr><tr class="row-set-end radio-block-end" style="display:none"></tr><tr hashelp="true" class="radio-block-start row-set-start" ref="radio-block-1"><td colspan="3"><label><input type="radio" class="radio-block-control" value="1" name="namingStrategy" id="radio-block-1" />
        Pattern
      </label></td><td><a helpurl="/help/system-config/patternJobNamingStrategy.html" href="#" class="help-button" tabindex="9999"><img width="16" height="16" src="/static/2313d750/images/16x16/help.png" alt="Help for feature: Pattern" /></a></td></tr><tr class="help-area" nameref="radio-block-1"><td></td><td colspan="2"><div class="help">Loading...</div></td><td></td></tr><tr style="display:none" nameref="radio-block-1"><td><input type="hidden" value="jenkins.model.ProjectNamingStrategy$PatternProjectNamingStrategy" name="stapler-class" /></td></tr><tr style="display: none;" nameref="radio-block-1"><td class="setting-leftspace"> </td><td class="setting-name">Name Pattern</td><td class="setting-main">
   

  
  <input type="text" class="setting-input validated  " value=".*" name="_.namePattern" checkurl="/descriptorByName/jenkins.model.ProjectNamingStrategy$PatternProjectNamingStrategy/checkNamePattern" checkdependson="" /></td></tr><tr class="validation-error-area" style="display: none;" nameref="radio-block-1"><td colspan="2"></td><td><div></div></td></tr><tr style="display: none;" nameref="radio-block-1"><td class="setting-leftspace"> </td><td class="setting-name">Description</td><td class="setting-main">
   

  
  <input type="text" class="setting-input   " value="" name="_.description" /></td><td class="setting-help"><a helpurl="/descriptor/jenkins.model.ProjectNamingStrategy$PatternProjectNamingStrategy/help/description" href="#" class="help-button" tabindex="9999"><img width="16" height="16" src="/static/2313d750/images/16x16/help.png" alt="Help for feature: Description" /></a></td></tr><tr class="validation-error-area" style="display: none;" nameref="radio-block-1"><td colspan="2"></td><td></td></tr><tr class="help-area" style="display: none;" nameref="radio-block-1"><td></td><td colspan="2"><div class="help">Loading...</div></td><td></td></tr><tr style="display: none;" nameref="radio-block-1"><td class="setting-leftspace"> </td><td class="setting-name">force existing</td><td class="setting-main"><input type="checkbox" class=" " name="forceExistingJobs" /></td></tr><tr class="validation-error-area" style="display: none;" nameref="radio-block-1"><td colspan="2"></td><td></td></tr><tr class="row-set-end radio-block-end" style="display:none"></tr></tbody></table></td></tr><tr class="validation-error-area" nameref="cb4" style="display: none;"><td colspan="2"></td><td></td></tr><tr class="row-set-end rowvg-end optional-block-end" nameref="rowSetStart18"></tr><tr class="row-set-end"></tr><tr class="row-set-start" name="jenkins-model-GlobalNodePropertiesConfiguration" style="display:none" id="rowSetStart20" path="/jenkins-model-GlobalNodePropertiesConfiguration"></tr><tr class="row-set-start" name="globalNodeProperties" style="display:none" id="rowSetStart19" nameref="rowSetStart20" path="/jenkins-model-GlobalNodePropertiesConfiguration/globalNodeProperties"></tr><tr nameref="rowSetStart19"><td colspan="3"><div class="section-header"><a class="section-anchor" id="section41">#</a>Global properties</div></td></tr><tr hashelp="false" class="optional-block-start row-set-start" ref="cb5" nameref="rowSetStart19"><td colspan="3"><input type="checkbox" onclick="javascript:updateOptionalBlock(this,true)" class=" " name="hudson-slaves-EnvironmentVariablesNodeProperty" id="cb5" path="/jenkins-model-GlobalNodePropertiesConfiguration/globalNodeProperties/hudson-slaves-EnvironmentVariablesNodeProperty" /><label class="attach-previous">Environment variables</label></td></tr><tr class="rowvg-start" nameref="cb5" style="display: none;"></tr><tr nameref="cb5" style="display: none;"><td class="setting-leftspace"> </td><td class="setting-name">List of key-value pairs</td><td class="setting-main"><script type="text/javascript" src="/adjuncts/2313d750/lib/form/dragdrop/dragdrop.js"></script><script type="text/javascript" src="/adjuncts/2313d750/lib/form/repeatable/repeatable.js"></script><div class="repeated-container"><div class="repeatable-insertion-point"></div><span class="yui-button yui-push-button repeatable-add" id="yui-gen5" name=""><span class="first-child"><button type="button" tabindex="0" id="yui-gen5-button">Add</button></span></span></div></td><td class="setting-help"><a helpurl="/help/system-config/globalEnvironmentVariables.html" href="#" class="help-button" tabindex="9999"><img width="16" height="16" src="/static/2313d750/images/16x16/help.png" alt="Help for feature: List of key-value pairs" /></a></td></tr><tr class="validation-error-area" nameref="cb5" style="display: none;"><td colspan="2"></td><td></td></tr><tr class="help-area" nameref="cb5" style="display: none;"><td></td><td colspan="2"><div class="help">Loading...</div></td><td></td></tr><tr class="row-set-end rowvg-end optional-block-end" nameref="rowSetStart19"></tr><tr hashelp="false" class="optional-block-start row-set-start" ref="cb6" nameref="rowSetStart19"><td colspan="3"><input type="checkbox" onclick="javascript:updateOptionalBlock(this,true)" class=" " name="hudson-tools-ToolLocationNodeProperty" id="cb6" path="/jenkins-model-GlobalNodePropertiesConfiguration/globalNodeProperties/hudson-tools-ToolLocationNodeProperty" /><label class="attach-previous">Tool Locations</label></td></tr><tr class="rowvg-start" nameref="cb6" style="display: none;"></tr><tr nameref="cb6" style="display: none;"><td class="setting-leftspace"> </td><td class="setting-name">List of tool locations</td><td class="setting-main"><div class="repeated-container"><div class="repeatable-insertion-point"></div><span class="yui-button yui-push-button repeatable-add" id="yui-gen6" name=""><span class="first-child"><button type="button" tabindex="0" id="yui-gen6-button">Add</button></span></span></div></td><td class="setting-help"><a helpurl="/help/tools/tool-location-node-property.html" href="#" class="help-button" tabindex="9999"><img width="16" height="16" src="/static/2313d750/images/16x16/help.png" alt="Help for feature: List of tool locations" /></a></td></tr><tr class="validation-error-area" nameref="cb6" style="display: none;"><td colspan="2"></td><td></td></tr><tr class="help-area" nameref="cb6" style="display: none;"><td></td><td colspan="2"><div class="help">Loading...</div></td><td></td></tr><tr class="row-set-end rowvg-end optional-block-end" nameref="rowSetStart19"></tr><tr class="row-set-end" nameref="rowSetStart20"></tr><tr class="row-set-end"></tr><tr class="row-set-start" name="jenkins-model-GlobalPluginConfiguration" style="display:none" id="rowSetStart21"></tr><tr class="row-set-end"></tr><tr class="row-set-start" name="jenkins-mvn-GlobalMavenConfig" style="display:none" id="rowSetStart22" path="/jenkins-mvn-GlobalMavenConfig"></tr><tr nameref="rowSetStart22"><td colspan="3"><div class="section-header"><a class="section-anchor" id="section42">#</a>Maven Configuration</div></td></tr><tr nameref="rowSetStart22"><td class="setting-leftspace"> </td><td class="setting-name">Default settings provider</td><td class="setting-main"><select class="setting-input dropdownList" path="/jenkins-mvn-GlobalMavenConfig/"><option value="0" selected="true">Use default maven settings</option><option value="1">Settings file in filesystem</option></select></td></tr><tr class="dropdownList-container" nameref="rowSetStart22"><td colspan="2"></td><td colspan="2"><table width="100%" name="settingsProvider" path="/jenkins-mvn-GlobalMavenConfig/settingsProvider"><tbody><tr class="dropdownList-start rowvg-start"><td style="display:none"><input type="hidden" value="jenkins.mvn.DefaultSettingsProvider" name="stapler-class" path="/jenkins-mvn-GlobalMavenConfig/settingsProvider/stapler-class" /></td></tr><tr class="dropdownList-end rowvg-end"></tr><tr class="dropdownList-start rowvg-start" style="display: none;" field-disabled="true"><td style="display:none"><input type="hidden" value="jenkins.mvn.FilePathSettingsProvider" name="stapler-class" /></td></tr><tr proxy="makeStaplerProxy('/$stapler/bound/5df51fb4-7d0f-44c1-9fe1-fa3e6b1d7836','12945770-e11b-46f0-9396-34fb0d6d9739',['render'])" class="render-on-demand " style="display: none;" field-disabled="true"></tr><tr class="dropdownList-end rowvg-end"></tr></tbody></table></td></tr><tr nameref="rowSetStart22"><td class="setting-leftspace"> </td><td class="setting-name">Default global settings provider</td><td class="setting-main"><select class="setting-input dropdownList" path="/jenkins-mvn-GlobalMavenConfig/[1]"><option value="0" selected="true">Use default maven global settings</option><option value="1">Global settings file on filesystem</option></select></td></tr><tr class="dropdownList-container" nameref="rowSetStart22"><td colspan="2"></td><td colspan="2"><table width="100%" name="globalSettingsProvider" path="/jenkins-mvn-GlobalMavenConfig/globalSettingsProvider"><tbody><tr class="dropdownList-start rowvg-start"><td style="display:none"><input type="hidden" value="jenkins.mvn.DefaultGlobalSettingsProvider" name="stapler-class" path="/jenkins-mvn-GlobalMavenConfig/globalSettingsProvider/stapler-class" /></td></tr><tr class="dropdownList-end rowvg-end"></tr><tr class="dropdownList-start rowvg-start" style="display: none;" field-disabled="true"><td style="display:none"><input type="hidden" value="jenkins.mvn.FilePathGlobalSettingsProvider" name="stapler-class" /></td></tr><tr proxy="makeStaplerProxy('/$stapler/bound/62222d91-d2c1-4272-b3d6-645c7ec4aa44','12945770-e11b-46f0-9396-34fb0d6d9739',['render'])" class="render-on-demand " style="display: none;" field-disabled="true"></tr><tr class="dropdownList-end rowvg-end"></tr></tbody></table></td></tr><tr class="row-set-end"></tr><tr class="row-set-start" name="hudson-model-JDK" style="display:none" id="rowSetStart23" path="/hudson-model-JDK"></tr><tr nameref="rowSetStart23"><td colspan="3"><div class="section-header"><a class="section-anchor" id="section43">#</a>JDK</div></td></tr><tr nameref="rowSetStart23"><td class="setting-leftspace"> </td><td class="setting-name">JDK installations</td><td class="setting-main"><div class="repeated-container with-drag-drop"><div class="repeatable-insertion-point"></div><span class="yui-button yui-push-button repeatable-add" id="yui-gen7" name=""><span class="first-child"><button type="button" tabindex="0" id="yui-gen7-button" path="/hudson-model-JDK/repeatable-add">Add JDK</button></span></span></div></td></tr><tr class="validation-error-area" nameref="rowSetStart23"><td colspan="2"></td><td></td></tr><tr nameref="rowSetStart23"><td colspan="2"></td><td class="setting-description">List of JDK installations on this system</td></tr><tr class="row-set-end"></tr><tr class="row-set-start" name="hudson-tasks-Ant$AntInstallation" style="display:none" id="rowSetStart24" path="/hudson-tasks-Ant$AntInstallation"></tr><tr nameref="rowSetStart24"><td colspan="3"><div class="section-header"><a class="section-anchor" id="section44">#</a>Ant</div></td></tr><tr nameref="rowSetStart24"><td class="setting-leftspace"> </td><td class="setting-name">Ant installations</td><td class="setting-main"><div class="repeated-container with-drag-drop"><div class="repeatable-insertion-point"></div><span class="yui-button yui-push-button repeatable-add" id="yui-gen8" name=""><span class="first-child"><button type="button" tabindex="0" id="yui-gen8-button" path="/hudson-tasks-Ant$AntInstallation/repeatable-add">Add Ant</button></span></span></div></td></tr><tr class="validation-error-area" nameref="rowSetStart24"><td colspan="2"></td><td></td></tr><tr nameref="rowSetStart24"><td colspan="2"></td><td class="setting-description">List of Ant installations on this system</td></tr><tr class="row-set-end"></tr><tr class="row-set-start" name="hudson-tasks-Maven$MavenInstallation" style="display:none" id="rowSetStart25" path="/hudson-tasks-Maven$MavenInstallation"></tr><tr nameref="rowSetStart25"><td colspan="3"><div class="section-header"><a class="section-anchor" id="section45">#</a>Maven</div></td></tr><tr nameref="rowSetStart25"><td class="setting-leftspace"> </td><td class="setting-name">Maven installations</td><td class="setting-main"><div class="repeated-container with-drag-drop"><div class="repeatable-insertion-point"></div><span class="yui-button yui-push-button repeatable-add" id="yui-gen9" name=""><span class="first-child"><button type="button" tabindex="0" id="yui-gen9-button" path="/hudson-tasks-Maven$MavenInstallation/repeatable-add">Add Maven</button></span></span></div></td></tr><tr class="validation-error-area" nameref="rowSetStart25"><td colspan="2"></td><td></td></tr><tr nameref="rowSetStart25"><td colspan="2"></td><td class="setting-description">List of Maven installations on this system</td></tr><tr class="row-set-end"></tr><tr class="row-set-start" name="hudson-maven-MavenModuleSet" style="display:none" id="rowSetStart26" path="/hudson-maven-MavenModuleSet"></tr><tr nameref="rowSetStart26"><td colspan="3"><div class="section-header"><a class="section-anchor" id="section46">#</a>Maven Project Configuration</div></td></tr><tr nameref="rowSetStart26"><td class="setting-leftspace"> </td><td class="setting-name">Global MAVEN_OPTS</td><td class="setting-main"><table cellspacing="0" cellpadding="0" border="0" style="width:100%"><tbody><tr><td width="*"><input type="text" class="setting-input" name="globalMavenOpts" id="textarea.globalMavenOpts" path="/hudson-maven-MavenModuleSet/globalMavenOpts" /></td><td width="1"><input type="button" tooltip="Click to expand to multiple lines&lt;br /&gt;where you can use new lines instead of space.&lt;br /&gt;To revert back to single line, write everything in one line then submit." onclick="expandTextArea(this,'textarea.globalMavenOpts')" value="▼" title="Click to expand to multiple lines&lt;br /&gt;where you can use new lines instead of space.&lt;br /&gt;To revert back to single line, write everything in one line then submit." /></td></tr></tbody></table></td><td class="setting-help"><a helpurl="/plugin/maven-plugin/maven-opts.html" href="#" class="help-button" tabindex="9999"><img width="16" height="16" src="/static/2313d750/images/16x16/help.png" alt="Help for feature: Global MAVEN_OPTS" /></a></td></tr><tr class="validation-error-area" nameref="rowSetStart26"><td colspan="2"></td><td></td></tr><tr class="help-area" nameref="rowSetStart26"><td></td><td colspan="2"><div class="help">Loading...</div></td><td></td></tr><tr nameref="rowSetStart26"><td class="setting-leftspace"> </td><td class="setting-name">Local Maven Repository</td><td class="setting-main"><select class="setting-input dropdownList" path="/hudson-maven-MavenModuleSet/"><option value="0" selected="true">Default (~/.m2/repository)</option><option value="1">Local to the executor</option><option value="2">Local to the workspace</option></select></td><td class="setting-help"><a helpurl="/descriptor/hudson.maven.MavenModuleSet/help/localRepository" href="#" class="help-button" tabindex="9999"><img width="16" height="16" src="/static/2313d750/images/16x16/help.png" alt="Help for feature: Local Maven Repository" /></a></td></tr><tr class="dropdownList-container" nameref="rowSetStart26"><td colspan="2"></td><td colspan="2"><table width="100%" name="localRepository" path="/hudson-maven-MavenModuleSet/localRepository"><tbody><tr class="dropdownList-start rowvg-start"><td style="display:none"><input type="hidden" value="hudson.maven.local_repo.DefaultLocalRepositoryLocator" name="stapler-class" path="/hudson-maven-MavenModuleSet/localRepository/stapler-class" /></td></tr><tr class="dropdownList-end rowvg-end"></tr><tr class="dropdownList-start rowvg-start" style="display: none;" field-disabled="true"><td style="display:none"><input type="hidden" value="hudson.maven.local_repo.PerExecutorLocalRepositoryLocator" name="stapler-class" /></td></tr><tr proxy="makeStaplerProxy('/$stapler/bound/91b8bd91-9164-4f41-8be8-f793d799bca4','12945770-e11b-46f0-9396-34fb0d6d9739',['render'])" class="render-on-demand " style="display: none;" field-disabled="true"></tr><tr class="dropdownList-end rowvg-end"></tr><tr class="dropdownList-start rowvg-start" style="display: none;" field-disabled="true"><td style="display:none"><input type="hidden" value="hudson.maven.local_repo.PerJobLocalRepositoryLocator" name="stapler-class" /></td></tr><tr proxy="makeStaplerProxy('/$stapler/bound/cbdbc44e-7563-4f9d-be7e-bd3da73b06ec','12945770-e11b-46f0-9396-34fb0d6d9739',['render'])" class="render-on-demand " style="display: none;" field-disabled="true"></tr><tr class="dropdownList-end rowvg-end"></tr></tbody></table></td></tr><tr class="help-area" nameref="rowSetStart26"><td></td><td colspan="2"><div class="help">Loading...</div></td><td></td></tr><tr class="row-set-end"></tr><tr class="row-set-start" name="hudson-model-UsageStatistics" style="display:none" id="rowSetStart27" path="/hudson-model-UsageStatistics"></tr><tr hashelp="true" class="optional-block-start row-set-start" ref="cb7" nameref="rowSetStart27"><td colspan="3"><input type="checkbox" checked="true" onclick="javascript:updateOptionalBlock(this,true)" class=" " name="_.usageStatisticsCollected" id="cb7" path="/hudson-model-UsageStatistics/usageStatisticsCollected" /><label class="attach-previous">Help make Jenkins better by sending anonymous usage statistics and crash reports to the Jenkins project.</label></td><td><a helpurl="/descriptor/hudson.model.UsageStatistics/help/usageStatisticsCollected" href="#" class="help-button" tabindex="9999"><img width="16" height="16" src="/static/2313d750/images/16x16/help.png" alt="Help for feature: Help make Jenkins better by sending anonymous usage statistics and crash reports to the Jenkins project." /></a></td></tr><tr class="help-area" nameref="cb7"><td></td><td colspan="2"><div class="help">Loading...</div></td><td></td></tr><tr class="rowvg-start" nameref="cb7"></tr><tr class="row-set-end rowvg-end optional-block-end" nameref="rowSetStart27"></tr><tr class="row-set-end"></tr><tr class="row-set-start" name="jenkins-model-ArtifactManagerConfiguration" style="display:none" id="rowSetStart28"></tr><tr class="row-set-end"></tr><tr class="row-set-start" name="jenkins-model-DownloadSettings" style="display:none" id="rowSetStart29" path="/jenkins-model-DownloadSettings"></tr><tr nameref="rowSetStart29"><td colspan="3"><div class="section-header"><a class="section-anchor" id="section47">#</a>Download Preferences</div></td></tr><tr nameref="rowSetStart29"><td class="setting-leftspace"> </td><td class="setting-name">Use Browser</td><td class="setting-main"><input type="checkbox" checked="true" class=" " name="_.useBrowser" path="/jenkins-model-DownloadSettings/useBrowser" /></td><td class="setting-help"><a helpurl="/descriptor/jenkins.model.DownloadSettings/help/useBrowser" href="#" class="help-button" tabindex="9999"><img width="16" height="16" src="/static/2313d750/images/16x16/help.png" alt="Help for feature: Use Browser" /></a></td></tr><tr class="validation-error-area" nameref="rowSetStart29"><td colspan="2"></td><td></td></tr><tr class="help-area" nameref="rowSetStart29"><td></td><td colspan="2"><div class="help">Loading...</div></td><td></td></tr><tr class="row-set-end"></tr><tr class="row-set-start" name="jenkins-model-JenkinsLocationConfiguration" style="display:none" id="rowSetStart30" path="/jenkins-model-JenkinsLocationConfiguration"></tr><tr nameref="rowSetStart30"><td colspan="3"><div class="section-header"><a class="section-anchor" id="section48">#</a>Jenkins Location</div></td></tr><tr nameref="rowSetStart30"><td class="setting-leftspace"> </td><td class="setting-name">Jenkins URL</td><td class="setting-main">
   

  
  <input type="text" class="setting-input validated  " value="http://127.0.0.1:61503/" name="_.url" checkurl="/descriptorByName/jenkins.model.JenkinsLocationConfiguration/checkUrl" default="http://127.0.0.1:61503/" checkdependson="" path="/jenkins-model-JenkinsLocationConfiguration/url" /></td><td class="setting-help"><a helpurl="/descriptor/jenkins.model.JenkinsLocationConfiguration/help/url" href="#" class="help-button" tabindex="9999"><img width="16" height="16" src="/static/2313d750/images/16x16/help.png" alt="Help for feature: Jenkins URL" /></a></td></tr><tr class="validation-error-area" nameref="rowSetStart30"><td colspan="2"></td><td><div></div></td></tr><tr class="help-area" nameref="rowSetStart30"><td></td><td colspan="2"><div class="help">Loading...</div></td><td></td></tr><tr nameref="rowSetStart30"><td class="setting-leftspace"> </td><td class="setting-name">System Admin e-mail address</td><td class="setting-main">
   

  
  <input type="text" class="setting-input validated  " value="address not configured yet &lt;nobody@nowhere&gt;" name="_.adminAddress" checkurl="/descriptorByName/jenkins.model.JenkinsLocationConfiguration/checkAdminAddress" checkdependson="" path="/jenkins-model-JenkinsLocationConfiguration/adminAddress" /></td><td class="setting-help"><a helpurl="/descriptor/jenkins.model.JenkinsLocationConfiguration/help/adminAddress" href="#" class="help-button" tabindex="9999"><img width="16" height="16" src="/static/2313d750/images/16x16/help.png" alt="Help for feature: System Admin e-mail address" /></a></td></tr><tr class="validation-error-area" nameref="rowSetStart30"><td colspan="2"></td><td><div></div></td></tr><tr class="help-area" nameref="rowSetStart30"><td></td><td colspan="2"><div class="help">Loading...</div></td><td></td></tr><tr class="row-set-end"></tr><tr class="row-set-start" name="org-jenkinsci-main-modules-sshd-SSHD" style="display:none" id="rowSetStart31" path="/org-jenkinsci-main-modules-sshd-SSHD"></tr><tr nameref="rowSetStart31"><td colspan="3"><div class="section-header"><a class="section-anchor" id="section49">#</a>SSH Server</div></td></tr><tr nameref="rowSetStart31"><td class="setting-leftspace"> </td><td class="setting-name">SSHD Port</td><td class="setting-main"><div name="port" path="/org-jenkinsci-main-modules-sshd-SSHD/port"><label><input type="radio" onclick="$('portId').disabled=false" value="fixed" name="port.type" path="/org-jenkinsci-main-modules-sshd-SSHD/port/type[fixed]" />Fixed : </label><input type="number" step="1" max="65535" min="0" disabled="true" id="portId" name="value" class="number" path="/org-jenkinsci-main-modules-sshd-SSHD/port/value" /> <label><input type="radio" checked="true" onclick="$('portId').disabled=true" value="random" name="port.type" path="/org-jenkinsci-main-modules-sshd-SSHD/port/type[random]" />Random</label> <label><input type="radio" onclick="$('portId').disabled=true" value="disable" name="port.type" path="/org-jenkinsci-main-modules-sshd-SSHD/port/type[disable]" />Disable</label></div></td><td class="setting-help"><a helpurl="/descriptor/org.jenkinsci.main.modules.sshd.SSHD/help/port" href="#" class="help-button" tabindex="9999"><img width="16" height="16" src="/static/2313d750/images/16x16/help.png" alt="Help for feature: SSHD Port" /></a></td></tr><tr class="validation-error-area" nameref="rowSetStart31"><td colspan="2"></td><td></td></tr><tr class="help-area" nameref="rowSetStart31"><td></td><td colspan="2"><div class="help">Loading...</div></td><td></td></tr><tr class="row-set-end"></tr><tr class="row-set-start" name="hudson-scm-CVSSCM" style="display:none" id="rowSetStart32" path="/hudson-scm-CVSSCM"></tr><tr nameref="rowSetStart32"><td colspan="3"><div class="section-header"><a class="section-anchor" id="section50">#</a>CVS</div></td></tr><tr nameref="rowSetStart32"><td class="setting-leftspace"> </td><td class="setting-name">Default Compression Level</td><td class="setting-main"><select name="cvsCompression" path="/hudson-scm-CVSSCM/cvsCompression"><option value="0">None</option><option value="1">1</option><option value="2">2</option><option value="3" selected="true">3 (Recommended)</option><option value="4">4</option><option value="5">5</option><option value="6">6</option><option value="7">7</option><option value="8">8</option><option value="9">9</option></select></td></tr><tr class="validation-error-area" nameref="rowSetStart32"><td colspan="2"></td><td></td></tr><tr nameref="rowSetStart32"><td class="setting-leftspace"> </td><td class="setting-name">Private Key Location</td><td class="setting-main">
   

  
  <input type="text" class="setting-input   " value="/home/hafner/.ssh/id_rsa" name="privateKeyLocation" path="/hudson-scm-CVSSCM/privateKeyLocation" /></td></tr><tr class="validation-error-area" nameref="rowSetStart32"><td colspan="2"></td><td></td></tr><tr nameref="rowSetStart32"><td class="setting-leftspace"> </td><td class="setting-name">Private Key Password</td><td class="setting-main"><input type="password" class="setting-input " value="" name="privateKeyPassword" path="/hudson-scm-CVSSCM/privateKeyPassword" /></td></tr><tr class="validation-error-area" nameref="rowSetStart32"><td colspan="2"></td><td></td></tr><tr nameref="rowSetStart32"><td class="setting-leftspace"> </td><td class="setting-name">Known Hosts Location</td><td class="setting-main">
   

  
  <input type="text" class="setting-input   " value="/home/hafner/.ssh/known_hosts" name="knownHostsLocation" path="/hudson-scm-CVSSCM/knownHostsLocation" /></td></tr><tr class="validation-error-area" nameref="rowSetStart32"><td colspan="2"></td><td></td></tr><tr nameref="rowSetStart32"><td class="setting-leftspace"> </td><td class="setting-name">Authentication</td><td class="setting-main"><div class="repeated-container"><div class="repeatable-insertion-point"></div><span class="yui-button yui-push-button repeatable-add" id="yui-gen10" name=""><span class="first-child"><button type="button" tabindex="0" id="yui-gen10-button" path="/hudson-scm-CVSSCM/repeatable-add">Add</button></span></span></div></td></tr><tr class="validation-error-area" nameref="rowSetStart32"><td colspan="2"></td><td></td></tr><tr class="row-set-end"></tr><tr class="row-set-start" name="hudson-scm-SubversionSCM" style="display:none" id="rowSetStart33" path="/hudson-scm-SubversionSCM"></tr><tr nameref="rowSetStart33"><td colspan="3"><div class="section-header"><a class="section-anchor" id="section51">#</a>Subversion</div></td></tr><tr nameref="rowSetStart33"><td class="setting-leftspace"> </td><td class="setting-name">Subversion Workspace Version</td><td class="setting-main"><select name="svn.workspaceFormat" path="/hudson-scm-SubversionSCM/workspaceFormat"><option value="8" selected="true">1.4</option><option value="9">1.5</option><option value="10">1.6 (svn:externals to file)</option><option value="100">1.7</option></select></td><td class="setting-help"><a helpurl="/descriptor/hudson.scm.SubversionSCM/help/workspaceFormat" href="#" class="help-button" tabindex="9999"><img width="16" height="16" src="/static/2313d750/images/16x16/help.png" alt="Help for feature: Subversion Workspace Version" /></a></td></tr><tr class="validation-error-area" nameref="rowSetStart33"><td colspan="2"></td><td></td></tr><tr class="help-area" nameref="rowSetStart33"><td></td><td colspan="2"><div class="help">Loading...</div></td><td></td></tr><tr nameref="rowSetStart33"><td class="setting-leftspace"> </td><td class="setting-name">Exclusion revprop name</td><td class="setting-main">
   

  
  <input type="text" class="setting-input   " value="" name="svn.global_excluded_revprop" path="/hudson-scm-SubversionSCM/global_excluded_revprop" /></td><td class="setting-help"><a helpurl="/descriptor/hudson.scm.SubversionSCM/help/excludedRevprop" href="#" class="help-button" tabindex="9999"><img width="16" height="16" src="/static/2313d750/images/16x16/help.png" alt="Help for feature: Exclusion revprop name" /></a></td></tr><tr class="validation-error-area" nameref="rowSetStart33"><td colspan="2"></td><td></td></tr><tr class="help-area" nameref="rowSetStart33"><td></td><td colspan="2"><div class="help">Loading...</div></td><td></td></tr><tr hashelp="true" class="optional-block-start row-set-start" ref="cb8" nameref="rowSetStart33"><td colspan="3"><input type="checkbox" onclick="javascript:updateOptionalBlock(this,true)" class=" " name="svn.validateRemoteUpToVar" id="cb8" path="/hudson-scm-SubversionSCM/validateRemoteUpToVar" /><label class="attach-previous">Validate repository URLs up to the first variable name</label></td><td><a helpurl="/descriptor/hudson.scm.SubversionSCM/help/validateRemoteUpToVar" href="#" class="help-button" tabindex="9999"><img width="16" height="16" src="/static/2313d750/images/16x16/help.png" alt="Help for feature: Validate repository URLs up to the first variable name" /></a></td></tr><tr class="help-area" nameref="cb8"><td></td><td colspan="2"><div class="help">Loading...</div></td><td></td></tr><tr class="rowvg-start" nameref="cb8" style="display: none;"></tr><tr class="row-set-end rowvg-end optional-block-end" nameref="rowSetStart33"></tr><tr hashelp="true" class="optional-block-start row-set-start" ref="cb9" nameref="rowSetStart33"><td colspan="3"><input type="checkbox" checked="true" onclick="javascript:updateOptionalBlock(this,true)" class=" " name="svn.storeAuthToDisk" id="cb9" path="/hudson-scm-SubversionSCM/storeAuthToDisk" /><label class="attach-previous">Update default Subversion credentials cache after successful authentication</label></td><td><a helpurl="/descriptor/hudson.scm.SubversionSCM/help/storeAuthToDisk" href="#" class="help-button" tabindex="9999"><img width="16" height="16" src="/static/2313d750/images/16x16/help.png" alt="Help for feature: Update default Subversion credentials cache after successful authentication" /></a></td></tr><tr class="help-area" nameref="cb9"><td></td><td colspan="2"><div class="help">Loading...</div></td><td></td></tr><tr class="rowvg-start" nameref="cb9"></tr><tr class="row-set-end rowvg-end optional-block-end" nameref="rowSetStart33"></tr><tr class="row-set-end"></tr><tr class="row-set-start" name="hudson-tasks-Shell" style="display:none" id="rowSetStart34" path="/hudson-tasks-Shell"></tr><tr nameref="rowSetStart34"><td colspan="3"><div class="section-header"><a class="section-anchor" id="section52">#</a>Shell</div></td></tr><tr nameref="rowSetStart34"><td class="setting-leftspace"> </td><td class="setting-name">Shell executable</td><td class="setting-main">
   

  
  <input type="text" class="setting-input validated  " value="" name="shell" checkurl="'/builder/Shell/check?value='+encodeURIComponent(this.value)" path="/hudson-tasks-Shell/shell" /></td><td class="setting-help"><a helpurl="/help/shell/shellexe.html" href="#" class="help-button" tabindex="9999"><img width="16" height="16" src="/static/2313d750/images/16x16/help.png" alt="Help for feature: Shell executable" /></a></td></tr><tr class="validation-error-area" nameref="rowSetStart34"><td colspan="2"></td><td><div></div></td></tr><tr class="help-area" nameref="rowSetStart34"><td></td><td colspan="2"><div class="help">Loading...</div></td><td></td></tr><tr class="row-set-end"></tr><tr class="row-set-start" name="hudson-tasks-Mailer" style="display:none" id="rowSetStart35" path="/hudson-tasks-Mailer"></tr><tr nameref="rowSetStart35"><td colspan="3"><div class="section-header"><a class="section-anchor" id="section53">#</a>E-mail Notification</div></td></tr><tr nameref="rowSetStart35"><td class="setting-leftspace"> </td><td class="setting-name">SMTP server</td><td class="setting-main">
   

  
  <input type="text" class="setting-input validated  " value="" name="_.smtpServer" checkurl="/descriptorByName/hudson.tasks.Mailer/checkSmtpServer" checkdependson="" path="/hudson-tasks-Mailer/smtpServer" /></td><td class="setting-help"><a helpurl="/descriptor/hudson.tasks.Mailer/help/smtpServer" href="#" class="help-button" tabindex="9999"><img width="16" height="16" src="/static/2313d750/images/16x16/help.png" alt="Help for feature: SMTP server" /></a></td></tr><tr class="validation-error-area" nameref="rowSetStart35"><td colspan="2"></td><td><div></div></td></tr><tr class="help-area" nameref="rowSetStart35"><td></td><td colspan="2"><div class="help">Loading...</div></td><td></td></tr><tr nameref="rowSetStart35"><td class="setting-leftspace"> </td><td class="setting-name">Default user e-mail suffix</td><td class="setting-main">
   

  
  <input type="text" class="setting-input validated  " value="" name="_.defaultSuffix" checkurl="/descriptorByName/hudson.tasks.Mailer/checkDefaultSuffix" checkdependson="" path="/hudson-tasks-Mailer/defaultSuffix" /></td><td class="setting-help"><a helpurl="/descriptor/hudson.tasks.Mailer/help/defaultSuffix" href="#" class="help-button" tabindex="9999"><img width="16" height="16" src="/static/2313d750/images/16x16/help.png" alt="Help for feature: Default user e-mail suffix" /></a></td></tr><tr class="validation-error-area" nameref="rowSetStart35"><td colspan="2"></td><td><div></div></td></tr><tr class="help-area" nameref="rowSetStart35"><td></td><td colspan="2"><div class="help">Loading...</div></td><td></td></tr><tr nameref="rowSetStart35"><td></td><td></td><td><div class="advancedLink" style=""><span style="" id="id82"><img tooltip="One or more fields in this block have been edited." src="/static/2313d750/images/16x16/document_edit.png" alt="One or more fields in this block have been edited." style="vertical-align: super" title="One or more fields in this block have been edited." /></span><span class="yui-button yui-push-button advanced-button advancedButton" id="yui-gen2" name=""><span class="first-child"><button type="button" tabindex="0" id="yui-gen2-button" path="/hudson-tasks-Mailer/advanced-button">Advanced...</button></span></span></div><table class="advancedBody"><tbody><tr hashelp="true" class="optional-block-start row-set-start" ref="cb10"><td colspan="3"><input type="checkbox" onclick="javascript:updateOptionalBlock(this,true)" class=" " name="useSMTPAuth" id="cb10" path="/hudson-tasks-Mailer/useSMTPAuth" /><label class="attach-previous">Use SMTP Authentication</label></td><td><a helpurl="/help/tasks/mailer/smtpAuth.html" href="#" class="help-button" tabindex="9999"><img width="16" height="16" src="/static/2313d750/images/16x16/help.png" alt="Help for feature: Use SMTP Authentication" /></a></td></tr><tr class="help-area" nameref="cb10"><td></td><td colspan="2"><div class="help">Loading...</div></td><td></td></tr><tr class="rowvg-start" nameref="cb10" style="display: none;"></tr><tr nameref="cb10" style="display: none;"><td class="setting-leftspace"> </td><td class="setting-name">User Name</td><td class="setting-main">
   

  
  <input type="text" class="setting-input   " value="" name="_.smtpAuthUserName" /></td></tr><tr class="validation-error-area" nameref="cb10" style="display: none;"><td colspan="2"></td><td></td></tr><tr nameref="cb10" style="display: none;"><td class="setting-leftspace"> </td><td class="setting-name">Password</td><td class="setting-main"><input type="password" class="setting-input " value="" name="_.smtpAuthPassword" /></td></tr><tr class="validation-error-area" nameref="cb10" style="display: none;"><td colspan="2"></td><td></td></tr><tr class="row-set-end rowvg-end optional-block-end"></tr><tr><td class="setting-leftspace"> </td><td class="setting-name">Use SSL</td><td class="setting-main"><input type="checkbox" class=" " name="_.useSsl" path="/hudson-tasks-Mailer/useSsl" /></td><td class="setting-help"><a helpurl="/descriptor/hudson.tasks.Mailer/help/useSsl" href="#" class="help-button" tabindex="9999"><img width="16" height="16" src="/static/2313d750/images/16x16/help.png" alt="Help for feature: Use SSL" /></a></td></tr><tr class="validation-error-area"><td colspan="2"></td><td></td></tr><tr class="help-area"><td></td><td colspan="2"><div class="help">Loading...</div></td><td></td></tr><tr><td class="setting-leftspace"> </td><td class="setting-name">SMTP Port</td><td class="setting-main">
   

  
  <input type="text" class="setting-input   " value="" name="_.smtpPort" path="/hudson-tasks-Mailer/smtpPort" /></td><td class="setting-help"><a helpurl="/descriptor/hudson.tasks.Mailer/help/smtpPort" href="#" class="help-button" tabindex="9999"><img width="16" height="16" src="/static/2313d750/images/16x16/help.png" alt="Help for feature: SMTP Port" /></a></td></tr><tr class="validation-error-area"><td colspan="2"></td><td></td></tr><tr class="help-area"><td></td><td colspan="2"><div class="help">Loading...</div></td><td></td></tr><tr><td class="setting-leftspace"> </td><td class="setting-name">Reply-To Address</td><td class="setting-main">
   

  
  <input type="text" class="setting-input   " value="" name="_.replyToAddress" path="/hudson-tasks-Mailer/replyToAddress" /></td></tr><tr class="validation-error-area"><td colspan="2"></td><td></td></tr><tr><td class="setting-leftspace"> </td><td class="setting-name">Charset</td><td class="setting-main">
   

  
  <input type="text" class="setting-input   " value="UTF-8" name="_.charset" path="/hudson-tasks-Mailer/charset" /></td></tr><tr class="validation-error-area"><td colspan="2"></td><td></td></tr></tbody></table><script>{
                      var span = $('id82');
                      if (span != null) {
                          span.style.display = '';
                      } else if (console &amp;&amp; console.log) {
                          console.log('no element id82 for [_.charset]');
                      }
                  }</script></td></tr><tr hashelp="false" class="optional-block-start row-set-start" ref="cb11" nameref="rowSetStart35"><td colspan="3"><input type="checkbox" onclick="javascript:updateOptionalBlock(this,true)" class=" " name="_." id="cb11" path="/hudson-tasks-Mailer/" /><label class="attach-previous">Test configuration by sending test e-mail</label></td></tr><tr class="rowvg-start" nameref="cb11" style="display: none;"></tr><tr nameref="cb11" style="display: none;"><td class="setting-leftspace"> </td><td class="setting-name">Test e-mail recipient</td><td class="setting-main">
   

  
  <input type="text" class="setting-input   " value="" name="sendTestMailTo" /></td></tr><tr class="validation-error-area" nameref="cb11" style="display: none;"><td colspan="2"></td><td></td></tr><tr nameref="cb11" style="display: none;"><td class="setting-leftspace"> </td><td class="setting-name"></td><td class="setting-main"><div style="float:right"><span class="yui-button yui-push-button yui-button validate-button" id="yui-gen13" name=""><span class="first-child"><button type="button" tabindex="0" id="yui-gen13-button">Test configuration</button></span></span></div><div style="display:none;"><img src="/static/2313d750/images/spinner.gif" /> 
    </div><div></div></td></tr><tr class="validation-error-area" nameref="cb11" style="display: none;"><td colspan="2"></td><td></td></tr><tr class="row-set-end rowvg-end optional-block-end" nameref="rowSetStart35"></tr><tr class="row-set-end"></tr><tr class="row-set-start" name="jenkins-plugins-publish_over_ssh-BapSshPublisherPlugin" style="display:none" id="rowSetStart37" path="/jenkins-plugins-publish_over_ssh-BapSshPublisherPlugin"></tr><tr nameref="rowSetStart37"><td colspan="3"><div class="section-header"><a class="section-anchor" id="section54">#</a>Publish over SSH</div></td></tr><tr nameref="rowSetStart37"><td class="setting-leftspace"> </td><td class="setting-name">Jenkins SSH Key</td><td class="setting-main"></td><td class="setting-help"><a helpurl="/descriptor/jenkins.plugins.publish_over_ssh.BapSshPublisherPlugin/help/defaultKeySummary" href="#" class="help-button" tabindex="9999"><img width="16" height="16" src="/static/2313d750/images/16x16/help.png" alt="Help for feature: Jenkins SSH Key" /></a></td></tr><tr class="validation-error-area" nameref="rowSetStart37"><td colspan="2"></td><td></td></tr><tr class="help-area" nameref="rowSetStart37"><td></td><td colspan="2"><div class="help">Loading...</div></td><td></td></tr><tr class="row-set-start" name="commonConfig" style="display:none" id="rowSetStart36" nameref="rowSetStart37" path="/jenkins-plugins-publish_over_ssh-BapSshPublisherPlugin/commonConfig"></tr><tr nameref="rowSetStart36"><td class="setting-leftspace"> </td><td class="setting-name">Passphrase</td><td class="setting-main"><input type="password" class="setting-input " value="" name="common.encryptedPassphrase" path="/jenkins-plugins-publish_over_ssh-BapSshPublisherPlugin/commonConfig/encryptedPassphrase" /></td><td class="setting-help"><a helpurl="/descriptor/jenkins.plugins.publish_over_ssh.BapSshCommonConfiguration/help/encryptedPassphrase" href="#" class="help-button" tabindex="9999"><img width="16" height="16" src="/static/2313d750/images/16x16/help.png" alt="Help for feature: Passphrase" /></a></td></tr><tr class="validation-error-area" nameref="rowSetStart36"><td colspan="2"></td><td></td></tr><tr class="help-area" nameref="rowSetStart36"><td></td><td colspan="2"><div class="help">Loading...</div></td><td></td></tr><tr nameref="rowSetStart36"><td class="setting-leftspace"> </td><td class="setting-name">Path to key</td><td class="setting-main">
   

  
  <input type="text" class="setting-input validated  " value="" name="common.keyPath" checkurl="/descriptorByName/jenkins.plugins.publish_over_ssh.BapSshCommonConfiguration/checkKeyPath" checkdependson="" path="/jenkins-plugins-publish_over_ssh-BapSshPublisherPlugin/commonConfig/keyPath" /></td><td class="setting-help"><a helpurl="/descriptor/jenkins.plugins.publish_over_ssh.BapSshCommonConfiguration/help/keyPath" href="#" class="help-button" tabindex="9999"><img width="16" height="16" src="/static/2313d750/images/16x16/help.png" alt="Help for feature: Path to key" /></a></td></tr><tr class="validation-error-area" nameref="rowSetStart36"><td colspan="2"></td><td><div></div></td></tr><tr class="help-area" nameref="rowSetStart36"><td></td><td colspan="2"><div class="help">Loading...</div></td><td></td></tr><tr nameref="rowSetStart36"><td class="setting-leftspace"> </td><td class="setting-name">Key</td><td class="setting-main"><textarea rows="5" class="setting-input   " name="common.key" path="/jenkins-plugins-publish_over_ssh-BapSshPublisherPlugin/commonConfig/key"></textarea><div class="textarea-handle"></div></td><td class="setting-help"><a helpurl="/descriptor/jenkins.plugins.publish_over_ssh.BapSshCommonConfiguration/help/key" href="#" class="help-button" tabindex="9999"><img width="16" height="16" src="/static/2313d750/images/16x16/help.png" alt="Help for feature: Key" /></a></td></tr><tr class="validation-error-area" nameref="rowSetStart36"><td colspan="2"></td><td></td></tr><tr class="help-area" nameref="rowSetStart36"><td></td><td colspan="2"><div class="help">Loading...</div></td><td></td></tr><tr nameref="rowSetStart36"><td class="setting-leftspace"> </td><td class="setting-name">Disable exec</td><td class="setting-main"><input type="checkbox" class=" " name="common.disableAllExec" path="/jenkins-plugins-publish_over_ssh-BapSshPublisherPlugin/commonConfig/disableAllExec" /></td><td class="setting-help"><a helpurl="/descriptor/jenkins.plugins.publish_over_ssh.BapSshCommonConfiguration/help/disableAllExec" href="#" class="help-button" tabindex="9999"><img width="16" height="16" src="/static/2313d750/images/16x16/help.png" alt="Help for feature: Disable exec" /></a></td></tr><tr class="validation-error-area" nameref="rowSetStart36"><td colspan="2"></td><td></td></tr><tr class="help-area" nameref="rowSetStart36"><td></td><td colspan="2"><div class="help">Loading...</div></td><td></td></tr><tr class="row-set-end" nameref="rowSetStart37"></tr><tr nameref="rowSetStart37"><td class="setting-leftspace"> </td><td class="setting-name">SSH Servers</td><td class="setting-main"><div class="repeated-container with-drag-drop"><div class="repeatable-insertion-point"></div><span class="yui-button yui-push-button repeatable-add" id="yui-gen11" name=""><span class="first-child"><button type="button" tabindex="0" id="yui-gen11-button" path="/jenkins-plugins-publish_over_ssh-BapSshPublisherPlugin/repeatable-add">Add</button></span></span></div></td></tr><tr class="validation-error-area" nameref="rowSetStart37"><td colspan="2"></td><td></td></tr><tr nameref="rowSetStart37"><td></td><td></td><td><div class="advancedLink" style=""><span style="display: none" id="id84"><img tooltip="One or more fields in this block have been edited." src="/static/2313d750/images/16x16/document_edit.png" alt="One or more fields in this block have been edited." style="vertical-align: super" title="One or more fields in this block have been edited." /></span><span class="yui-button yui-push-button advanced-button advancedButton" id="yui-gen3" name=""><span class="first-child"><button type="button" tabindex="0" id="yui-gen3-button" path="/jenkins-plugins-publish_over_ssh-BapSshPublisherPlugin/advanced-button">Advanced...</button></span></span></div><table class="advancedBody"><tbody><tr><td class="setting-leftspace"> </td><td class="setting-name"></td><td class="setting-main"></td></tr><tr><td class="setting-leftspace"> </td><td class="setting-name">Publisher defaults</td><td class="setting-main"><select class="setting-input dropdownList" path="/jenkins-plugins-publish_over_ssh-BapSshPublisherPlugin/"><option value="0">Configure defaults</option><option value="1" selected="true">Use plugin defaults</option></select></td></tr><tr class="dropdownList-container"><td colspan="2"></td><td colspan="2"><table width="100%" name="defaults" path="/jenkins-plugins-publish_over_ssh-BapSshPublisherPlugin/defaults"><tbody><tr class="dropdownList-start rowvg-start" style="display: none;" field-disabled="true"><td style="display:none"><input type="hidden" value="jenkins.plugins.publish_over_ssh.options.SshOverrideDefaults" name="stapler-class" /></td></tr><tr proxy="makeStaplerProxy('/$stapler/bound/fc5d7224-d5eb-43cd-a3ee-4e278d71e94d','12945770-e11b-46f0-9396-34fb0d6d9739',['render'])" class="render-on-demand " style="display: none;" field-disabled="true"></tr><tr class="dropdownList-end rowvg-end"></tr><tr class="dropdownList-start rowvg-start"><td style="display:none"><input type="hidden" value="jenkins.plugins.publish_over_ssh.options.SshPluginDefaults" name="stapler-class" path="/jenkins-plugins-publish_over_ssh-BapSshPublisherPlugin/defaults/stapler-class" /></td></tr><tr class="dropdownList-end rowvg-end"></tr></tbody></table></td></tr><tr class="validation-error-area"><td colspan="2"></td><td></td></tr></tbody></table></td></tr><tr class="row-set-end"></tr><tr class="row-set-start" name="hudson-triggers-SCMTrigger" style="display:none" id="rowSetStart38"></tr><tr class="row-set-end"></tr><tr class="row-set-start" name="jenkins-model-GlobalCloudConfiguration" style="display:none" id="rowSetStart39"></tr><tr class="row-set-end"></tr><tr><td colspan="3"><div style="height: 62px;"></div><div id="bottom-sticker" style="position: fixed; bottom: 0px; left: 193px;"><div class="bottom-sticker-edge"></div><div class="bottom-sticker-inner"><span class="yui-button yui-submit-button submit-button" id="yui-gen12" name="Submit" path="/Submit"><span class="first-child"><button type="button" tabindex="0" id="yui-gen12-button">Save</button></span></span><script type="text/javascript" src="/adjuncts/2313d750/lib/form/apply/apply.js"></script><input type="hidden" value="" name="core:apply" path="/core:apply" /><span class="yui-button yui-push-button apply-button applyButton" id="yui-gen4" name="Apply" path="/Apply"><span class="first-child"><button type="button" tabindex="0" id="yui-gen4-button" path="/Apply/apply-button">Apply</button></span></span></div></div></td></tr></tbody></table><div><input type="hidden" value="init" name="json" /></div></form></td></tr></tbody></table><table width="100%"><tbody><tr><td id="footer"><div style="display: block; float: left;" id="l10n-footer"><a onclick="return showTranslationDialog();" href="#"><img src="/static/2313d750/plugin/translation/flags.png" />
      Help us localize this page
    </a></div><span style="padding-right:2em; color:gray">
          Page generated:
          May 26, 2014 11:52:42 AM</span><span style="padding-right:2em"><a href="api/">REST API</a></span><a href="http://jenkins-ci.org/">Jenkins ver. 1.560</a></td></tr></tbody></table><div class="dialog" id="l10n-dialog"></div><script>var footer = document.getElementById('l10n-footer');
    var f = document.getElementById('footer');
    f.insertBefore(footer,f.firstChild);
    footer.style.display="block";

    var translation={}; 
    translation.bundles = "l22Glb85RhzfJ61Gv4LhWiEktnX8MACgxzrpn3N7QzZ/Euk6WtrXEHZfbbbxWDCF7W2vhkMN8LInH4zj9mMnCtZdu9NnUCLNdlT1gEGmcV5jc2gdP0q80ATmNeAOiiO4iTITU8GvPMclEM8jjNupJ/J4Bjb+JT5OssE8BaF9TTBDkZ5Y7Zmydu97VS2dnuf9J/R08GUWPVM61M6dxDH+Yfi9ol/AkFvFcsoGBFWvWT5PLp/ZZk6prOGSmYFEyuaL1PYtKQoF8c4gp/KtGTge0//chLPRV1TiTT7g95dCghOnOgNzTVtbiofH2ohw+EYpeYxGHNXQjkkw6Lb/pYgZGbLarweuVDNT4WlycrfnPc3zb6LSHhVm35MKTVeuwB8FVmMpBsOzieN4GMalc+T6RRyAD/BfEKzj7PXai9HSDeIURcCOWW9y3evf7TQ8Bf7e1VAHycd/ctQvl1Ug7lg1kZphgScPN9/g//753oFQzSoJeglFSoBrN30AviDtTyaxAQpzzo8kYGULFBMDExi/CkedDZUM/iHX6yQak2zZQgozjStX+SnDpYzn+/lS/KikhfHogL35q28AmFyHODqgSdwLxls0fGnVfVfH7P914OVHRaCVmBTMMkYDdDnWhTM3v1hPRrGAMBOKLCR7BOOuHxoM7Kyt26XvAdxhjU5WsFVz56/m2s75xsrc5LVQVXk+Bt8xZ3zBpBQ3OUebGEeQbvIQNG1LniQJU662wMFr+d3IptEWXHvmAXVUhV0mG6w9mkVpMtJN/TFBvRUbDgpYlKXhFDBsNYSF6e7s3JGL90k7CG0sE5+jTd+BRSru11O/MYN1VQikmGccwJwjnyBsFcItlQuCldsYnEBvR3XoczagJbnfrjnWQEAQ6mrJzVcycNGJPdDw16S+yo8+hksSyHmXXP/5/coKCzlpjKBAe4ZvcdnNZrVDviaQuOzwANWfnUPydrtJh4YOfb+u7WoVRFTY+WBaDgS1i+DvM0urBoCfTPgP+sExWVND43YPYqC3axQlYzAr2v256x6Ri+WKghJWpH5Ydpw3EPSUnDozCnRzr4vVsFpQvFNWwNobssHzwQcw9nDK3ktsrRfsY4DeByu8f0gv3gaO4xhoM0J/oIcYrGjQibCaBUsWAt7j57imJhzFJvMk4WOChJ5Gpx1/o2tKP0R3IVTY9Xxp4doA7eAtkp2xZpO02RNyaE8r4S0Dm2vCxo1uScOOUQw9C8k9fX50K+KCRSsVWrUNxkUy7S2JLEQVAXeUasPxEGYnU2nAuD/usiRQ9Vi+a6CksEDGTFv0aKId8+URo8n7LDSoOc2VeoseMr6w9MjQHf4W/ohqQdN65yGhfmaQ3fJygQVpQu++WATFv57TgwjuIuGkAv8m0kB1FwNJfzRKs3h9UnsymiMVZ6Iyc+4SOvW4GrbTVOKJ6al4XRochQ1THDcP5S1F7e75YRUEh/Zq7ZAnMfU86dW0L8LNQRBxa2U+OVotO8x/YTVg41dd85txs4713NQ9cvQeuVKwx7ZUtWZ66SfZxGfWkFS08z8xtG9TytHZ8Phb97H7ExsC1wnFwJV4ANu7prJm+aD5vKGl7836f2t+4mtWp/Vmo6VVT96VkC/LrzDTZECirBJ/RBIBtWwxEzb3Bw+rCD/eTOZF/vg1XL2Jff8CYzlBCnOLRf4tHxoGKNEmYtenRpu6swSDZiqRTlVwPXO8FAnUckmOKwvf61Fyc5knEGQ7HlKEKG6ZFEzZoLQL/rDi7xyJsWdO677d4S31V45TzGQ1XwNMxH24rTLYfDktyXXnKg2CzLXAOeubwYlV75ah2goNuRILKlHSnxQE/87bkA9y4m5k9MMBr1tEPS4pBNlY5Dh5m6kqjGAwAy9sKd+secyTAuC8nB4zeCrrcefWfOWQzPEysaJ11eHlC6iGn+qjEb4aa6fbuXAEweLQwmkeOoYeav5i/Xv5DXTHDILLyFCZitnrdBYus3yC";
    translation.detectedLocale = "";

    function showTranslationDialog() {
      if(!translation.launchDialog)
        loadScript("/static/2313d750/plugin/translation/dialog.js");
      else
        translation.launchDialog();
      return false; 
    }</script><script src="/static/2313d750/plugin/form-element-path/script.js"></script></body></html>
For documentation on this error, please visit: http://seleniumhq.org/exceptions/no_such_element.html
Build info: version: '2.41.0', revision: '3192d8a6c4449dc285928ba024779344f5423c58', time: '2014-03-27 11:29:39'
System info: host: 'killerloop', ip: '127.0.1.1', os.name: 'Linux', os.arch: 'amd64', os.version: '3.13.0-24-generic', java.version: '1.7.0_55'
Driver info: driver.version: unknown
	at org.jenkinsci.test.acceptance.po.CapybaraPortingLayer.find(CapybaraPortingLayer.java:170)
	at org.jenkinsci.test.acceptance.po.CapybaraPortingLayer.last(CapybaraPortingLayer.java:248)
	at org.jenkinsci.test.acceptance.plugins.publish_over_ssh.PublishOverSSHGlobalConfig.setCommonConfig(PublishOverSSHGlobalConfig.java:26)
	at plugins.PublishOverSSHPluginTest.commonConfigKeyFile(PublishOverSSHPluginTest.java:38)
	at plugins.PublishOverSSHPluginTest.ssh_key_path_and_no_password_publishing(PublishOverSSHPluginTest.java:170)
	at sun.reflect.NativeMethodAccessorImpl.invoke0(Native Method)
	at sun.reflect.NativeMethodAccessorImpl.invoke(NativeMethodAccessorImpl.java:57)
	at sun.reflect.DelegatingMethodAccessorImpl.invoke(DelegatingMethodAccessorImpl.java:43)
	at java.lang.reflect.Method.invoke(Method.java:606)
	at org.junit.runners.model.FrameworkMethod$1.runReflectiveCall(FrameworkMethod.java:47)
	at org.junit.internal.runners.model.ReflectiveCallable.run(ReflectiveCallable.java:12)
	at org.junit.runners.model.FrameworkMethod.invokeExplosively(FrameworkMethod.java:44)
	at org.junit.internal.runners.statements.InvokeMethod.evaluate(InvokeMethod.java:17)
	at org.jenkinsci.test.acceptance.junit.WithPlugins$RuleImpl$1.evaluate(WithPlugins.java:72)
	at org.jenkinsci.test.acceptance.junit.Native$RuleImpl$1.evaluate(Native.java:48)
	at org.jenkinsci.test.acceptance.junit.JenkinsAcceptanceTestRule$1.evaluate(JenkinsAcceptanceTestRule.java:55)
	at org.junit.runners.ParentRunner.runLeaf(ParentRunner.java:271)
	at org.junit.runners.BlockJUnit4ClassRunner.runChild(BlockJUnit4ClassRunner.java:70)
	at org.junit.runners.BlockJUnit4ClassRunner.runChild(BlockJUnit4ClassRunner.java:50)
	at org.junit.runners.ParentRunner$3.run(ParentRunner.java:238)
	at org.junit.runners.ParentRunner$1.schedule(ParentRunner.java:63)
	at org.junit.runners.ParentRunner.runChildren(ParentRunner.java:236)
	at org.junit.runners.ParentRunner.access$000(ParentRunner.java:53)
	at org.junit.runners.ParentRunner$2.evaluate(ParentRunner.java:229)
	at org.junit.runners.ParentRunner.run(ParentRunner.java:309)
	at org.apache.maven.surefire.junit4.JUnit4Provider.execute(JUnit4Provider.java:254)
	at org.apache.maven.surefire.junit4.JUnit4Provider.executeTestSet(JUnit4Provider.java:149)
	at org.apache.maven.surefire.junit4.JUnit4Provider.invoke(JUnit4Provider.java:124)
	at org.apache.maven.surefire.booter.ForkedBooter.invokeProviderInSameClassLoader(ForkedBooter.java:200)
	at org.apache.maven.surefire.booter.ForkedBooter.runSuitesInProcess(ForkedBooter.java:153)
	at org.apache.maven.surefire.booter.ForkedBooter.main(ForkedBooter.java:103)
Caused by: org.openqa.selenium.NoSuchElementException: Unable to locate visible By.xpath: .//tr[@name='commonConfig'][starts-with(@path,'/jenkins-plugins-publish_over_ssh-BapSshPublisherPlugin/')] in http://127.0.0.1:61503/configure
For documentation on this error, please visit: http://seleniumhq.org/exceptions/no_such_element.html
Build info: version: '2.41.0', revision: '3192d8a6c4449dc285928ba024779344f5423c58', time: '2014-03-27 11:29:39'
System info: host: 'killerloop', ip: '127.0.1.1', os.name: 'Linux', os.arch: 'amd64', os.version: '3.13.0-24-generic', java.version: '1.7.0_55'
Driver info: driver.version: unknown
	at org.jenkinsci.test.acceptance.po.CapybaraPortingLayer.find(CapybaraPortingLayer.java:166)
	... 30 more
It looks like the test failed/errored, so here's the console from Jenkins:
--------------------------------------------------------------------------
Running from: /home/hafner/Documents/acceptance-test-harness/jenkins.war
webroot: System.getProperty("JENKINS_HOME")
May 26, 2014 11:50:31 AM winstone.Logger logInternal
INFO: Beginning extraction from war file
May 26, 2014 11:50:34 AM org.eclipse.jetty.util.log.JavaUtilLog info
INFO: jetty-8.y.z-SNAPSHOT
May 26, 2014 11:50:37 AM org.eclipse.jetty.util.log.JavaUtilLog info
INFO: NO JSP Support for , did not find org.apache.jasper.servlet.JspServlet
Jenkins home directory: /home/hafner/Documents/acceptance-test-harness/target/jenkins2417964082362435880home found at: System.getProperty("JENKINS_HOME")
May 26, 2014 11:50:39 AM org.eclipse.jetty.util.log.JavaUtilLog info
INFO: Started SelectChannelConnector@0.0.0.0:61503
May 26, 2014 11:50:39 AM winstone.Logger logInternal
INFO: Winstone Servlet Engine v2.0 running: controlPort=disabled
May 26, 2014 11:50:40 AM jenkins.InitReactorRunner$1 onAttained
INFO: Started initialization
May 26, 2014 11:51:08 AM jenkins.InitReactorRunner$1 onAttained
INFO: Listed all plugins
May 26, 2014 11:51:08 AM jenkins.InitReactorRunner$1 onAttained
INFO: Prepared all plugins
May 26, 2014 11:51:08 AM jenkins.InitReactorRunner$1 onAttained
INFO: Started all plugins
May 26, 2014 11:51:12 AM jenkins.InitReactorRunner$1 onAttained
INFO: Augmented all extensions
May 26, 2014 11:51:12 AM jenkins.InitReactorRunner$1 onAttained
INFO: Loaded all jobs
May 26, 2014 11:51:16 AM org.jenkinsci.main.modules.sshd.SSHD start
INFO: Started SSHD at port 38475
May 26, 2014 11:51:16 AM jenkins.InitReactorRunner$1 onAttained
INFO: Completed initialization
May 26, 2014 11:51:16 AM hudson.TcpSlaveAgentListener <init>
INFO: JNLP slave agent listener started on TCP port 37000
May 26, 2014 11:51:16 AM hudson.WebAppMain$3 run
INFO: Jenkins is fully up and running
Effective SlaveRestarter on master: null
May 26, 2014 11:51:26 AM hudson.model.DownloadService$Downloadable load
INFO: Obtained the updated data file for hudson.tasks.Ant.AntInstaller
May 26, 2014 11:51:26 AM hudson.model.DownloadService$Downloadable load
INFO: Obtained the updated data file for hudson.tasks.Maven.MavenInstaller
May 26, 2014 11:51:29 AM hudson.model.UpdateCenter$DownloadJob run
INFO: Starting the installation of publish-over-ssh on behalf of anonymous
May 26, 2014 11:51:29 AM hudson.model.UpdateCenter$UpdateCenterConfiguration download
INFO: Downloading publish-over-ssh
May 26, 2014 11:51:29 AM hudson.PluginManager dynamicLoad
INFO: Attempting to dynamic load /home/hafner/Documents/acceptance-test-harness/target/jenkins2417964082362435880home/plugins/publish-over-ssh.jpi
May 26, 2014 11:51:31 AM hudson.model.DownloadService$Downloadable load
INFO: Obtained the updated data file for hudson.tools.JDKInstaller
May 26, 2014 11:51:34 AM hudson.model.UpdateSite updateData
INFO: Obtained the latest update center data file for UpdateSource default
May 26, 2014 11:51:37 AM jenkins.InitReactorRunner$1 onAttained
INFO: Started initialization
May 26, 2014 11:51:37 AM jenkins.InitReactorRunner$1 onAttained
INFO: Listed all plugins
May 26, 2014 11:51:37 AM jenkins.InitReactorRunner$1 onAttained
INFO: Prepared all plugins
May 26, 2014 11:51:37 AM jenkins.InitReactorRunner$1 onAttained
INFO: Started all plugins
May 26, 2014 11:51:37 AM jenkins.InitReactorRunner$1 onAttained
INFO: Augmented all extensions
May 26, 2014 11:51:37 AM jenkins.InitReactorRunner$1 onAttained
INFO: Loaded all jobs
May 26, 2014 11:51:37 AM jenkins.InitReactorRunner$1 onAttained
INFO: Completed initialization
May 26, 2014 11:51:37 AM hudson.PluginManager dynamicLoad
INFO: Plugin publish-over-ssh dynamically installed
May 26, 2014 11:51:37 AM hudson.model.UpdateCenter$DownloadJob run
INFO: Installation successful: publish-over-ssh
May 26, 2014 11:51:43 AM jenkins.model.Jenkins$23 run
SEVERE: Restarting VM as requested by anonymous
Running from: /home/hafner/Documents/acceptance-test-harness/jenkins.war
webroot: System.getProperty("JENKINS_HOME")
May 26, 2014 11:51:45 AM winstone.Logger logInternal
INFO: Beginning extraction from war file
May 26, 2014 11:51:45 AM org.eclipse.jetty.util.log.JavaUtilLog info
INFO: jetty-8.y.z-SNAPSHOT
May 26, 2014 11:51:49 AM org.eclipse.jetty.util.log.JavaUtilLog info
INFO: NO JSP Support for , did not find org.apache.jasper.servlet.JspServlet
Jenkins home directory: /home/hafner/Documents/acceptance-test-harness/target/jenkins2417964082362435880home found at: System.getProperty("JENKINS_HOME")
May 26, 2014 11:51:51 AM org.eclipse.jetty.util.log.JavaUtilLog info
INFO: Started SelectChannelConnector@0.0.0.0:61503
May 26, 2014 11:51:51 AM winstone.Logger logInternal
INFO: Winstone Servlet Engine v2.0 running: controlPort=disabled
May 26, 2014 11:51:52 AM jenkins.InitReactorRunner$1 onAttained
INFO: Started initialization
May 26, 2014 11:51:52 AM jenkins.InitReactorRunner$1 onAttained
INFO: Listed all plugins
May 26, 2014 11:51:52 AM jenkins.InitReactorRunner$1 onAttained
INFO: Prepared all plugins
May 26, 2014 11:51:52 AM jenkins.InitReactorRunner$1 onAttained
INFO: Started all plugins
May 26, 2014 11:51:58 AM jenkins.InitReactorRunner$1 onAttained
INFO: Augmented all extensions
May 26, 2014 11:52:00 AM jenkins.InitReactorRunner$1 onAttained
INFO: Loaded all jobs
May 26, 2014 11:52:01 AM org.jenkinsci.main.modules.sshd.SSHD start
INFO: Started SSHD at port 51345
May 26, 2014 11:52:01 AM jenkins.InitReactorRunner$1 onAttained
INFO: Completed initialization
May 26, 2014 11:52:01 AM hudson.TcpSlaveAgentListener <init>
INFO: JNLP slave agent listener started on TCP port 48532
May 26, 2014 11:52:02 AM hudson.WebAppMain$3 run
INFO: Jenkins is fully up and running
Effective SlaveRestarter on master: null

]]></system-out>
    <system-err><![CDATA[May 26, 2014 11:50:30 AM org.jenkinsci.test.acceptance.controller.LocalController startNow
INFO: Waiting for Jenkins to become running in org.jenkinsci.test.acceptance.controller.WinstoneController@7ab0a77b
May 26, 2014 11:51:16 AM org.jenkinsci.test.acceptance.controller.LocalController startNow
INFO: Jenkins is running in org.jenkinsci.test.acceptance.controller.WinstoneController@7ab0a77b
]]></system-err>
  </testcase>
</testsuite>